#
# A fatal error has been detected by the Java Runtime Environment:
#
#  EXCEPTION_ACCESS_VIOLATION (0xc0000005) at pc=0x00007fff63f5c4c0, pid=4076, tid=14096
#
# JRE version: Java(TM) SE Runtime Environment (8.0_45-b15) (build 1.8.0_45-b15)
# Java VM: Java HotSpot(TM) 64-Bit Server VM (25.45-b02 mixed mode windows-amd64 compressed oops)
# Problematic frame:
# C  [gdal111.dll+0x63c4c0]
#
# Failed to write core dump. Minidumps are not enabled by default on client versions of Windows
#
# If you would like to submit a bug report, please visit:
#   http://bugreport.java.com/bugreport/crash.jsp
# The crash happened outside the Java Virtual Machine in native code.
# See problematic frame for where to report the bug.
#

---------------  T H R E A D  ---------------

Current thread (0x00000000023b6000):  JavaThread "main" [_thread_in_native, id=14096, stack(0x00000000022b0000,0x00000000023b0000)]

siginfo: ExceptionCode=0xc0000005, reading address 0x0000000000000008

Registers:
RAX=0x0000000000000000, RBX=0x00000000193caa80, RCX=0x0000000000000000, RDX=0x0000000000000002
RSP=0x00000000023af368, RBP=0x00000000023af3f0, RSI=0x00000000190be948, RDI=0x00000000024b7800
R8 =0x00007fff990d19b0, R9 =0x00007fff990d19b0, R10=0x0000000000000000, R11=0x0000000000000246
R12=0x0000000000000000, R13=0x00000000193caa80, R14=0x00000000023af428, R15=0x00000000023b6000
RIP=0x00007fff63f5c4c0, EFLAGS=0x0000000000010202

Top of Stack: (sp=0x00000000023af368)
0x00000000023af368:   00000000024c5e34 00000000005d9800
0x00000000023af378:   00000000023af408 0000000000000001
0x00000000023af388:   0000000000000000 0000000000000001
0x00000000023af398:   00000000024b7ced 00000000023af3a0
0x00000000023af3a8:   0000000000000000 00000000023af3b0
0x00000000023af3b8:   0000000000000000 00000000023af428
0x00000000023af3c8:   00000000193d03b0 0000000000000000
0x00000000023af3d8:   00000000193caa80 0000000000000000
0x00000000023af3e8:   00000000023af410 00000000023af470
0x00000000023af3f8:   00000000024b7730 0000000780ed8360
0x00000000023af408:   00000000024bf976 0000000000000001
0x00000000023af418:   0000000780f9cbb8 00000000005dc300
0x00000000023af428:   0000000019408c56 00000000023af430
0x00000000023af438:   000000001940a806 00000000023af488
0x00000000023af448:   000000001940a940 0000000000000000
0x00000000023af458:   000000001940a830 00000000023af410 

Instructions: (pc=0x00007fff63f5c4c0)
0x00007fff63f5c4a0:   cc cc cc cc cc cc cc cc cc cc cc cc cc cc cc cc
0x00007fff63f5c4b0:   48 8b 01 c3 cc cc cc cc cc cc cc cc cc cc cc cc
0x00007fff63f5c4c0:   8b 41 08 c3 cc cc cc cc cc cc cc cc cc cc cc cc
0x00007fff63f5c4d0:   89 51 08 c3 cc cc cc cc cc cc cc cc cc cc cc cc 


Register to memory mapping:

RAX=0x0000000000000000 is an unknown value
RBX={method} {0x00000000193caa88} 'Feature_GetFieldType__SWIG_0' '(JLorg/gdal/ogr/Feature;I)I' in 'org/gdal/ogr/ogrJNI'
RCX=0x0000000000000000 is an unknown value
RDX=0x0000000000000002 is an unknown value
RSP=0x00000000023af368 is pointing into the stack for thread: 0x00000000023b6000
RBP=0x00000000023af3f0 is pointing into the stack for thread: 0x00000000023b6000
RSI={method} {0x00000000190be950} 'afterNodeInsertion' '(Z)V' in 'java/util/HashMap'
RDI=0x00000000024b7800 is at code_begin+832 in an Interpreter codelet
invoke return entry points  [0x00000000024b74c0, 0x00000000024b7dc0]  2304 bytes
R8 =0x00007fff990d19b0 is an unknown value
R9 =0x00007fff990d19b0 is an unknown value
R10=0x0000000000000000 is an unknown value
R11=0x0000000000000246 is an unknown value
R12=0x0000000000000000 is an unknown value
R13={method} {0x00000000193caa88} 'Feature_GetFieldType__SWIG_0' '(JLorg/gdal/ogr/Feature;I)I' in 'org/gdal/ogr/ogrJNI'
R14=0x00000000023af428 is pointing into the stack for thread: 0x00000000023b6000
R15=0x00000000023b6000 is a thread


Stack: [0x00000000022b0000,0x00000000023b0000],  sp=0x00000000023af368,  free space=1020k
Native frames: (J=compiled Java code, j=interpreted, Vv=VM code, C=native code)
C  [gdal111.dll+0x63c4c0]

Java frames: (J=compiled Java code, j=interpreted, Vv=VM code)
j  org.gdal.ogr.ogrJNI.Feature_GetFieldType__SWIG_0(JLorg/gdal/ogr/Feature;I)I+0
j  org.gdal.ogr.Feature.GetFieldType(I)I+6
j  org.geoimage.viewer.core.io.GDALProjection.test(Ljava/lang/String;Ljava/lang/String;)V+176
j  org.geoimage.viewer.core.io.GDALProjection.main([Ljava/lang/String;)V+4
v  ~StubRoutines::call_stub

---------------  P R O C E S S  ---------------

Java Threads: ( => current thread )
  0x000000001bd9f000 JavaThread "FeatureNativeObjectsCleaner" daemon [_thread_blocked, id=10164, stack(0x000000001d550000,0x000000001d650000)]
  0x000000001ba09000 JavaThread "Service Thread" daemon [_thread_blocked, id=5856, stack(0x000000001c3b0000,0x000000001c4b0000)]
  0x000000001b9f3800 JavaThread "C1 CompilerThread3" daemon [_thread_blocked, id=11748, stack(0x000000001c2b0000,0x000000001c3b0000)]
  0x000000001b9ee800 JavaThread "C2 CompilerThread2" daemon [_thread_blocked, id=1960, stack(0x000000001c1b0000,0x000000001c2b0000)]
  0x000000001b9e3800 JavaThread "C2 CompilerThread1" daemon [_thread_blocked, id=5828, stack(0x000000001c0b0000,0x000000001c1b0000)]
  0x000000001b9e0800 JavaThread "C2 CompilerThread0" daemon [_thread_blocked, id=5452, stack(0x000000001bfb0000,0x000000001c0b0000)]
  0x000000001b9de800 JavaThread "Attach Listener" daemon [_thread_blocked, id=7492, stack(0x000000001beb0000,0x000000001bfb0000)]
  0x000000001b9de000 JavaThread "Signal Dispatcher" daemon [_thread_blocked, id=7328, stack(0x000000001bdb0000,0x000000001beb0000)]
  0x00000000024a9800 JavaThread "Finalizer" daemon [_thread_blocked, id=14436, stack(0x000000001b8b0000,0x000000001b9b0000)]
  0x00000000199ad800 JavaThread "Reference Handler" daemon [_thread_blocked, id=8588, stack(0x000000001b7b0000,0x000000001b8b0000)]
=>0x00000000023b6000 JavaThread "main" [_thread_in_native, id=14096, stack(0x00000000022b0000,0x00000000023b0000)]

Other Threads:
  0x00000000199a9000 VMThread [stack: 0x000000001b6b0000,0x000000001b7b0000] [id=6116]
  0x000000001ba0a000 WatcherThread [stack: 0x000000001c4b0000,0x000000001c5b0000] [id=10948]

VM state:not at safepoint (normal execution)

VM Mutex/Monitor currently owned by a thread: None

Heap:
 PSYoungGen      total 57344K, used 8860K [0x0000000780780000, 0x0000000784780000, 0x00000007c0000000)
  eden space 49152K, 18% used [0x0000000780780000,0x0000000781027340,0x0000000783780000)
  from space 8192K, 0% used [0x0000000783f80000,0x0000000783f80000,0x0000000784780000)
  to   space 8192K, 0% used [0x0000000783780000,0x0000000783780000,0x0000000783f80000)
 ParOldGen       total 131072K, used 0K [0x0000000701600000, 0x0000000709600000, 0x0000000780780000)
  object space 131072K, 0% used [0x0000000701600000,0x0000000701600000,0x0000000709600000)
 Metaspace       used 3376K, capacity 4920K, committed 5120K, reserved 1056768K
  class space    used 328K, capacity 424K, committed 512K, reserved 1048576K

Card table byte_map: [0x0000000011870000,0x0000000011e70000] byte_map_base: 0x000000000e065000

Marking Bits: (ParMarkBitMap*) 0x0000000053414040
 Begin Bits: [0x0000000012a70000, 0x0000000015a18000)
 End Bits:   [0x0000000015a18000, 0x00000000189c0000)

Polling page: 0x0000000000510000

CodeCache: size=245760Kb used=1859Kb max_used=1876Kb free=243900Kb
 bounds [0x00000000024b0000, 0x0000000002720000, 0x00000000114b0000]
 total_blobs=633 nmethods=251 adapters=295
 compilation: enabled

Compilation events (10 events):
Event: 0.230 Thread 0x000000001b9f3800  245   !   3       java.util.zip.Inflater::inflate (113 bytes)
Event: 0.231 Thread 0x000000001b9f3800 nmethod 245 0x000000000267f810 code [0x000000000267f9c0, 0x0000000002680038]
Event: 0.232 Thread 0x000000001b9ee800 nmethod 175 0x0000000002680390 code [0x0000000002680600, 0x0000000002684200]
Event: 0.232 Thread 0x000000001b9e0800 nmethod 244 0x000000000267d3d0 code [0x000000000267d520, 0x000000000267d778]
Event: 0.407 Thread 0x000000001b9f3800  247       3       java.util.concurrent.ConcurrentHashMap::tabAt (21 bytes)
Event: 0.407 Thread 0x000000001b9f3800 nmethod 247 0x0000000002678c50 code [0x0000000002678da0, 0x0000000002678fd0]
Event: 0.407 Thread 0x000000001b9f3800  249       3       java.util.BitSet::wordIndex (5 bytes)
Event: 0.407 Thread 0x000000001b9f3800 nmethod 249 0x0000000002678950 code [0x0000000002678aa0, 0x0000000002678bd0]
Event: 0.407 Thread 0x000000001b9f3800  250       3       java.util.BitSet::checkInvariants (111 bytes)
Event: 0.407 Thread 0x000000001b9f3800 nmethod 250 0x00000000026785d0 code [0x0000000002678720, 0x00000000026788b0]

GC Heap History (0 events):
No events

Deoptimization events (2 events):
Event: 0.107 Thread 0x00000000023b6000 Uncommon trap: reason=unstable_if action=reinterpret pc=0x00000000025b2834 method=java.lang.String.hashCode()I @ 14
Event: 0.211 Thread 0x00000000023b6000 Uncommon trap: reason=unstable_if action=reinterpret pc=0x00000000026322d0 method=java.lang.String.replace(CC)Ljava/lang/String; @ 59

Internal exceptions (10 events):
Event: 0.210 Thread 0x00000000023b6000 Exception <a 'java/security/PrivilegedActionException'> (0x0000000780eac3e8) thrown at [C:\re\workspace\8-2-build-windows-amd64-cygwin\jdk8u45\3627\hotspot\src\share\vm\prims\jvm.cpp, line 1382]
Event: 0.210 Thread 0x00000000023b6000 Exception <a 'java/security/PrivilegedActionException'> (0x0000000780eac5a0) thrown at [C:\re\workspace\8-2-build-windows-amd64-cygwin\jdk8u45\3627\hotspot\src\share\vm\prims\jvm.cpp, line 1382]
Event: 0.210 Thread 0x00000000023b6000 Exception <a 'java/security/PrivilegedActionException'> (0x0000000780ead5d0) thrown at [C:\re\workspace\8-2-build-windows-amd64-cygwin\jdk8u45\3627\hotspot\src\share\vm\prims\jvm.cpp, line 1382]
Event: 0.210 Thread 0x00000000023b6000 Exception <a 'java/security/PrivilegedActionException'> (0x0000000780ead788) thrown at [C:\re\workspace\8-2-build-windows-amd64-cygwin\jdk8u45\3627\hotspot\src\share\vm\prims\jvm.cpp, line 1382]
Event: 0.210 Thread 0x00000000023b6000 Exception <a 'java/security/PrivilegedActionException'> (0x0000000780eae720) thrown at [C:\re\workspace\8-2-build-windows-amd64-cygwin\jdk8u45\3627\hotspot\src\share\vm\prims\jvm.cpp, line 1382]
Event: 0.210 Thread 0x00000000023b6000 Exception <a 'java/security/PrivilegedActionException'> (0x0000000780eae8d8) thrown at [C:\re\workspace\8-2-build-windows-amd64-cygwin\jdk8u45\3627\hotspot\src\share\vm\prims\jvm.cpp, line 1382]
Event: 0.210 Thread 0x00000000023b6000 Exception <a 'java/security/PrivilegedActionException'> (0x0000000780eaf890) thrown at [C:\re\workspace\8-2-build-windows-amd64-cygwin\jdk8u45\3627\hotspot\src\share\vm\prims\jvm.cpp, line 1382]
Event: 0.210 Thread 0x00000000023b6000 Exception <a 'java/security/PrivilegedActionException'> (0x0000000780eafa48) thrown at [C:\re\workspace\8-2-build-windows-amd64-cygwin\jdk8u45\3627\hotspot\src\share\vm\prims\jvm.cpp, line 1382]
Event: 0.210 Thread 0x00000000023b6000 Exception <a 'java/security/PrivilegedActionException'> (0x0000000780eb0a78) thrown at [C:\re\workspace\8-2-build-windows-amd64-cygwin\jdk8u45\3627\hotspot\src\share\vm\prims\jvm.cpp, line 1382]
Event: 0.210 Thread 0x00000000023b6000 Exception <a 'java/security/PrivilegedActionException'> (0x0000000780eb0c30) thrown at [C:\re\workspace\8-2-build-windows-amd64-cygwin\jdk8u45\3627\hotspot\src\share\vm\prims\jvm.cpp, line 1382]

Events (10 events):
Event: 0.407 loading class java/lang/SecurityException done
Event: 0.408 loading class org/gdal/ogr/FeatureNative$1
Event: 0.408 loading class org/gdal/ogr/FeatureNative$1 done
Event: 0.410 loading class java/lang/InterruptedException
Event: 0.410 loading class java/lang/InterruptedException done
Event: 0.410 Thread 0x000000001bd9f000 Thread added: 0x000000001bd9f000
Event: 0.410 loading class org/gdal/ogr/Geometry
Event: 0.410 loading class org/gdal/ogr/Geometry done
Event: 0.456 loading class org/gdal/ogr/FieldDefn
Event: 0.456 loading class org/gdal/ogr/FieldDefn done


Dynamic libraries:
0x00007ff6fa150000 - 0x00007ff6fa187000 	C:\Program Files\Java\jdk1.8.0_45\bin\javaw.exe
0x00007fffabb90000 - 0x00007fffabd51000 	C:\WINDOWS\SYSTEM32\ntdll.dll
0x00007fffa9a80000 - 0x00007fffa9b2d000 	C:\WINDOWS\system32\KERNEL32.DLL
0x00007fffa8390000 - 0x00007fffa8578000 	C:\WINDOWS\system32\KERNELBASE.dll
0x00007fffa9210000 - 0x00007fffa92b7000 	C:\WINDOWS\system32\ADVAPI32.dll
0x00007fffa9e70000 - 0x00007fffa9f0d000 	C:\WINDOWS\system32\msvcrt.dll
0x00007fffa92c0000 - 0x00007fffa931b000 	C:\WINDOWS\system32\sechost.dll
0x00007fffa94b0000 - 0x00007fffa95cc000 	C:\WINDOWS\system32\RPCRT4.dll
0x00007fffa95d0000 - 0x00007fffa9726000 	C:\WINDOWS\system32\USER32.dll
0x00007fffa9320000 - 0x00007fffa94a6000 	C:\WINDOWS\system32\GDI32.dll
0x00007fffa1f40000 - 0x00007fffa21b4000 	C:\WINDOWS\WinSxS\amd64_microsoft.windows.common-controls_6595b64144ccf1df_6.0.10586.0_none_8c15ae12515e1c22\COMCTL32.dll
0x00007fffa9b90000 - 0x00007fffa9e0d000 	C:\WINDOWS\system32\combase.dll
0x00007fffa8770000 - 0x00007fffa87da000 	C:\WINDOWS\system32\bcryptPrimitives.dll
0x00007fffa8fb0000 - 0x00007fffa8feb000 	C:\WINDOWS\system32\IMM32.DLL
0x00007fffa23e0000 - 0x00007fffa2411000 	C:\Windows\system32\nvinitx.dll
0x00007fffa8090000 - 0x00007fffa809a000 	C:\WINDOWS\SYSTEM32\VERSION.dll
0x00000000534a0000 - 0x0000000053572000 	C:\Program Files\Java\jdk1.8.0_45\jre\bin\msvcr100.dll
0x0000000052c10000 - 0x0000000053493000 	C:\Program Files\Java\jdk1.8.0_45\jre\bin\server\jvm.dll
0x00007fffa9f90000 - 0x00007fffa9f98000 	C:\WINDOWS\system32\PSAPI.DLL
0x00007fffa63e0000 - 0x00007fffa6403000 	C:\WINDOWS\SYSTEM32\WINMM.dll
0x00007fffa1750000 - 0x00007fffa1759000 	C:\WINDOWS\SYSTEM32\WSOCK32.dll
0x00007fffa9f20000 - 0x00007fffa9f8b000 	C:\WINDOWS\system32\WS2_32.dll
0x00007fffa6380000 - 0x00007fffa63ac000 	C:\WINDOWS\SYSTEM32\WINMMBASE.dll
0x00007fffa8840000 - 0x00007fffa8883000 	C:\WINDOWS\system32\cfgmgr32.dll
0x0000000055a10000 - 0x0000000055a1f000 	C:\Program Files\Java\jdk1.8.0_45\jre\bin\verify.dll
0x0000000052be0000 - 0x0000000052c09000 	C:\Program Files\Java\jdk1.8.0_45\jre\bin\java.dll
0x0000000055570000 - 0x0000000055586000 	C:\Program Files\Java\jdk1.8.0_45\jre\bin\zip.dll
0x00007fffaa480000 - 0x00007fffab9df000 	C:\WINDOWS\system32\SHELL32.dll
0x00007fffa8890000 - 0x00007fffa8ed4000 	C:\WINDOWS\system32\windows.storage.dll
0x00007fffa91b0000 - 0x00007fffa9202000 	C:\WINDOWS\system32\shlwapi.dll
0x00007fffa81e0000 - 0x00007fffa81ef000 	C:\WINDOWS\system32\kernel.appcore.dll
0x00007fffa8240000 - 0x00007fffa82f5000 	C:\WINDOWS\system32\shcore.dll
0x00007fffa81f0000 - 0x00007fffa823b000 	C:\WINDOWS\system32\powrprof.dll
0x00007fffa81c0000 - 0x00007fffa81d4000 	C:\WINDOWS\system32\profapi.dll
0x00007fff856c0000 - 0x00007fff856f8000 	H:\SUMO_W\Sumo\repo\gdal_lib_win64\ogrjni.dll
0x00007fff98ff0000 - 0x00007fff990df000 	C:\WINDOWS\SYSTEM32\MSVCR120.dll
0x00007fff98a10000 - 0x00007fff98ab6000 	C:\WINDOWS\SYSTEM32\MSVCP120.dll
0x00007fff63920000 - 0x00007fff64459000 	C:\Program Files\GDAL\gdal111.dll
0x00007fff85800000 - 0x00007fff85826000 	C:\Program Files\GDAL\expat.dll
0x000000001cdb0000 - 0x000000001d0e0000 	C:\Program Files\GDAL\xerces-c_2_8.dll
0x00007fff85690000 - 0x00007fff856b8000 	C:\Program Files\GDAL\LIBPQ.dll
0x00007fff631b0000 - 0x00007fff63920000 	C:\Program Files\GDAL\spatialite.dll
0x00007fff62d50000 - 0x00007fff631aa000 	C:\Program Files\GDAL\libmysql.dll
0x00007fff644d0000 - 0x00007fff64518000 	C:\Program Files\GDAL\geos_c.dll
0x00007fff62cf0000 - 0x00007fff62d44000 	C:\Program Files\GDAL\libcurl.dll
0x00007fff855b0000 - 0x00007fff85660000 	C:\WINDOWS\SYSTEM32\ODBC32.dll
0x00007fff99650000 - 0x00007fff9965c000 	C:\WINDOWS\SYSTEM32\Secur32.dll
0x00007fff8da70000 - 0x00007fff8da77000 	C:\WINDOWS\SYSTEM32\SHFOLDER.dll
0x00007fff85660000 - 0x00007fff85690000 	C:\Program Files\GDAL\openjp2.dll
0x00007fff62c90000 - 0x00007fff62ce8000 	C:\Program Files\GDAL\SSLEAY32.dll
0x00007fff62b00000 - 0x00007fff62c86000 	C:\Program Files\GDAL\LIBEAY32.dll
0x00007fff62aa0000 - 0x00007fff62afb000 	C:\Program Files\GDAL\proj.dll
0x00007fffa77b0000 - 0x00007fffa77ba000 	C:\WINDOWS\SYSTEM32\DPAPI.dll
0x00007fff629b0000 - 0x00007fff62a93000 	C:\Program Files\GDAL\iconv.dll
0x00007fff62860000 - 0x00007fff629a4000 	C:\Program Files\GDAL\geos.dll
0x00007fff8a5c0000 - 0x00007fff8a5d6000 	C:\Program Files\GDAL\zlib1.dll
0x00007fffa7dd0000 - 0x00007fffa7dfd000 	C:\WINDOWS\SYSTEM32\SSPICLI.DLL
0x00007fff62800000 - 0x00007fff62853000 	H:\SUMO_W\Sumo\repo\gdal_lib_win64\gdaljni.dll
0x00007fff644a0000 - 0x00007fff644c5000 	H:\SUMO_W\Sumo\repo\gdal_lib_win64\osrjni.dll
0x00007fffa5270000 - 0x00007fffa53fc000 	C:\WINDOWS\SYSTEM32\dbghelp.dll

VM Arguments:
jvm_args: -Djava.library.path=H:/SUMO_W/Sumo/repo/gdal_lib_win64/ -Dfile.encoding=UTF-8 
java_command: org.geoimage.viewer.core.io.GDALProjection
java_class_path (initial): H:\SUMO_W\Sumo\target\classes;H:\eclipse_mars\plugins\org.junit_4.12.0.v201504281640\junit.jar;H:\eclipse_mars\plugins\org.hamcrest.core_1.3.0.v201303031735.jar;C:\Users\Pietro\.m2\repository\org\apache\logging\log4j\log4j-api\2.5\log4j-api-2.5.jar;C:\Users\Pietro\.m2\repository\org\apache\logging\log4j\log4j-core\2.5\log4j-core-2.5.jar;C:\Users\Pietro\.m2\repository\org\slf4j\slf4j-api\1.7.12\slf4j-api-1.7.12.jar;C:\Users\Pietro\.m2\repository\org\apache\logging\log4j\log4j-slf4j-impl\2.5\log4j-slf4j-impl-2.5.jar;C:\Users\Pietro\.m2\repository\org\geotools\gt-shapefile\13.2\gt-shapefile-13.2.jar;C:\Users\Pietro\.m2\repository\org\geotools\gt-data\13.2\gt-data-13.2.jar;C:\Users\Pietro\.m2\repository\org\geotools\gt-main\13.2\gt-main-13.2.jar;C:\Users\Pietro\.m2\repository\org\jdom\jdom\1.1.3\jdom-1.1.3.jar;C:\Users\Pietro\.m2\repository\javax\media\jai_core\1.1.3\jai_core-1.1.3.jar;C:\Users\Pietro\.m2\repository\org\geotools\gt-swing\13.2\gt-swing-13.2.jar;C:\Users\Pietro\.m2\repository\org\geotools\gt-referencing\13.2\gt-referencing-13.2.jar;C:\Users\Pietro\.m2\repository\java3d\vecmath\1.3.2\vecmath-1.3.2.jar;C:\Users\Pietro\.m2\repository\commons-pool\commons-pool\1.5.4\commons-pool-1.5.4.jar;C:\Users\Pietro\.m2\repository\org\geotools\gt-metadata\13.2\gt-metadata-13.2.jar;C:\Users\Pietro\.m2\repository\org\geotools\gt-opengis\13.2\gt-opengis-13.2.jar;C:\Users\Pietro\.m2\repository\net\java\dev\jsr-275\jsr-275\1.0-beta-2\jsr-275-1.0-beta-2.jar;C:\Users\Pietro\.m2\repository\jgridshift\jgridshift\1.0\jgridshift-1.0.jar;C:\Users\Pietro\.m2\repository\org\geotools\gt-render\13.2\gt-render-13.2.jar;C:\Users\Pietro\.m2\repository\org\geotools\gt-coverage\13.2\gt-coverage-13.2.jar;C:\Users\Pietro\.m2\repository\it\geosolutions\imageio-ext\imageio-ext-tiff\1.1.11\imageio-ext-tiff-1.1.11.jar;C:\Users\Pietro\.m2\repository\org\jaitools\jt-zonalstats\1.3.1\jt-zonalstats-1.3.1.jar;C:\Users\Pietro\.m2\repository\org\jaitools\jt-utils\1.3.1\jt-uti
Launcher Type: SUN_STANDARD

Environment Variables:
JAVA_HOME=C:\Program Files\Java\jdk1.8.0_45
PATH=C:/Program Files/Java/jre1.8.0_66/bin/server;C:/Program Files/Java/jre1.8.0_66/bin;C:/Program Files/Java/jre1.8.0_66/lib/amd64;C:\GDAL;C:\Program Files\apache-maven-3.3.3\bin;C:\Program Files\GDAL;C:\Python27\;C:\Python27\Scripts;C:\ProgramData\Oracle\Java\javapath;C:\Program Files (x86)\Intel\iCLS Client\;C:\Program Files\Intel\iCLS Client\;C:\Windows\system32;C:\Windows;C:\Windows\System32\Wbem;C:\Windows\System32\WindowsPowerShell\v1.0\;C:\Program Files (x86)\NVIDIA Corporation\PhysX\Common;C:\Program Files\Intel\WiFi\bin\;C:\Program Files\Common Files\Intel\WirelessCommon\;C:\Program Files\Intel\Intel(R) Management Engine Components\DAL;C:\Program Files\Intel\Intel(R) Management Engine Components\IPT;C:\Program Files (x86)\Intel\Intel(R) Management Engine Components\DAL;C:\Program Files (x86)\Intel\Intel(R) Management Engine Components\IPT;C:\WINDOWS\system32;C:\WINDOWS;C:\WINDOWS\System32\Wbem;C:\WINDOWS\System32\WindowsPowerShell\v1.0\;C:\Program Files (x86)\OpenSSH\bin;C:\Program Files\HDF_Group\HDF5\1.8.15\bin\;C:\Program Files\Git\cmd;C:\Program Files\Git\mingw64\bin;C:\Program Files\Git\usr\bin;C:\Python27\;C:\Program Files\Intel\WiFi\bin\;C:\Program Files\Common Files\Intel\WirelessCommon\;H:\eclipse_mars;
USERNAME=Pietro
OS=Windows_NT
PROCESSOR_IDENTIFIER=Intel64 Family 6 Model 60 Stepping 3, GenuineIntel



---------------  S Y S T E M  ---------------

OS: Windows 10.0 , 64 bit Build 10586 (10.0.10586.0)

CPU:total 8 (4 cores per cpu, 2 threads per core) family 6 model 60 stepping 3, cmov, cx8, fxsr, mmx, sse, sse2, sse3, ssse3, sse4.1, sse4.2, popcnt, avx, avx2, aes, clmul, erms, lzcnt, ht, tsc, tscinvbit, bmi1, bmi2

Memory: 4k page, physical 12492752k(6355224k free), swap 14393296k(5617208k free)

vm_info: Java HotSpot(TM) 64-Bit Server VM (25.45-b02) for windows-amd64 JRE (1.8.0_45-b15), built on Apr 30 2015 12:40:44 by "java_re" with MS VC++ 10.0 (VS2010)

time: Wed Feb 10 00:40:35 2016
elapsed time: 0 seconds (0d 0h 0m 0s)

