#
# A fatal error has been detected by the Java Runtime Environment:
#
#  EXCEPTION_ACCESS_VIOLATION (0xc0000005) at pc=0x00007fff63c7c4c0, pid=10420, tid=12440
#
# JRE version: Java(TM) SE Runtime Environment (8.0_45-b15) (build 1.8.0_45-b15)
# Java VM: Java HotSpot(TM) 64-Bit Server VM (25.45-b02 mixed mode windows-amd64 compressed oops)
# Problematic frame:
# C  [gdal111.dll+0x63c4c0]
#
# Failed to write core dump. Minidumps are not enabled by default on client versions of Windows
#
# If you would like to submit a bug report, please visit:
#   http://bugreport.java.com/bugreport/crash.jsp
# The crash happened outside the Java Virtual Machine in native code.
# See problematic frame for where to report the bug.
#

---------------  T H R E A D  ---------------

Current thread (0x0000000002406000):  JavaThread "main" [_thread_in_native, id=12440, stack(0x0000000002300000,0x0000000002400000)]

siginfo: ExceptionCode=0xc0000005, reading address 0x0000000000000008

Registers:
RAX=0x0000000000000000, RBX=0x000000001941aa80, RCX=0x0000000000000000, RDX=0x0000000000000002
RSP=0x00000000023ff1c8, RBP=0x00000000023ff250, RSI=0x000000001910e948, RDI=0x0000000002507800
R8 =0x00007fff990d19b0, R9 =0x00007fff990d19b0, R10=0x0000000000000000, R11=0x0000000000000246
R12=0x0000000000000000, R13=0x000000001941aa80, R14=0x00000000023ff288, R15=0x0000000002406000
RIP=0x00007fff63c7c4c0, EFLAGS=0x0000000000010202

Top of Stack: (sp=0x00000000023ff1c8)
0x00000000023ff1c8:   0000000002515e34 0000000000495090
0x00000000023ff1d8:   00000000023ff268 0000000000000001
0x00000000023ff1e8:   0000000000000000 0000000000000001
0x00000000023ff1f8:   0000000002507ced 00000000023ff200
0x00000000023ff208:   0000000000000000 00000000023ff210
0x00000000023ff218:   0000000000000000 00000000023ff288
0x00000000023ff228:   00000000194203b0 0000000000000000
0x00000000023ff238:   000000001941aa80 0000000000000000
0x00000000023ff248:   00000000023ff270 00000000023ff2d0
0x00000000023ff258:   0000000002507730 0000000780ed8b50
0x00000000023ff268:   000000000250f976 0000000000000001
0x00000000023ff278:   0000000780f9d900 000000000048bdb0
0x00000000023ff288:   0000000019458c56 00000000023ff290
0x00000000023ff298:   000000001945a806 00000000023ff2e8
0x00000000023ff2a8:   000000001945a940 0000000000000000
0x00000000023ff2b8:   000000001945a830 00000000023ff270 

Instructions: (pc=0x00007fff63c7c4c0)
0x00007fff63c7c4a0:   cc cc cc cc cc cc cc cc cc cc cc cc cc cc cc cc
0x00007fff63c7c4b0:   48 8b 01 c3 cc cc cc cc cc cc cc cc cc cc cc cc
0x00007fff63c7c4c0:   8b 41 08 c3 cc cc cc cc cc cc cc cc cc cc cc cc
0x00007fff63c7c4d0:   89 51 08 c3 cc cc cc cc cc cc cc cc cc cc cc cc 


Register to memory mapping:

RAX=0x0000000000000000 is an unknown value
RBX={method} {0x000000001941aa88} 'Feature_GetFieldType__SWIG_0' '(JLorg/gdal/ogr/Feature;I)I' in 'org/gdal/ogr/ogrJNI'
RCX=0x0000000000000000 is an unknown value
RDX=0x0000000000000002 is an unknown value
RSP=0x00000000023ff1c8 is pointing into the stack for thread: 0x0000000002406000
RBP=0x00000000023ff250 is pointing into the stack for thread: 0x0000000002406000
RSI={method} {0x000000001910e950} 'afterNodeInsertion' '(Z)V' in 'java/util/HashMap'
RDI=0x0000000002507800 is at code_begin+832 in an Interpreter codelet
invoke return entry points  [0x00000000025074c0, 0x0000000002507dc0]  2304 bytes
R8 =0x00007fff990d19b0 is an unknown value
R9 =0x00007fff990d19b0 is an unknown value
R10=0x0000000000000000 is an unknown value
R11=0x0000000000000246 is an unknown value
R12=0x0000000000000000 is an unknown value
R13={method} {0x000000001941aa88} 'Feature_GetFieldType__SWIG_0' '(JLorg/gdal/ogr/Feature;I)I' in 'org/gdal/ogr/ogrJNI'
R14=0x00000000023ff288 is pointing into the stack for thread: 0x0000000002406000
R15=0x0000000002406000 is a thread


Stack: [0x0000000002300000,0x0000000002400000],  sp=0x00000000023ff1c8,  free space=1020k
Native frames: (J=compiled Java code, j=interpreted, Vv=VM code, C=native code)
C  [gdal111.dll+0x63c4c0]

Java frames: (J=compiled Java code, j=interpreted, Vv=VM code)
j  org.gdal.ogr.ogrJNI.Feature_GetFieldType__SWIG_0(JLorg/gdal/ogr/Feature;I)I+0
j  org.gdal.ogr.Feature.GetFieldType(I)I+6
j  org.geoimage.viewer.core.io.GDALProjection.test(Ljava/lang/String;Ljava/lang/String;)V+176
j  org.geoimage.viewer.core.io.GDALProjection.main([Ljava/lang/String;)V+4
v  ~StubRoutines::call_stub

---------------  P R O C E S S  ---------------

Java Threads: ( => current thread )
  0x000000001cae9000 JavaThread "FeatureNativeObjectsCleaner" daemon [_thread_blocked, id=5304, stack(0x000000001d590000,0x000000001d690000)]
  0x000000001badc000 JavaThread "Service Thread" daemon [_thread_blocked, id=5512, stack(0x000000001c410000,0x000000001c510000)]
  0x000000001ba56000 JavaThread "C1 CompilerThread3" daemon [_thread_blocked, id=5180, stack(0x000000001c310000,0x000000001c410000)]
  0x000000001ba47800 JavaThread "C2 CompilerThread2" daemon [_thread_blocked, id=12316, stack(0x000000001c210000,0x000000001c310000)]
  0x000000001ba41800 JavaThread "C2 CompilerThread1" daemon [_thread_blocked, id=7128, stack(0x000000001c110000,0x000000001c210000)]
  0x000000001ba3e800 JavaThread "C2 CompilerThread0" daemon [_thread_blocked, id=8932, stack(0x000000001c010000,0x000000001c110000)]
  0x000000001ba3c000 JavaThread "Attach Listener" daemon [_thread_blocked, id=7380, stack(0x000000001bf10000,0x000000001c010000)]
  0x000000001ba3b000 JavaThread "Signal Dispatcher" daemon [_thread_blocked, id=6460, stack(0x000000001be10000,0x000000001bf10000)]
  0x00000000024fe000 JavaThread "Finalizer" daemon [_thread_blocked, id=15168, stack(0x000000001b910000,0x000000001ba10000)]
  0x00000000199fd000 JavaThread "Reference Handler" daemon [_thread_blocked, id=8472, stack(0x000000001b810000,0x000000001b910000)]
=>0x0000000002406000 JavaThread "main" [_thread_in_native, id=12440, stack(0x0000000002300000,0x0000000002400000)]

Other Threads:
  0x00000000199f8800 VMThread [stack: 0x000000001b710000,0x000000001b810000] [id=4692]
  0x000000001badd000 WatcherThread [stack: 0x000000001c510000,0x000000001c610000] [id=14128]

VM state:not at safepoint (normal execution)

VM Mutex/Monitor currently owned by a thread: None

Heap:
 PSYoungGen      total 57344K, used 8889K [0x0000000780780000, 0x0000000784780000, 0x00000007c0000000)
  eden space 49152K, 18% used [0x0000000780780000,0x000000078102e510,0x0000000783780000)
  from space 8192K, 0% used [0x0000000783f80000,0x0000000783f80000,0x0000000784780000)
  to   space 8192K, 0% used [0x0000000783780000,0x0000000783780000,0x0000000783f80000)
 ParOldGen       total 131072K, used 0K [0x0000000701600000, 0x0000000709600000, 0x0000000780780000)
  object space 131072K, 0% used [0x0000000701600000,0x0000000701600000,0x0000000709600000)
 Metaspace       used 3364K, capacity 4920K, committed 5120K, reserved 1056768K
  class space    used 328K, capacity 424K, committed 512K, reserved 1048576K

Card table byte_map: [0x00000000118c0000,0x0000000011ec0000] byte_map_base: 0x000000000e0b5000

Marking Bits: (ParMarkBitMap*) 0x0000000053414040
 Begin Bits: [0x0000000012ac0000, 0x0000000015a68000)
 End Bits:   [0x0000000015a68000, 0x0000000018a10000)

Polling page: 0x0000000002080000

CodeCache: size=245760Kb used=1848Kb max_used=1865Kb free=243911Kb
 bounds [0x0000000002500000, 0x0000000002770000, 0x0000000011500000]
 total_blobs=622 nmethods=240 adapters=295
 compilation: enabled

Compilation events (10 events):
Event: 0.226 Thread 0x000000001ba47800 nmethod 232 0x00000000026c9690 code [0x00000000026c97e0, 0x00000000026c9a38]
Event: 0.240 Thread 0x000000001ba41800 nmethod 179 0x00000000026cebd0 code [0x00000000026cee40, 0x00000000026d2700]
Event: 0.348 Thread 0x000000001ba56000  235       3       java.util.concurrent.ConcurrentHashMap::tabAt (21 bytes)
Event: 0.348 Thread 0x000000001ba56000 nmethod 235 0x00000000026c8810 code [0x00000000026c8960, 0x00000000026c8b90]
Event: 0.348 Thread 0x000000001ba56000  237       3       java.util.BitSet::wordIndex (5 bytes)
Event: 0.348 Thread 0x000000001ba56000 nmethod 237 0x00000000026c8510 code [0x00000000026c8660, 0x00000000026c8790]
Event: 0.348 Thread 0x000000001ba56000  239       3       java.lang.String::<init> (10 bytes)
Event: 0.348 Thread 0x000000001ba56000 nmethod 239 0x00000000026c8150 code [0x00000000026c82a0, 0x00000000026c8470]
Event: 0.348 Thread 0x000000001ba56000  238       3       java.util.BitSet::checkInvariants (111 bytes)
Event: 0.348 Thread 0x000000001ba56000 nmethod 238 0x00000000026c7e10 code [0x00000000026c7f60, 0x00000000026c80f0]

GC Heap History (0 events):
No events

Deoptimization events (2 events):
Event: 0.104 Thread 0x0000000002406000 Uncommon trap: reason=unstable_if action=reinterpret pc=0x000000000260be34 method=java.lang.String.hashCode()I @ 14
Event: 0.202 Thread 0x0000000002406000 Uncommon trap: reason=unstable_if action=reinterpret pc=0x0000000002675810 method=java.lang.String.replace(CC)Ljava/lang/String; @ 59

Internal exceptions (10 events):
Event: 0.201 Thread 0x0000000002406000 Exception <a 'java/security/PrivilegedActionException'> (0x0000000780eacbd8) thrown at [C:\re\workspace\8-2-build-windows-amd64-cygwin\jdk8u45\3627\hotspot\src\share\vm\prims\jvm.cpp, line 1382]
Event: 0.201 Thread 0x0000000002406000 Exception <a 'java/security/PrivilegedActionException'> (0x0000000780eacd90) thrown at [C:\re\workspace\8-2-build-windows-amd64-cygwin\jdk8u45\3627\hotspot\src\share\vm\prims\jvm.cpp, line 1382]
Event: 0.201 Thread 0x0000000002406000 Exception <a 'java/security/PrivilegedActionException'> (0x0000000780eaddc0) thrown at [C:\re\workspace\8-2-build-windows-amd64-cygwin\jdk8u45\3627\hotspot\src\share\vm\prims\jvm.cpp, line 1382]
Event: 0.201 Thread 0x0000000002406000 Exception <a 'java/security/PrivilegedActionException'> (0x0000000780eadf78) thrown at [C:\re\workspace\8-2-build-windows-amd64-cygwin\jdk8u45\3627\hotspot\src\share\vm\prims\jvm.cpp, line 1382]
Event: 0.201 Thread 0x0000000002406000 Exception <a 'java/security/PrivilegedActionException'> (0x0000000780eaef10) thrown at [C:\re\workspace\8-2-build-windows-amd64-cygwin\jdk8u45\3627\hotspot\src\share\vm\prims\jvm.cpp, line 1382]
Event: 0.201 Thread 0x0000000002406000 Exception <a 'java/security/PrivilegedActionException'> (0x0000000780eaf0c8) thrown at [C:\re\workspace\8-2-build-windows-amd64-cygwin\jdk8u45\3627\hotspot\src\share\vm\prims\jvm.cpp, line 1382]
Event: 0.201 Thread 0x0000000002406000 Exception <a 'java/security/PrivilegedActionException'> (0x0000000780eb0080) thrown at [C:\re\workspace\8-2-build-windows-amd64-cygwin\jdk8u45\3627\hotspot\src\share\vm\prims\jvm.cpp, line 1382]
Event: 0.201 Thread 0x0000000002406000 Exception <a 'java/security/PrivilegedActionException'> (0x0000000780eb0238) thrown at [C:\re\workspace\8-2-build-windows-amd64-cygwin\jdk8u45\3627\hotspot\src\share\vm\prims\jvm.cpp, line 1382]
Event: 0.201 Thread 0x0000000002406000 Exception <a 'java/security/PrivilegedActionException'> (0x0000000780eb1268) thrown at [C:\re\workspace\8-2-build-windows-amd64-cygwin\jdk8u45\3627\hotspot\src\share\vm\prims\jvm.cpp, line 1382]
Event: 0.201 Thread 0x0000000002406000 Exception <a 'java/security/PrivilegedActionException'> (0x0000000780eb1420) thrown at [C:\re\workspace\8-2-build-windows-amd64-cygwin\jdk8u45\3627\hotspot\src\share\vm\prims\jvm.cpp, line 1382]

Events (10 events):
Event: 0.348 loading class java/lang/SecurityException done
Event: 0.348 loading class org/gdal/ogr/FeatureNative$1
Event: 0.348 loading class org/gdal/ogr/FeatureNative$1 done
Event: 0.349 loading class java/lang/InterruptedException
Event: 0.349 loading class java/lang/InterruptedException done
Event: 0.350 Thread 0x000000001cae9000 Thread added: 0x000000001cae9000
Event: 0.350 loading class org/gdal/ogr/Geometry
Event: 0.350 loading class org/gdal/ogr/Geometry done
Event: 0.395 loading class org/gdal/ogr/FieldDefn
Event: 0.395 loading class org/gdal/ogr/FieldDefn done


Dynamic libraries:
0x00007ff6fa150000 - 0x00007ff6fa187000 	C:\Program Files\Java\jdk1.8.0_45\bin\javaw.exe
0x00007fffabb90000 - 0x00007fffabd51000 	C:\WINDOWS\SYSTEM32\ntdll.dll
0x00007fffa9a80000 - 0x00007fffa9b2d000 	C:\WINDOWS\system32\KERNEL32.DLL
0x00007fffa8390000 - 0x00007fffa8578000 	C:\WINDOWS\system32\KERNELBASE.dll
0x00007fffa9210000 - 0x00007fffa92b7000 	C:\WINDOWS\system32\ADVAPI32.dll
0x00007fffa9e70000 - 0x00007fffa9f0d000 	C:\WINDOWS\system32\msvcrt.dll
0x00007fffa92c0000 - 0x00007fffa931b000 	C:\WINDOWS\system32\sechost.dll
0x00007fffa94b0000 - 0x00007fffa95cc000 	C:\WINDOWS\system32\RPCRT4.dll
0x00007fffa95d0000 - 0x00007fffa9726000 	C:\WINDOWS\system32\USER32.dll
0x00007fffa9320000 - 0x00007fffa94a6000 	C:\WINDOWS\system32\GDI32.dll
0x00007fffa1f40000 - 0x00007fffa21b4000 	C:\WINDOWS\WinSxS\amd64_microsoft.windows.common-controls_6595b64144ccf1df_6.0.10586.0_none_8c15ae12515e1c22\COMCTL32.dll
0x00007fffa9b90000 - 0x00007fffa9e0d000 	C:\WINDOWS\system32\combase.dll
0x00007fffa8770000 - 0x00007fffa87da000 	C:\WINDOWS\system32\bcryptPrimitives.dll
0x00007fffa8fb0000 - 0x00007fffa8feb000 	C:\WINDOWS\system32\IMM32.DLL
0x00007fffa23e0000 - 0x00007fffa2411000 	C:\Windows\system32\nvinitx.dll
0x00007fffa8090000 - 0x00007fffa809a000 	C:\WINDOWS\SYSTEM32\VERSION.dll
0x00000000534a0000 - 0x0000000053572000 	C:\Program Files\Java\jdk1.8.0_45\jre\bin\msvcr100.dll
0x0000000052c10000 - 0x0000000053493000 	C:\Program Files\Java\jdk1.8.0_45\jre\bin\server\jvm.dll
0x00007fffa9f90000 - 0x00007fffa9f98000 	C:\WINDOWS\system32\PSAPI.DLL
0x00007fffa1750000 - 0x00007fffa1759000 	C:\WINDOWS\SYSTEM32\WSOCK32.dll
0x00007fffa63e0000 - 0x00007fffa6403000 	C:\WINDOWS\SYSTEM32\WINMM.dll
0x00007fffa9f20000 - 0x00007fffa9f8b000 	C:\WINDOWS\system32\WS2_32.dll
0x00007fffa6380000 - 0x00007fffa63ac000 	C:\WINDOWS\SYSTEM32\WINMMBASE.dll
0x00007fffa8840000 - 0x00007fffa8883000 	C:\WINDOWS\system32\cfgmgr32.dll
0x0000000055a10000 - 0x0000000055a1f000 	C:\Program Files\Java\jdk1.8.0_45\jre\bin\verify.dll
0x0000000052be0000 - 0x0000000052c09000 	C:\Program Files\Java\jdk1.8.0_45\jre\bin\java.dll
0x0000000055570000 - 0x0000000055586000 	C:\Program Files\Java\jdk1.8.0_45\jre\bin\zip.dll
0x00007fffaa480000 - 0x00007fffab9df000 	C:\WINDOWS\system32\SHELL32.dll
0x00007fffa8890000 - 0x00007fffa8ed4000 	C:\WINDOWS\system32\windows.storage.dll
0x00007fffa91b0000 - 0x00007fffa9202000 	C:\WINDOWS\system32\shlwapi.dll
0x00007fffa81e0000 - 0x00007fffa81ef000 	C:\WINDOWS\system32\kernel.appcore.dll
0x00007fffa8240000 - 0x00007fffa82f5000 	C:\WINDOWS\system32\shcore.dll
0x00007fffa81f0000 - 0x00007fffa823b000 	C:\WINDOWS\system32\powrprof.dll
0x00007fffa81c0000 - 0x00007fffa81d4000 	C:\WINDOWS\system32\profapi.dll
0x00007fff85660000 - 0x00007fff85698000 	H:\SUMO_W\Sumo\repo\gdal_lib_win64\ogrjni.dll
0x00007fff98ff0000 - 0x00007fff990df000 	C:\WINDOWS\SYSTEM32\MSVCR120.dll
0x00007fff98a10000 - 0x00007fff98ab6000 	C:\WINDOWS\SYSTEM32\MSVCP120.dll
0x00007fff63640000 - 0x00007fff64179000 	C:\Program Files\GDAL\gdal111.dll
0x000000001ce10000 - 0x000000001d140000 	C:\Program Files\GDAL\xerces-c_2_8.dll
0x00007fff85800000 - 0x00007fff85828000 	C:\Program Files\GDAL\LIBPQ.dll
0x00007fff856d0000 - 0x00007fff856f6000 	C:\Program Files\GDAL\expat.dll
0x00007fff62ed0000 - 0x00007fff63640000 	C:\Program Files\GDAL\spatialite.dll
0x00007fff62a70000 - 0x00007fff62eca000 	C:\Program Files\GDAL\libmysql.dll
0x00007fff64410000 - 0x00007fff64458000 	C:\Program Files\GDAL\geos_c.dll
0x00007fff643b0000 - 0x00007fff64404000 	C:\Program Files\GDAL\libcurl.dll
0x00007fff855b0000 - 0x00007fff85660000 	C:\WINDOWS\SYSTEM32\ODBC32.dll
0x00007fff8da70000 - 0x00007fff8da77000 	C:\WINDOWS\SYSTEM32\SHFOLDER.dll
0x00007fff99650000 - 0x00007fff9965c000 	C:\WINDOWS\SYSTEM32\Secur32.dll
0x00007fff64380000 - 0x00007fff643b0000 	C:\Program Files\GDAL\openjp2.dll
0x00007fff628e0000 - 0x00007fff62a66000 	C:\Program Files\GDAL\LIBEAY32.dll
0x00007fff62880000 - 0x00007fff628d8000 	C:\Program Files\GDAL\SSLEAY32.dll
0x00007fff62820000 - 0x00007fff6287b000 	C:\Program Files\GDAL\proj.dll
0x00007fff62730000 - 0x00007fff62813000 	C:\Program Files\GDAL\iconv.dll
0x00007fff625e0000 - 0x00007fff62724000 	C:\Program Files\GDAL\geos.dll
0x00007fff8a5c0000 - 0x00007fff8a5d6000 	C:\Program Files\GDAL\zlib1.dll
0x00007fffa77b0000 - 0x00007fffa77ba000 	C:\WINDOWS\SYSTEM32\DPAPI.dll
0x00007fffa7dd0000 - 0x00007fffa7dfd000 	C:\WINDOWS\SYSTEM32\SSPICLI.DLL
0x00007fff62580000 - 0x00007fff625d3000 	H:\SUMO_W\Sumo\repo\gdal_lib_win64\gdaljni.dll
0x00007fff62550000 - 0x00007fff62575000 	H:\SUMO_W\Sumo\repo\gdal_lib_win64\osrjni.dll
0x00007fffa5270000 - 0x00007fffa53fc000 	C:\WINDOWS\SYSTEM32\dbghelp.dll

VM Arguments:
jvm_args: -Djava.library.path=H:/SUMO_W/Sumo/repo/gdal_lib_win64/ -Dfile.encoding=UTF-8 
java_command: org.geoimage.viewer.core.io.GDALProjection
java_class_path (initial): H:\SUMO_W\Sumo\target\classes;H:\eclipse_mars\plugins\org.junit_4.12.0.v201504281640\junit.jar;H:\eclipse_mars\plugins\org.hamcrest.core_1.3.0.v201303031735.jar;C:\Users\Pietro\.m2\repository\org\apache\logging\log4j\log4j-api\2.5\log4j-api-2.5.jar;C:\Users\Pietro\.m2\repository\org\apache\logging\log4j\log4j-core\2.5\log4j-core-2.5.jar;C:\Users\Pietro\.m2\repository\org\slf4j\slf4j-api\1.7.12\slf4j-api-1.7.12.jar;C:\Users\Pietro\.m2\repository\org\apache\logging\log4j\log4j-slf4j-impl\2.5\log4j-slf4j-impl-2.5.jar;C:\Users\Pietro\.m2\repository\org\geotools\gt-shapefile\13.2\gt-shapefile-13.2.jar;C:\Users\Pietro\.m2\repository\org\geotools\gt-data\13.2\gt-data-13.2.jar;C:\Users\Pietro\.m2\repository\org\geotools\gt-main\13.2\gt-main-13.2.jar;C:\Users\Pietro\.m2\repository\org\jdom\jdom\1.1.3\jdom-1.1.3.jar;C:\Users\Pietro\.m2\repository\javax\media\jai_core\1.1.3\jai_core-1.1.3.jar;C:\Users\Pietro\.m2\repository\org\geotools\gt-swing\13.2\gt-swing-13.2.jar;C:\Users\Pietro\.m2\repository\org\geotools\gt-referencing\13.2\gt-referencing-13.2.jar;C:\Users\Pietro\.m2\repository\java3d\vecmath\1.3.2\vecmath-1.3.2.jar;C:\Users\Pietro\.m2\repository\commons-pool\commons-pool\1.5.4\commons-pool-1.5.4.jar;C:\Users\Pietro\.m2\repository\org\geotools\gt-metadata\13.2\gt-metadata-13.2.jar;C:\Users\Pietro\.m2\repository\org\geotools\gt-opengis\13.2\gt-opengis-13.2.jar;C:\Users\Pietro\.m2\repository\net\java\dev\jsr-275\jsr-275\1.0-beta-2\jsr-275-1.0-beta-2.jar;C:\Users\Pietro\.m2\repository\jgridshift\jgridshift\1.0\jgridshift-1.0.jar;C:\Users\Pietro\.m2\repository\org\geotools\gt-render\13.2\gt-render-13.2.jar;C:\Users\Pietro\.m2\repository\org\geotools\gt-coverage\13.2\gt-coverage-13.2.jar;C:\Users\Pietro\.m2\repository\it\geosolutions\imageio-ext\imageio-ext-tiff\1.1.11\imageio-ext-tiff-1.1.11.jar;C:\Users\Pietro\.m2\repository\org\jaitools\jt-zonalstats\1.3.1\jt-zonalstats-1.3.1.jar;C:\Users\Pietro\.m2\repository\org\jaitools\jt-utils\1.3.1\jt-uti
Launcher Type: SUN_STANDARD

Environment Variables:
JAVA_HOME=C:\Program Files\Java\jdk1.8.0_45
PATH=C:/Program Files/Java/jre1.8.0_66/bin/server;C:/Program Files/Java/jre1.8.0_66/bin;C:/Program Files/Java/jre1.8.0_66/lib/amd64;C:\GDAL;C:\Program Files\apache-maven-3.3.3\bin;C:\Program Files\GDAL;C:\Python27\;C:\Python27\Scripts;C:\ProgramData\Oracle\Java\javapath;C:\Program Files (x86)\Intel\iCLS Client\;C:\Program Files\Intel\iCLS Client\;C:\Windows\system32;C:\Windows;C:\Windows\System32\Wbem;C:\Windows\System32\WindowsPowerShell\v1.0\;C:\Program Files (x86)\NVIDIA Corporation\PhysX\Common;C:\Program Files\Intel\WiFi\bin\;C:\Program Files\Common Files\Intel\WirelessCommon\;C:\Program Files\Intel\Intel(R) Management Engine Components\DAL;C:\Program Files\Intel\Intel(R) Management Engine Components\IPT;C:\Program Files (x86)\Intel\Intel(R) Management Engine Components\DAL;C:\Program Files (x86)\Intel\Intel(R) Management Engine Components\IPT;C:\WINDOWS\system32;C:\WINDOWS;C:\WINDOWS\System32\Wbem;C:\WINDOWS\System32\WindowsPowerShell\v1.0\;C:\Program Files (x86)\OpenSSH\bin;C:\Program Files\HDF_Group\HDF5\1.8.15\bin\;C:\Program Files\Git\cmd;C:\Program Files\Git\mingw64\bin;C:\Program Files\Git\usr\bin;C:\Python27\;C:\Program Files\Intel\WiFi\bin\;C:\Program Files\Common Files\Intel\WirelessCommon\;H:\eclipse_mars;
USERNAME=Pietro
OS=Windows_NT
PROCESSOR_IDENTIFIER=Intel64 Family 6 Model 60 Stepping 3, GenuineIntel



---------------  S Y S T E M  ---------------

OS: Windows 10.0 , 64 bit Build 10586 (10.0.10586.0)

CPU:total 8 (4 cores per cpu, 2 threads per core) family 6 model 60 stepping 3, cmov, cx8, fxsr, mmx, sse, sse2, sse3, ssse3, sse4.1, sse4.2, popcnt, avx, avx2, aes, clmul, erms, lzcnt, ht, tsc, tscinvbit, bmi1, bmi2

Memory: 4k page, physical 12492752k(6343852k free), swap 14393296k(5600596k free)

vm_info: Java HotSpot(TM) 64-Bit Server VM (25.45-b02) for windows-amd64 JRE (1.8.0_45-b15), built on Apr 30 2015 12:40:44 by "java_re" with MS VC++ 10.0 (VS2010)

time: Wed Feb 10 00:41:35 2016
elapsed time: 0 seconds (0d 0h 0m 0s)

