#
# A fatal error has been detected by the Java Runtime Environment:
#
#  EXCEPTION_ACCESS_VIOLATION (0xc0000005) at pc=0x00007ffb76e21e49, pid=3760, tid=600
#
# JRE version: Java(TM) SE Runtime Environment (8.0_45-b15) (build 1.8.0_45-b15)
# Java VM: Java HotSpot(TM) 64-Bit Server VM (25.45-b02 mixed mode windows-amd64 compressed oops)
# Problematic frame:
# C  [ig75icd64.dll+0x11e49]
#
# Failed to write core dump. Minidumps are not enabled by default on client versions of Windows
#
# If you would like to submit a bug report, please visit:
#   http://bugreport.java.com/bugreport/crash.jsp
# The crash happened outside the Java Virtual Machine in native code.
# See problematic frame for where to report the bug.
#

---------------  T H R E A D  ---------------

Current thread (0x00000000203e9800):  JavaThread "AWT-EventQueue-0" [_thread_in_native, id=600, stack(0x0000000022010000,0x0000000022110000)]

siginfo: ExceptionCode=0xc0000005, writing address 0x0000000027e1aca0

Registers:
RAX=0x000000007a000003, RBX=0x0000000000000000, RCX=0x0000000027e1acb4, RDX=0x000000002210be64
RSP=0x000000002210bde0, RBP=0x000000002210bf10, RSI=0x00000000000000a0, RDI=0x0000000000000ca0
R8 =0x0000000000000014, R9 =0x00007ffb76e10000, R10=0x0000000000000000, R11=0x0000000000000064
R12=0x00000000252d9040, R13=0x0000000025307ae0, R14=0x000000002210c450, R15=0x00000009e9fc0e60
RIP=0x00007ffb76e21e49, EFLAGS=0x0000000000010202

Top of Stack: (sp=0x000000002210bde0)
0x000000002210bde0:   0000000000000000 0000015600000002
0x000000002210bdf0:   0000000000000000 0004000000000002
0x000000002210be00:   0000000000000000 00007ffb76e847e7
0x000000002210be10:   0000000000000000 0000000000000000
0x000000002210be20:   0000000000000000 0000000000000000
0x000000002210be30:   0000000000000000 0000000000000000
0x000000002210be40:   0000000000000000 0000000000000000
0x000000002210be50:   001050217a000003 007d918800000000
0x000000002210be60:   0000000000000000 0000000000000000
0x000000002210be70:   0000000000000000 0000000000000000
0x000000002210be80:   0000000000000000 0000000000000000
0x000000002210be90:   0000000000000000 0000000000000000
0x000000002210bea0:   0000000000000000 0000000000000000
0x000000002210beb0:   0000000000000000 0000000000000000
0x000000002210bec0:   0000000000000000 0000000000000000
0x000000002210bed0:   0000000000000000 0000000000000000 

Instructions: (pc=0x00007ffb76e21e49)
0x00007ffb76e21e29:   42 d8 89 41 d8 8b 42 dc 89 41 dc 8b 42 e0 89 41
0x00007ffb76e21e39:   e0 8b 42 e4 89 41 e4 8b 42 e8 89 41 e8 8b 42 ec
0x00007ffb76e21e49:   89 41 ec 8b 42 f0 89 41 f0 e9 20 03 00 00 48 8b
0x00007ffb76e21e59:   c1 83 e0 0f 74 3a 41 b9 10 00 00 00 4c 2b c8 49 


Register to memory mapping:

RAX=0x000000007a000003 is an unknown value
RBX=0x0000000000000000 is an unknown value
RCX=0x0000000027e1acb4 is an unknown value
RDX=0x000000002210be64 is pointing into the stack for thread: 0x00000000203e9800
RSP=0x000000002210bde0 is pointing into the stack for thread: 0x00000000203e9800
RBP=0x000000002210bf10 is pointing into the stack for thread: 0x00000000203e9800
RSI=0x00000000000000a0 is an unknown value
RDI=0x0000000000000ca0 is an unknown value
R8 =0x0000000000000014 is an unknown value
R9 =0x00007ffb76e10000 is an unknown value
R10=0x0000000000000000 is an unknown value
R11=0x0000000000000064 is an unknown value
R12=0x00000000252d9040 is an unknown value
R13=0x0000000025307ae0 is an unknown value
R14=0x000000002210c450 is pointing into the stack for thread: 0x00000000203e9800
R15=0x00000009e9fc0e60 is an unknown value


Stack: [0x0000000022010000,0x0000000022110000],  sp=0x000000002210bde0,  free space=1007k
Native frames: (J=compiled Java code, j=interpreted, Vv=VM code, C=native code)
C  [ig75icd64.dll+0x11e49]
C  [ig75icd64.dll+0x747e7]
C  [ig75icd64.dll+0x1a399b]
C  [ig75icd64.dll+0x1a3a03]
C  [ig75icd64.dll+0x1a7736]
C  [ig75icd64.dll+0x1a7949]
C  [ig75icd64.dll+0x495c87]
C  [ig75icd64.dll+0x49a3d7]
C  [ig75icd64.dll+0x2ef7af]
C  [ig75icd64.dll+0x2efcd2]
C  [ig75icd64.dll+0x9ac9a]
C  [ig75icd64.dll+0x9a697]
C  [ig75icd64.dll+0xa3227]
C  [jogl_desktop.dll+0x3dc3f]
C  0x00000000038a6217

Java frames: (J=compiled Java code, j=interpreted, Vv=VM code)
J 7366  jogamp.opengl.gl4.GL4bcImpl.dispatch_glTexSubImage2D1(IIIIIIIILjava/lang/Object;IZJ)V (0 bytes) @ 0x00000000038a6199 [0x00000000038a6100+0x99]
J 8504 C2 com.jogamp.opengl.util.texture.Texture.updateSubImageImpl(Ljavax/media/opengl/GL;Lcom/jogamp/opengl/util/texture/TextureData;IIIIIIII)V (782 bytes) @ 0x0000000003cca21c [0x0000000003cc9640+0xbdc]
J 8690 C2 com.jogamp.opengl.util.texture.Texture.updateImage(Ljavax/media/opengl/GL;Lcom/jogamp/opengl/util/texture/TextureData;I)V (1301 bytes) @ 0x0000000003d71fc4 [0x0000000003d71a00+0x5c4]
J 8688 C2 com.jogamp.opengl.util.texture.TextureIO.newTexture(Lcom/jogamp/opengl/util/texture/TextureData;)Lcom/jogamp/opengl/util/texture/Texture; (8 bytes) @ 0x0000000003d6f750 [0x0000000003d6f620+0x130]
J 8313 C2 org.geoimage.viewer.core.layers.image.ImageLayer.tryFileCache(Ljavax/media/opengl/GL2;Ljava/io/File;Ljava/lang/String;FFFF)Z (240 bytes) @ 0x0000000003be6114 [0x0000000003be2360+0x3db4]
J 9836 C2 org.geoimage.viewer.core.layers.image.ImageLayer.render(Ljava/lang/Object;)V (1201 bytes) @ 0x00000000043189a0 [0x00000000043169c0+0x1fe0]
J 9741 C2 org.geoimage.viewer.core.gui.manager.LayerManager.render(Lorg/geoimage/opengl/OpenGLContext;)V (442 bytes) @ 0x00000000028569f0 [0x0000000002856800+0x1f0]
J 9757 C2 javax.media.opengl.awt.GLCanvas$10.run()V (122 bytes) @ 0x0000000003026e48 [0x0000000003026b80+0x2c8]
J 9762 C2 jogamp.opengl.GLDrawableHelper.invokeGLImpl(Ljavax/media/opengl/GLDrawable;Ljavax/media/opengl/GLContext;Ljava/lang/Runnable;Ljava/lang/Runnable;)V (481 bytes) @ 0x00000000028b2088 [0x00000000028b1da0+0x2e8]
J 9740 C2 sun.awt.RepaintArea.paint(Ljava/lang/Object;Z)V (354 bytes) @ 0x0000000002f96834 [0x0000000002f95a60+0xdd4]
J 9839 C2 sun.awt.windows.WComponentPeer.handleEvent(Ljava/awt/AWTEvent;)V (173 bytes) @ 0x0000000002b86ee0 [0x0000000002b86d60+0x180]
J 9840 C2 java.awt.Component.dispatchEventImpl(Ljava/awt/AWTEvent;)V (883 bytes) @ 0x00000000038bfb70 [0x00000000038be3c0+0x17b0]
J 9365 C2 java.awt.EventQueue.dispatchEventImpl(Ljava/awt/AWTEvent;Ljava/lang/Object;)V (149 bytes) @ 0x000000000414ca78 [0x000000000414c6c0+0x3b8]
J 9763 C2 java.awt.EventQueue$3.run()Ljava/lang/Object; (5 bytes) @ 0x000000000310e5d8 [0x000000000310e560+0x78]
v  ~StubRoutines::call_stub
J 1530  java.security.AccessController.doPrivileged(Ljava/security/PrivilegedAction;Ljava/security/AccessControlContext;)Ljava/lang/Object; (0 bytes) @ 0x0000000002952526 [0x00000000029524c0+0x66]
J 9764 C2 java.awt.EventQueue$4.run()Ljava/lang/Object; (5 bytes) @ 0x00000000026b8374 [0x00000000026b8220+0x154]
v  ~StubRoutines::call_stub
J 1530  java.security.AccessController.doPrivileged(Ljava/security/PrivilegedAction;Ljava/security/AccessControlContext;)Ljava/lang/Object; (0 bytes) @ 0x0000000002952526 [0x00000000029524c0+0x66]
J 9739 C2 java.awt.EventDispatchThread.pumpOneEventForFilters(I)V (295 bytes) @ 0x00000000033a55ac [0x00000000033a4a40+0xb6c]
J 9929% C1 java.awt.EventDispatchThread.pumpEventsForFilter(ILjava/awt/Conditional;Ljava/awt/EventFilter;)V (47 bytes) @ 0x0000000002f766ec [0x0000000002f763a0+0x34c]
j  java.awt.EventDispatchThread.pumpEventsForHierarchy(ILjava/awt/Conditional;Ljava/awt/Component;)V+11
j  java.awt.EventDispatchThread.pumpEvents(ILjava/awt/Conditional;)V+4
j  java.awt.EventDispatchThread.pumpEvents(Ljava/awt/Conditional;)V+3
j  java.awt.EventDispatchThread.run()V+9
v  ~StubRoutines::call_stub

---------------  P R O C E S S  ---------------

Java Threads: ( => current thread )
  0x00000000337ec000 JavaThread "pool-94-thread-1" [_thread_blocked, id=8168, stack(0x0000000022170000,0x0000000022270000)]
  0x00000000337f0800 JavaThread "pool-11-thread-1" [_thread_blocked, id=4676, stack(0x0000000051160000,0x0000000051260000)]
  0x00000000337f5800 JavaThread "GT authority factory disposer" daemon [_thread_blocked, id=7132, stack(0x0000000037090000,0x0000000037190000)]
  0x00000000337ee000 JavaThread "WeakCollectionCleaner" daemon [_thread_blocked, id=6808, stack(0x0000000036f90000,0x0000000037090000)]
  0x00000000337f2800 JavaThread "SwingWorker-pool-4-thread-1" daemon [_thread_blocked, id=11772, stack(0x00000000351c0000,0x00000000352c0000)]
  0x00000000337eb000 JavaThread "MVStore background writer nio:C:/Users/Pietro/.sumo/SUMODB.mv.db" daemon [_thread_blocked, id=11944, stack(0x00000000350c0000,0x00000000351c0000)]
  0x00000000337f1000 JavaThread "H2 TCP Server (tcp://192.168.152.1:49801)" daemon [_thread_in_native, id=8788, stack(0x0000000034dc0000,0x0000000034ec0000)]
  0x00000000337f2000 JavaThread "H2 File Lock Watchdog C:/Users/Pietro/.sumo/SUMODB.lock.db" daemon [_thread_blocked, id=8516, stack(0x0000000034cc0000,0x0000000034dc0000)]
  0x00000000337ec800 JavaThread "Thread-20" [_thread_blocked, id=6664, stack(0x0000000034bc0000,0x0000000034cc0000)]
  0x00000000337ea800 JavaThread "Thread-19" [_thread_blocked, id=8776, stack(0x0000000034ac0000,0x0000000034bc0000)]
  0x00000000337ed800 JavaThread "TimerQueue" daemon [_thread_blocked, id=3408, stack(0x00000000349c0000,0x0000000034ac0000)]
  0x0000000020a65800 JavaThread "AWT-EventQueue-0-SharedResourceRunner" daemon [_thread_blocked, id=11032, stack(0x0000000026910000,0x0000000026a10000)]
  0x0000000020beb000 JavaThread "Swing-Shell" daemon [_thread_blocked, id=5292, stack(0x0000000023f80000,0x0000000024080000)]
  0x000000002077f000 JavaThread "MVStore background writer nio:C:/Users/Pietro/.sumo/SUMO_DB.mv.db" daemon [_thread_blocked, id=5056, stack(0x0000000023d80000,0x0000000023e80000)]
  0x000000002077a800 JavaThread "H2 TCP Server (tcp://192.168.152.1:49790)" daemon [_thread_in_native, id=4120, stack(0x0000000023a80000,0x0000000023b80000)]
  0x0000000020788800 JavaThread "H2 File Lock Watchdog C:/Users/Pietro/.sumo/SUMO_DB.lock.db" daemon [_thread_blocked, id=10700, stack(0x0000000023980000,0x0000000023a80000)]
  0x0000000002329800 JavaThread "DestroyJavaVM" [_thread_blocked, id=7636, stack(0x0000000002220000,0x0000000002320000)]
=>0x00000000203e9800 JavaThread "AWT-EventQueue-0" [_thread_in_native, id=600, stack(0x0000000022010000,0x0000000022110000)]
  0x00000000203e8800 JavaThread "AWT-Windows" daemon [_thread_in_native, id=11700, stack(0x0000000021f10000,0x0000000022010000)]
  0x00000000203e8000 JavaThread "AWT-Shutdown" [_thread_blocked, id=4480, stack(0x0000000021e10000,0x0000000021f10000)]
  0x00000000203cc800 JavaThread "Java2D Disposer" daemon [_thread_blocked, id=9060, stack(0x0000000021d10000,0x0000000021e10000)]
  0x000000001ddf8800 JavaThread "Service Thread" daemon [_thread_blocked, id=8288, stack(0x000000001ee70000,0x000000001ef70000)]
  0x000000001dd58000 JavaThread "C1 CompilerThread3" daemon [_thread_blocked, id=9884, stack(0x000000001ed70000,0x000000001ee70000)]
  0x000000001dd57800 JavaThread "C2 CompilerThread2" daemon [_thread_blocked, id=11560, stack(0x000000001ec70000,0x000000001ed70000)]
  0x000000001dd55800 JavaThread "C2 CompilerThread1" daemon [_thread_blocked, id=4104, stack(0x000000001eb70000,0x000000001ec70000)]
  0x000000001dd4b800 JavaThread "C2 CompilerThread0" daemon [_thread_blocked, id=5500, stack(0x000000001ea70000,0x000000001eb70000)]
  0x000000001dd48800 JavaThread "JDWP Command Reader" daemon [_thread_in_native, id=6532, stack(0x000000001e970000,0x000000001ea70000)]
  0x000000001dd3d800 JavaThread "JDWP Event Helper Thread" daemon [_thread_blocked, id=12008, stack(0x000000001e870000,0x000000001e970000)]
  0x000000001dd3b800 JavaThread "JDWP Transport Listener: dt_socket" daemon [_thread_blocked, id=1872, stack(0x000000001e770000,0x000000001e870000)]
  0x000000001dd22000 JavaThread "Attach Listener" daemon [_thread_blocked, id=3964, stack(0x000000001e1f0000,0x000000001e2f0000)]
  0x000000001dd21000 JavaThread "Signal Dispatcher" daemon [_thread_blocked, id=7928, stack(0x000000001e0f0000,0x000000001e1f0000)]
  0x000000001bd01800 JavaThread "Finalizer" daemon [_thread_blocked, id=7544, stack(0x000000001dbf0000,0x000000001dcf0000)]
  0x000000001bcfa800 JavaThread "Reference Handler" daemon [_thread_blocked, id=5728, stack(0x000000001daf0000,0x000000001dbf0000)]

Other Threads:
  0x000000001bcf6800 VMThread [stack: 0x000000001d9f0000,0x000000001daf0000] [id=3312]
  0x000000001ddfb000 WatcherThread [stack: 0x000000001ef70000,0x000000001f070000] [id=11880]

VM state:not at safepoint (normal execution)

VM Mutex/Monitor currently owned by a thread: None

Heap:
 PSYoungGen      total 1002496K, used 305937K [0x000000076c180000, 0x00000007abc80000, 0x00000007c0000000)
  eden space 966656K, 28% used [0x000000076c180000,0x000000077cb64738,0x00000007a7180000)
  from space 35840K, 93% used [0x00000007a9980000,0x00000007aba60000,0x00000007abc80000)
  to   space 38400K, 0% used [0x00000007a7180000,0x00000007a7180000,0x00000007a9700000)
 ParOldGen       total 202752K, used 107396K [0x00000006c4400000, 0x00000006d0a00000, 0x000000076c180000)
  object space 202752K, 52% used [0x00000006c4400000,0x00000006cace11e8,0x00000006d0a00000)
 Metaspace       used 67493K, capacity 68363K, committed 68736K, reserved 1110016K
  class space    used 7766K, capacity 8083K, committed 8320K, reserved 1048576K

Card table byte_map: [0x00000000117e0000,0x0000000011fc0000] byte_map_base: 0x000000000e1be000

Marking Bits: (ParMarkBitMap*) 0x0000000066ac4040
 Begin Bits: [0x0000000012d00000, 0x0000000016bf0000)
 End Bits:   [0x0000000016bf0000, 0x000000001aae0000)

Polling page: 0x0000000002080000

CodeCache: size=245760Kb used=30116Kb max_used=30639Kb free=215643Kb
 bounds [0x0000000002420000, 0x00000000043b0000, 0x0000000011420000]
 total_blobs=8991 nmethods=7794 adapters=1115
 compilation: enabled

Compilation events (10 events):
Event: 1401.105 Thread 0x000000001dd58000 10099       3       org.h2.mvstore.db.ValueDataType::write (36 bytes)
Event: 1401.113 Thread 0x000000001dd58000 nmethod 10099 0x0000000004183b10 code [0x0000000004183d00, 0x0000000004184608]
Event: 1401.113 Thread 0x000000001dd58000 10098       1       org.h2.value.ValueArray::getType (3 bytes)
Event: 1401.113 Thread 0x000000001dd58000 nmethod 10098 0x00000000041837d0 code [0x0000000004183920, 0x0000000004183a30]
Event: 1416.066 Thread 0x000000001dd57800 10100       4       org.h2.mvstore.Chunk::asString (223 bytes)
Event: 1416.087 Thread 0x000000001dd57800 nmethod 10100 0x0000000003d46f10 code [0x0000000003d471e0, 0x0000000003d484f8]
Event: 1454.308 Thread 0x000000001dd58000 10101  s    3       org.h2.mvstore.MVMap::replace (28 bytes)
Event: 1454.312 Thread 0x000000001dd58000 nmethod 10101 0x0000000003afc8d0 code [0x0000000003afca60, 0x0000000003afcf08]
Event: 1454.312 Thread 0x000000001dd58000 10102       3       org.h2.mvstore.MVMap::areValuesEqual (37 bytes)
Event: 1454.313 Thread 0x000000001dd58000 nmethod 10102 0x0000000003c28e10 code [0x0000000003c28f80, 0x0000000003c292e8]

GC Heap History (10 events):
Event: 1371.106 GC heap before
{Heap before GC invocations=164 (full 4):
 PSYoungGen      total 925184K, used 921408K [0x000000076c180000, 0x00000007a8180000, 0x00000007c0000000)
  eden space 889344K, 100% used [0x000000076c180000,0x00000007a2600000,0x00000007a2600000)
  from space 35840K, 89% used [0x00000007a2600000,0x00000007a4550000,0x00000007a4900000)
  to   space 36352K, 0% used [0x00000007a5e00000,0x00000007a5e00000,0x00000007a8180000)
 ParOldGen       total 202752K, used 107132K [0x00000006c4400000, 0x00000006d0a00000, 0x000000076c180000)
  object space 202752K, 52% used [0x00000006c4400000,0x00000006cac9f1e8,0x00000006d0a00000)
 Metaspace       used 67493K, capacity 68363K, committed 68736K, reserved 1110016K
  class space    used 7766K, capacity 8083K, committed 8320K, reserved 1048576K
Event: 1371.132 GC heap after
Heap after GC invocations=164 (full 4):
 PSYoungGen      total 946176K, used 32352K [0x000000076c180000, 0x00000007a8300000, 0x00000007c0000000)
  eden space 909824K, 0% used [0x000000076c180000,0x000000076c180000,0x00000007a3a00000)
  from space 36352K, 88% used [0x00000007a5e00000,0x00000007a7d98020,0x00000007a8180000)
  to   space 36864K, 0% used [0x00000007a3a00000,0x00000007a3a00000,0x00000007a5e00000)
 ParOldGen       total 202752K, used 107180K [0x00000006c4400000, 0x00000006d0a00000, 0x000000076c180000)
  object space 202752K, 52% used [0x00000006c4400000,0x00000006cacab1e8,0x00000006d0a00000)
 Metaspace       used 67493K, capacity 68363K, committed 68736K, reserved 1110016K
  class space    used 7766K, capacity 8083K, committed 8320K, reserved 1048576K
}
Event: 1389.411 GC heap before
{Heap before GC invocations=165 (full 4):
 PSYoungGen      total 946176K, used 942176K [0x000000076c180000, 0x00000007a8300000, 0x00000007c0000000)
  eden space 909824K, 100% used [0x000000076c180000,0x00000007a3a00000,0x00000007a3a00000)
  from space 36352K, 88% used [0x00000007a5e00000,0x00000007a7d98020,0x00000007a8180000)
  to   space 36864K, 0% used [0x00000007a3a00000,0x00000007a3a00000,0x00000007a5e00000)
 ParOldGen       total 202752K, used 107180K [0x00000006c4400000, 0x00000006d0a00000, 0x000000076c180000)
  object space 202752K, 52% used [0x00000006c4400000,0x00000006cacab1e8,0x00000006d0a00000)
 Metaspace       used 67493K, capacity 68363K, committed 68736K, reserved 1110016K
  class space    used 7766K, capacity 8083K, committed 8320K, reserved 1048576K
Event: 1389.436 GC heap after
Heap after GC invocations=165 (full 4):
 PSYoungGen      total 946688K, used 32352K [0x000000076c180000, 0x00000007a9880000, 0x00000007c0000000)
  eden space 909824K, 0% used [0x000000076c180000,0x000000076c180000,0x00000007a3a00000)
  from space 36864K, 87% used [0x00000007a3a00000,0x00000007a5998000,0x00000007a5e00000)
  to   space 37376K, 0% used [0x00000007a7400000,0x00000007a7400000,0x00000007a9880000)
 ParOldGen       total 202752K, used 107228K [0x00000006c4400000, 0x00000006d0a00000, 0x000000076c180000)
  object space 202752K, 52% used [0x00000006c4400000,0x00000006cacb71e8,0x00000006d0a00000)
 Metaspace       used 67493K, capacity 68363K, committed 68736K, reserved 1110016K
  class space    used 7766K, capacity 8083K, committed 8320K, reserved 1048576K
}
Event: 1408.273 GC heap before
{Heap before GC invocations=166 (full 4):
 PSYoungGen      total 946688K, used 942176K [0x000000076c180000, 0x00000007a9880000, 0x00000007c0000000)
  eden space 909824K, 100% used [0x000000076c180000,0x00000007a3a00000,0x00000007a3a00000)
  from space 36864K, 87% used [0x00000007a3a00000,0x00000007a5998000,0x00000007a5e00000)
  to   space 37376K, 0% used [0x00000007a7400000,0x00000007a7400000,0x00000007a9880000)
 ParOldGen       total 202752K, used 107228K [0x00000006c4400000, 0x00000006d0a00000, 0x000000076c180000)
  object space 202752K, 52% used [0x00000006c4400000,0x00000006cacb71e8,0x00000006d0a00000)
 Metaspace       used 67493K, capacity 68363K, committed 68736K, reserved 1110016K
  class space    used 7766K, capacity 8083K, committed 8320K, reserved 1048576K
Event: 1408.300 GC heap after
Heap after GC invocations=166 (full 4):
 PSYoungGen      total 969216K, used 32192K [0x000000076c180000, 0x00000007a9880000, 0x00000007c0000000)
  eden space 931840K, 0% used [0x000000076c180000,0x000000076c180000,0x00000007a4f80000)
  from space 37376K, 86% used [0x00000007a7400000,0x00000007a9370010,0x00000007a9880000)
  to   space 37376K, 0% used [0x00000007a4f80000,0x00000007a4f80000,0x00000007a7400000)
 ParOldGen       total 202752K, used 107292K [0x00000006c4400000, 0x00000006d0a00000, 0x000000076c180000)
  object space 202752K, 52% used [0x00000006c4400000,0x00000006cacc71e8,0x00000006d0a00000)
 Metaspace       used 67493K, capacity 68363K, committed 68736K, reserved 1110016K
  class space    used 7766K, capacity 8083K, committed 8320K, reserved 1048576K
}
Event: 1426.713 GC heap before
{Heap before GC invocations=167 (full 4):
 PSYoungGen      total 969216K, used 964032K [0x000000076c180000, 0x00000007a9880000, 0x00000007c0000000)
  eden space 931840K, 100% used [0x000000076c180000,0x00000007a4f80000,0x00000007a4f80000)
  from space 37376K, 86% used [0x00000007a7400000,0x00000007a9370010,0x00000007a9880000)
  to   space 37376K, 0% used [0x00000007a4f80000,0x00000007a4f80000,0x00000007a7400000)
 ParOldGen       total 202752K, used 107292K [0x00000006c4400000, 0x00000006d0a00000, 0x000000076c180000)
  object space 202752K, 52% used [0x00000006c4400000,0x00000006cacc71e8,0x00000006d0a00000)
 Metaspace       used 67493K, capacity 68363K, committed 68736K, reserved 1110016K
  class space    used 7766K, capacity 8083K, committed 8320K, reserved 1048576K
Event: 1426.826 GC heap after
Heap after GC invocations=167 (full 4):
 PSYoungGen      total 969216K, used 33408K [0x000000076c180000, 0x00000007abe80000, 0x00000007c0000000)
  eden space 931840K, 0% used [0x000000076c180000,0x000000076c180000,0x00000007a4f80000)
  from space 37376K, 89% used [0x00000007a4f80000,0x00000007a7020010,0x00000007a7400000)
  to   space 37888K, 0% used [0x00000007a9980000,0x00000007a9980000,0x00000007abe80000)
 ParOldGen       total 202752K, used 107340K [0x00000006c4400000, 0x00000006d0a00000, 0x000000076c180000)
  object space 202752K, 52% used [0x00000006c4400000,0x00000006cacd31e8,0x00000006d0a00000)
 Metaspace       used 67493K, capacity 68363K, committed 68736K, reserved 1110016K
  class space    used 7766K, capacity 8083K, committed 8320K, reserved 1048576K
}
Event: 1446.045 GC heap before
{Heap before GC invocations=168 (full 4):
 PSYoungGen      total 969216K, used 965248K [0x000000076c180000, 0x00000007abe80000, 0x00000007c0000000)
  eden space 931840K, 100% used [0x000000076c180000,0x00000007a4f80000,0x00000007a4f80000)
  from space 37376K, 89% used [0x00000007a4f80000,0x00000007a7020010,0x00000007a7400000)
  to   space 37888K, 0% used [0x00000007a9980000,0x00000007a9980000,0x00000007abe80000)
 ParOldGen       total 202752K, used 107340K [0x00000006c4400000, 0x00000006d0a00000, 0x000000076c180000)
  object space 202752K, 52% used [0x00000006c4400000,0x00000006cacd31e8,0x00000006d0a00000)
 Metaspace       used 67493K, capacity 68363K, committed 68736K, reserved 1110016K
  class space    used 7766K, capacity 8083K, committed 8320K, reserved 1048576K
Event: 1446.076 GC heap after
Heap after GC invocations=168 (full 4):
 PSYoungGen      total 1002496K, used 33664K [0x000000076c180000, 0x00000007abc80000, 0x00000007c0000000)
  eden space 966656K, 0% used [0x000000076c180000,0x000000076c180000,0x00000007a7180000)
  from space 35840K, 93% used [0x00000007a9980000,0x00000007aba60000,0x00000007abc80000)
  to   space 38400K, 0% used [0x00000007a7180000,0x00000007a7180000,0x00000007a9700000)
 ParOldGen       total 202752K, used 107396K [0x00000006c4400000, 0x00000006d0a00000, 0x000000076c180000)
  object space 202752K, 52% used [0x00000006c4400000,0x00000006cace11e8,0x00000006d0a00000)
 Metaspace       used 67493K, capacity 68363K, committed 68736K, reserved 1110016K
  class space    used 7766K, capacity 8083K, committed 8320K, reserved 1048576K
}

Deoptimization events (10 events):
Event: 743.384 Thread 0x00000000203e9800 Uncommon trap: reason=unhandled action=none pc=0x00000000042c0078 method=java.util.ResourceBundle.getObject(Ljava/lang/String;)Ljava/lang/Object; @ 79
Event: 751.127 Thread 0x00000000203e9800 Uncommon trap: reason=unhandled action=none pc=0x00000000042c0078 method=java.util.ResourceBundle.getObject(Ljava/lang/String;)Ljava/lang/Object; @ 79
Event: 751.127 Thread 0x00000000203e9800 Uncommon trap: reason=unhandled action=none pc=0x00000000042c0078 method=java.util.ResourceBundle.getObject(Ljava/lang/String;)Ljava/lang/Object; @ 79
Event: 751.129 Thread 0x00000000203e9800 Uncommon trap: reason=unhandled action=none pc=0x00000000042c0078 method=java.util.ResourceBundle.getObject(Ljava/lang/String;)Ljava/lang/Object; @ 79
Event: 751.129 Thread 0x00000000203e9800 Uncommon trap: reason=unhandled action=none pc=0x00000000042c0078 method=java.util.ResourceBundle.getObject(Ljava/lang/String;)Ljava/lang/Object; @ 79
Event: 751.129 Thread 0x00000000203e9800 Uncommon trap: reason=unhandled action=none pc=0x00000000042c0078 method=java.util.ResourceBundle.getObject(Ljava/lang/String;)Ljava/lang/Object; @ 79
Event: 751.129 Thread 0x00000000203e9800 Uncommon trap: reason=unhandled action=none pc=0x00000000042c0078 method=java.util.ResourceBundle.getObject(Ljava/lang/String;)Ljava/lang/Object; @ 79
Event: 751.130 Thread 0x00000000203e9800 Uncommon trap: reason=unhandled action=none pc=0x00000000042c0078 method=java.util.ResourceBundle.getObject(Ljava/lang/String;)Ljava/lang/Object; @ 79
Event: 751.130 Thread 0x00000000203e9800 Uncommon trap: reason=unhandled action=none pc=0x00000000042c0078 method=java.util.ResourceBundle.getObject(Ljava/lang/String;)Ljava/lang/Object; @ 79
Event: 1027.860 Thread 0x00000000203e8800 Uncommon trap: reason=predicate action=maybe_recompile pc=0x0000000002bd73c0 method=java.awt.datatransfer.MimeTypeParameterList.parse(Ljava/lang/String;)V @ 71

Internal exceptions (10 events):
Event: 548.448 Thread 0x00000000203e9800 Exception <a 'java/lang/ArrayIndexOutOfBoundsException': 61> (0x000000078394ab18) thrown at [C:\re\workspace\8-2-build-windows-amd64-cygwin\jdk8u45\3627\hotspot\src\share\vm\interpreter\interpreterRuntime.cpp, line 366]
Event: 548.449 Thread 0x00000000203e9800 Exception <a 'java/lang/ArrayIndexOutOfBoundsException': 71> (0x000000078395ed80) thrown at [C:\re\workspace\8-2-build-windows-amd64-cygwin\jdk8u45\3627\hotspot\src\share\vm\interpreter\interpreterRuntime.cpp, line 366]
Event: 563.557 Thread 0x00000000203e9800 Implicit null exception at 0x000000000403be3d to 0x000000000403ce05
Event: 564.324 Thread 0x00000000337f8000 Exception <a 'java/lang/InterruptedException': sleep interrupted> (0x0000000770324d88) thrown at [C:\re\workspace\8-2-build-windows-amd64-cygwin\jdk8u45\3627\hotspot\src\share\vm\prims\jvm.cpp, line 3211]
Event: 590.393 Thread 0x00000000337f9800 Exception <a 'java/lang/InterruptedException': sleep interrupted> (0x000000077c03eaa8) thrown at [C:\re\workspace\8-2-build-windows-amd64-cygwin\jdk8u45\3627\hotspot\src\share\vm\prims\jvm.cpp, line 3211]
Event: 657.172 Thread 0x00000000337f8800 Exception <a 'java/lang/InterruptedException': sleep interrupted> (0x000000076d964398) thrown at [C:\re\workspace\8-2-build-windows-amd64-cygwin\jdk8u45\3627\hotspot\src\share\vm\prims\jvm.cpp, line 3211]
Event: 692.601 Thread 0x00000000337f9800 Exception <a 'java/lang/InterruptedException': sleep interrupted> (0x0000000776caa950) thrown at [C:\re\workspace\8-2-build-windows-amd64-cygwin\jdk8u45\3627\hotspot\src\share\vm\prims\jvm.cpp, line 3211]
Event: 726.415 Thread 0x00000000337ef800 Exception <a 'java/lang/InterruptedException': sleep interrupted> (0x00000007767d3810) thrown at [C:\re\workspace\8-2-build-windows-amd64-cygwin\jdk8u45\3627\hotspot\src\share\vm\prims\jvm.cpp, line 3211]
Event: 729.639 Thread 0x00000000337f9800 Exception <a 'java/lang/InterruptedException': sleep interrupted> (0x000000076c613a18) thrown at [C:\re\workspace\8-2-build-windows-amd64-cygwin\jdk8u45\3627\hotspot\src\share\vm\prims\jvm.cpp, line 3211]
Event: 733.871 Thread 0x00000000337ec000 Exception <a 'java/lang/InterruptedException': sleep interrupted> (0x000000077c61bb28) thrown at [C:\re\workspace\8-2-build-windows-amd64-cygwin\jdk8u45\3627\hotspot\src\share\vm\prims\jvm.cpp, line 3211]

Events (10 events):
Event: 1371.106 Executing VM operation: ParallelGCFailedAllocation
Event: 1371.132 Executing VM operation: ParallelGCFailedAllocation done
Event: 1389.411 Executing VM operation: ParallelGCFailedAllocation
Event: 1389.436 Executing VM operation: ParallelGCFailedAllocation done
Event: 1408.272 Executing VM operation: ParallelGCFailedAllocation
Event: 1408.300 Executing VM operation: ParallelGCFailedAllocation done
Event: 1426.693 Executing VM operation: ParallelGCFailedAllocation
Event: 1426.826 Executing VM operation: ParallelGCFailedAllocation done
Event: 1446.041 Executing VM operation: ParallelGCFailedAllocation
Event: 1446.076 Executing VM operation: ParallelGCFailedAllocation done


Dynamic libraries:
0x00007ff77d760000 - 0x00007ff77d797000 	C:\Program Files\Java\jdk1.8.0_45\bin\javaw.exe
0x00007ffb9aa10000 - 0x00007ffb9abd1000 	C:\WINDOWS\SYSTEM32\ntdll.dll
0x00007ffb9a960000 - 0x00007ffb9aa0d000 	C:\WINDOWS\system32\KERNEL32.DLL
0x00007ffb97ab0000 - 0x00007ffb97c98000 	C:\WINDOWS\system32\KERNELBASE.dll
0x00007ffb98860000 - 0x00007ffb98907000 	C:\WINDOWS\system32\ADVAPI32.dll
0x00007ffb98c70000 - 0x00007ffb98d0d000 	C:\WINDOWS\system32\msvcrt.dll
0x00007ffb98910000 - 0x00007ffb9896b000 	C:\WINDOWS\system32\sechost.dll
0x00007ffb98ae0000 - 0x00007ffb98bfc000 	C:\WINDOWS\system32\RPCRT4.dll
0x00007ffb98220000 - 0x00007ffb98376000 	C:\WINDOWS\system32\USER32.dll
0x00007ffb97e10000 - 0x00007ffb97f96000 	C:\WINDOWS\system32\GDI32.dll
0x00007ffb91150000 - 0x00007ffb913c4000 	C:\WINDOWS\WinSxS\amd64_microsoft.windows.common-controls_6595b64144ccf1df_6.0.10586.0_none_8c15ae12515e1c22\COMCTL32.dll
0x00007ffb97fa0000 - 0x00007ffb9821d000 	C:\WINDOWS\system32\combase.dll
0x00007ffb97870000 - 0x00007ffb978da000 	C:\WINDOWS\system32\bcryptPrimitives.dll
0x00007ffb992c0000 - 0x00007ffb992fb000 	C:\WINDOWS\system32\IMM32.DLL
0x00007ffb96f20000 - 0x00007ffb96f51000 	C:\Windows\system32\nvinitx.dll
0x00007ffb96f10000 - 0x00007ffb96f1a000 	C:\WINDOWS\SYSTEM32\VERSION.dll
0x0000000066b50000 - 0x0000000066c22000 	C:\Program Files\Java\jdk1.8.0_45\jre\bin\msvcr100.dll
0x00000000662c0000 - 0x0000000066b43000 	C:\Program Files\Java\jdk1.8.0_45\jre\bin\server\jvm.dll
0x00007ffb99320000 - 0x00007ffb99328000 	C:\WINDOWS\system32\PSAPI.DLL
0x00007ffb8c790000 - 0x00007ffb8c799000 	C:\WINDOWS\SYSTEM32\WSOCK32.dll
0x00007ffb95260000 - 0x00007ffb95283000 	C:\WINDOWS\SYSTEM32\WINMM.dll
0x00007ffb99390000 - 0x00007ffb993fb000 	C:\WINDOWS\system32\WS2_32.dll
0x00007ffb950a0000 - 0x00007ffb950cc000 	C:\WINDOWS\SYSTEM32\WINMMBASE.dll
0x00007ffb970c0000 - 0x00007ffb97103000 	C:\WINDOWS\system32\cfgmgr32.dll
0x00000000662b0000 - 0x00000000662bf000 	C:\Program Files\Java\jdk1.8.0_45\jre\bin\verify.dll
0x0000000066280000 - 0x00000000662a9000 	C:\Program Files\Java\jdk1.8.0_45\jre\bin\java.dll
0x0000000066240000 - 0x0000000066275000 	C:\Program Files\Java\jdk1.8.0_45\jre\bin\jdwp.dll
0x0000000066230000 - 0x0000000066238000 	C:\Program Files\Java\jdk1.8.0_45\jre\bin\npt.dll
0x0000000066210000 - 0x0000000066226000 	C:\Program Files\Java\jdk1.8.0_45\jre\bin\zip.dll
0x00007ffb99400000 - 0x00007ffb9a95c000 	C:\WINDOWS\system32\SHELL32.dll
0x00007ffb97110000 - 0x00007ffb97755000 	C:\WINDOWS\system32\windows.storage.dll
0x00007ffb99130000 - 0x00007ffb99182000 	C:\WINDOWS\system32\shlwapi.dll
0x00007ffb97040000 - 0x00007ffb9704f000 	C:\WINDOWS\system32\kernel.appcore.dll
0x00007ffb97d50000 - 0x00007ffb97e05000 	C:\WINDOWS\system32\shcore.dll
0x00007ffb97070000 - 0x00007ffb970bb000 	C:\WINDOWS\system32\powrprof.dll
0x00007ffb97050000 - 0x00007ffb97064000 	C:\WINDOWS\system32\profapi.dll
0x0000000066200000 - 0x0000000066209000 	C:\Program Files\Java\jdk1.8.0_45\jre\bin\dt_socket.dll
0x00007ffb88ee0000 - 0x00007ffb88ef6000 	C:\WINDOWS\system32\napinsp.dll
0x00007ffb88f00000 - 0x00007ffb88f1a000 	C:\WINDOWS\system32\pnrpnsp.dll
0x00007ffb95050000 - 0x00007ffb95068000 	C:\WINDOWS\system32\NLAapi.dll
0x00007ffb968b0000 - 0x00007ffb9690c000 	C:\WINDOWS\System32\mswsock.dll
0x00007ffb95960000 - 0x00007ffb95a0a000 	C:\WINDOWS\SYSTEM32\DNSAPI.dll
0x00007ffb98980000 - 0x00007ffb98988000 	C:\WINDOWS\system32\NSI.dll
0x00007ffb88f20000 - 0x00007ffb88f2d000 	C:\WINDOWS\System32\winrnr.dll
0x0000000067e20000 - 0x0000000067e55000 	C:\Program Files\Bonjour\mdnsNSP.dll
0x00007ffb8f9a0000 - 0x00007ffb8f9d8000 	C:\WINDOWS\SYSTEM32\Iphlpapi.DLL
0x00007ffb8d650000 - 0x00007ffb8d6b7000 	C:\WINDOWS\System32\fwpuclnt.dll
0x00007ffb96f60000 - 0x00007ffb96f89000 	C:\WINDOWS\SYSTEM32\bcrypt.dll
0x00007ffb8b3c0000 - 0x00007ffb8b3ca000 	C:\Windows\System32\rasadhlp.dll
0x00000000661f0000 - 0x00000000661fd000 	C:\Program Files\Java\jdk1.8.0_45\jre\bin\management.dll
0x00000000661d0000 - 0x00000000661ea000 	C:\Program Files\Java\jdk1.8.0_45\jre\bin\net.dll
0x00000000661b0000 - 0x00000000661c1000 	C:\Program Files\Java\jdk1.8.0_45\jre\bin\nio.dll
0x0000000066010000 - 0x00000000661a8000 	C:\Program Files\Java\jdk1.8.0_45\jre\bin\awt.dll
0x00007ffb991f0000 - 0x00007ffb992b1000 	C:\WINDOWS\system32\OLEAUT32.dll
0x00007ffb957d0000 - 0x00007ffb95849000 	C:\WINDOWS\system32\apphelp.dll
0x00007ffb95a10000 - 0x00007ffb95aa6000 	C:\WINDOWS\system32\uxtheme.dll
0x00007ffb98d10000 - 0x00007ffb98e6a000 	C:\WINDOWS\system32\MSCTF.dll
0x00007ffb94a00000 - 0x00007ffb94a22000 	C:\WINDOWS\system32\dwmapi.dll
0x00007ffb98990000 - 0x00007ffb98ad3000 	C:\WINDOWS\system32\ole32.dll
0x0000000065fe0000 - 0x0000000066004000 	C:\Program Files\Java\jdk1.8.0_45\jre\bin\sunec.dll
0x00007ffb96960000 - 0x00007ffb96977000 	C:\WINDOWS\SYSTEM32\CRYPTSP.dll
0x00007ffb965f0000 - 0x00007ffb96624000 	C:\WINDOWS\system32\rsaenh.dll
0x00007ffb96740000 - 0x00007ffb9675f000 	C:\WINDOWS\SYSTEM32\USERENV.dll
0x00007ffb96f00000 - 0x00007ffb96f0b000 	C:\WINDOWS\SYSTEM32\CRYPTBASE.dll
0x0000000065f90000 - 0x0000000065fd7000 	C:\Program Files\Java\jdk1.8.0_45\jre\bin\fontmanager.dll
0x00007ffb914b0000 - 0x00007ffb9155a000 	C:\WINDOWS\WinSxS\amd64_microsoft.windows.common-controls_6595b64144ccf1df_5.82.10586.0_none_396e892957c7fb25\comctl32.dll
0x00007ffb987b0000 - 0x00007ffb98857000 	C:\WINDOWS\system32\clbcatq.dll
0x00007ffb94aa0000 - 0x00007ffb94c26000 	C:\WINDOWS\system32\propsys.dll
0x00007ffb60740000 - 0x00007ffb60867000 	C:\WINDOWS\system32\NetworkExplorer.dll
0x00007ffb940d0000 - 0x00007ffb94563000 	C:\Windows\System32\ActXPrxy.dll
0x00007ffb92f30000 - 0x00007ffb930e1000 	C:\WINDOWS\SYSTEM32\WindowsCodecs.dll
0x00007ffb83870000 - 0x00007ffb838bd000 	C:\Windows\System32\thumbcache.dll
0x0000000065f40000 - 0x0000000065f81000 	C:\Program Files\Java\jdk1.8.0_45\jre\bin\t2k.dll
0x00007ffb81000000 - 0x00007ffb8101b000 	C:\WINDOWS\SYSTEM32\MPR.dll
0x00007ffb8ffc0000 - 0x00007ffb8ffcb000 	C:\WINDOWS\System32\drprov.dll
0x00007ffb96ea0000 - 0x00007ffb96ef6000 	C:\WINDOWS\System32\WINSTA.dll
0x00007ffb8de20000 - 0x00007ffb8de36000 	C:\WINDOWS\System32\ntlanman.dll
0x00007ffb8e120000 - 0x00007ffb8e140000 	C:\WINDOWS\System32\davclnt.dll
0x00007ffb953c0000 - 0x00007ffb953cc000 	C:\WINDOWS\System32\DAVHLPR.dll
0x00007ffb926d0000 - 0x00007ffb926e6000 	C:\WINDOWS\System32\wkscli.dll
0x00007ffb86420000 - 0x00007ffb86432000 	C:\WINDOWS\SYSTEM32\cscapi.dll
0x00007ffb963f0000 - 0x00007ffb963fc000 	C:\WINDOWS\System32\netutils.dll
0x00007ffb8e640000 - 0x00007ffb8e6bf000 	C:\Windows\System32\dlnashext.dll
0x00007ffb70670000 - 0x00007ffb7068f000 	C:\Windows\System32\DevDispItemProvider.dll
0x00007ffb95ab0000 - 0x00007ffb95ad7000 	C:\WINDOWS\System32\DEVOBJ.dll
0x00007ffb6e8b0000 - 0x00007ffb6eab3000 	C:\WINDOWS\system32\wpdshext.dll
0x00007ffb90dc0000 - 0x00007ffb90f68000 	C:\WINDOWS\WinSxS\amd64_microsoft.windows.gdiplus_6595b64144ccf1df_1.1.10586.20_none_db007f1392e69ef4\gdiplus.dll
0x00007ffb94f70000 - 0x00007ffb95011000 	C:\Windows\System32\PortableDeviceApi.dll
0x00007ffb98380000 - 0x00007ffb987a9000 	C:\WINDOWS\system32\SETUPAPI.dll
0x00007ffb97780000 - 0x00007ffb977d5000 	C:\WINDOWS\system32\WINTRUST.dll
0x00007ffb97030000 - 0x00007ffb97040000 	C:\WINDOWS\system32\MSASN1.dll
0x00007ffb978e0000 - 0x00007ffb97aa7000 	C:\WINDOWS\system32\CRYPT32.dll
0x00007ffb72ed0000 - 0x00007ffb72f03000 	C:\Windows\System32\PortableDeviceTypes.dll
0x00007ffb8e140000 - 0x00007ffb8e177000 	C:\Windows\System32\EhStorShell.dll
0x00007ffb92120000 - 0x00007ffb92146000 	C:\Windows\System32\EhStorAPI.dll
0x00007ffb94ed0000 - 0x00007ffb94ee3000 	C:\Windows\System32\WTSAPI32.dll
0x00007ffb8ca90000 - 0x00007ffb8ca9d000 	C:\WINDOWS\SYSTEM32\LINKINFO.dll
0x00007ffb96c50000 - 0x00007ffb96c7d000 	C:\WINDOWS\SYSTEM32\SspiCli.dll
0x00007ffb8dc80000 - 0x00007ffb8dc96000 	C:\WINDOWS\SYSTEM32\dhcpcsvc6.DLL
0x00007ffb8d8d0000 - 0x00007ffb8d8ea000 	C:\WINDOWS\SYSTEM32\dhcpcsvc.DLL
0x00000000637c0000 - 0x00000000637cd000 	C:\Users\Pietro\AppData\Local\Temp\jogamp_0000\file_cache\jln8535179682918927772\jln1401459772812642571\gluegen-rt.dll
0x0000000065f30000 - 0x0000000065f37000 	C:\Program Files\Java\jdk1.8.0_45\jre\bin\jawt.dll
0x000000006a440000 - 0x000000006a44d000 	C:\Users\Pietro\AppData\Local\Temp\jogamp_0000\file_cache\jln8535179682918927772\jln1401459772812642571\nativewindow_awt.dll
0x000000006c100000 - 0x000000006c10f000 	C:\Users\Pietro\AppData\Local\Temp\jogamp_0000\file_cache\jln8535179682918927772\jln1401459772812642571\nativewindow_win32.dll
0x00007ffb82fd0000 - 0x00007ffb830f9000 	C:\WINDOWS\SYSTEM32\OpenGL32.dll
0x00007ffb82e70000 - 0x00007ffb82f6a000 	C:\WINDOWS\SYSTEM32\DDRAW.dll
0x00007ffb8e090000 - 0x00007ffb8e0be000 	C:\WINDOWS\SYSTEM32\GLU32.dll
0x00007ffb92290000 - 0x00007ffb92298000 	C:\WINDOWS\SYSTEM32\DCIMAN32.dll
0x0000000064500000 - 0x00000000645a0000 	C:\Users\Pietro\AppData\Local\Temp\jogamp_0000\file_cache\jln8535179682918927772\jln1401459772812642571\jogl_desktop.dll
0x00007ffb76e10000 - 0x00007ffb7792f000 	C:\WINDOWS\SYSTEM32\ig75icd64.dll
0x00007ffb916c0000 - 0x00007ffb920df000 	C:\WINDOWS\SYSTEM32\igdusc64.dll
0x00007ffb90000000 - 0x00007ffb90053000 	H:\SUMO_W\Sumo\repo\gdal_lib_win64\gdaljni.dll
0x00007ffb8b630000 - 0x00007ffb8b6d6000 	C:\WINDOWS\SYSTEM32\MSVCP120.dll
0x00007ffb8b6e0000 - 0x00007ffb8b7cf000 	C:\WINDOWS\SYSTEM32\MSVCR120.dll
0x00007ffb5d8d0000 - 0x00007ffb5e409000 	C:\Program Files\GDAL\gdal111.dll
0x000000002d2c0000 - 0x000000002d5f0000 	C:\Program Files\GDAL\xerces-c_2_8.dll
0x00007ffb8d950000 - 0x00007ffb8d976000 	C:\Program Files\GDAL\expat.dll
0x00007ffb8cac0000 - 0x00007ffb8cae8000 	C:\Program Files\GDAL\LIBPQ.dll
0x00007ffb5d160000 - 0x00007ffb5d8d0000 	C:\Program Files\GDAL\spatialite.dll
0x00007ffb61cf0000 - 0x00007ffb6214a000 	C:\Program Files\GDAL\libmysql.dll
0x00007ffb876a0000 - 0x00007ffb876e8000 	C:\Program Files\GDAL\geos_c.dll
0x00007ffb87640000 - 0x00007ffb87694000 	C:\Program Files\GDAL\libcurl.dll
0x00007ffb87590000 - 0x00007ffb87640000 	C:\WINDOWS\SYSTEM32\ODBC32.dll
0x00007ffb7b1d0000 - 0x00007ffb7b1d7000 	C:\WINDOWS\SYSTEM32\SHFOLDER.dll
0x00007ffb86440000 - 0x00007ffb8644c000 	C:\WINDOWS\SYSTEM32\Secur32.dll
0x00007ffb8ba50000 - 0x00007ffb8ba80000 	C:\Program Files\GDAL\openjp2.dll
0x00007ffb87530000 - 0x00007ffb87588000 	C:\Program Files\GDAL\SSLEAY32.dll
0x00007ffb7c1f0000 - 0x00007ffb7c376000 	C:\Program Files\GDAL\LIBEAY32.dll

VM Arguments:
jvm_args: -agentlib:jdwp=transport=dt_socket,suspend=y,address=localhost:49786 -Dsun.java2d.noddraw=true -Djava.library.path=repo/hdf5_linux/;repo/gdal_lib_win64/ -Dncsa.hdf.hdf5lib.H5.hdf5lib=C:\Workspaces_MyEclipse Professional 2014\Sumo\libs\hdf5\jhdf5.dll -XX:NewRatio=2 -Xmx4028m -Dfile.encoding=UTF-8 
java_command: org.geoimage.viewer.core.GeoImageViewer
java_class_path (initial): C:\Users\Pietro\.m2\repository\org\apache\logging\log4j\log4j-api\2.5\log4j-api-2.5.jar;C:\Users\Pietro\.m2\repository\org\apache\logging\log4j\log4j-core\2.5\log4j-core-2.5.jar;C:\Users\Pietro\.m2\repository\org\slf4j\slf4j-api\1.7.12\slf4j-api-1.7.12.jar;C:\Users\Pietro\.m2\repository\org\apache\logging\log4j\log4j-slf4j-impl\2.5\log4j-slf4j-impl-2.5.jar;C:\Users\Pietro\.m2\repository\org\geotools\gt-shapefile\14.2\gt-shapefile-14.2.jar;C:\Users\Pietro\.m2\repository\org\geotools\gt-data\14.2\gt-data-14.2.jar;C:\Users\Pietro\.m2\repository\org\geotools\gt-main\14.2\gt-main-14.2.jar;C:\Users\Pietro\.m2\repository\org\jdom\jdom\1.1.3\jdom-1.1.3.jar;C:\Users\Pietro\.m2\repository\javax\media\jai_core\1.1.3\jai_core-1.1.3.jar;C:\Users\Pietro\.m2\repository\org\geotools\gt-swing\14.2\gt-swing-14.2.jar;C:\Users\Pietro\.m2\repository\org\geotools\gt-referencing\14.2\gt-referencing-14.2.jar;C:\Users\Pietro\.m2\repository\com\googlecode\efficient-java-matrix-library\core\0.26\core-0.26.jar;C:\Users\Pietro\.m2\repository\commons-pool\commons-pool\1.5.4\commons-pool-1.5.4.jar;C:\Users\Pietro\.m2\repository\org\geotools\gt-metadata\14.2\gt-metadata-14.2.jar;C:\Users\Pietro\.m2\repository\org\geotools\gt-opengis\14.2\gt-opengis-14.2.jar;C:\Users\Pietro\.m2\repository\net\java\dev\jsr-275\jsr-275\1.0-beta-2\jsr-275-1.0-beta-2.jar;C:\Users\Pietro\.m2\repository\jgridshift\jgridshift\1.0\jgridshift-1.0.jar;C:\Users\Pietro\.m2\repository\net\sf\geographiclib\GeographicLib-Java\1.44\GeographicLib-Java-1.44.jar;C:\Users\Pietro\.m2\repository\org\geotools\gt-render\14.2\gt-render-14.2.jar;C:\Users\Pietro\.m2\repository\com\miglayout\miglayout\3.7\miglayout-3.7-swing.jar;C:\Users\Pietro\.m2\repository\org\geotools\gt-wfs-ng\14.2\gt-wfs-ng-14.2.jar;C:\Users\Pietro\.m2\repository\org\geotools\gt-complex\14.2\gt-complex-14.2.jar;C:\Users\Pietro\.m2\repository\org\geotools\gt-app-schema-resolver\14.2\gt-app-schema-resolver-14.2.jar;C:\Users\Pietro\.m2\reposito
Launcher Type: SUN_STANDARD

Environment Variables:
JAVA_HOME=C:\Program Files\Java\jdk1.8.0_45
PATH=C:\Program Files\Java\jdk1.8.0_45\jre\bin;C:/Program Files/Java/jre1.8.0_66/bin/server;C:/Program Files/Java/jre1.8.0_66/bin;C:/Program Files/Java/jre1.8.0_66/lib/amd64;C:\GDAL;C:\Program Files\apache-maven-3.3.3\bin;C:\Program Files\GDAL;C:\Python27\;C:\Python27\Scripts;C:\ProgramData\Oracle\Java\javapath;C:\Program Files (x86)\Intel\iCLS Client\;C:\Program Files\Intel\iCLS Client\;C:\Windows\system32;C:\Windows;C:\Windows\System32\Wbem;C:\Windows\System32\WindowsPowerShell\v1.0\;C:\Program Files (x86)\NVIDIA Corporation\PhysX\Common;C:\Program Files\Intel\WiFi\bin\;C:\Program Files\Common Files\Intel\WirelessCommon\;C:\Program Files\Intel\Intel(R) Management Engine Components\DAL;C:\Program Files\Intel\Intel(R) Management Engine Components\IPT;C:\Program Files (x86)\Intel\Intel(R) Management Engine Components\DAL;C:\Program Files (x86)\Intel\Intel(R) Management Engine Components\IPT;C:\WINDOWS\system32;C:\WINDOWS;C:\WINDOWS\System32\Wbem;C:\WINDOWS\System32\WindowsPowerShell\v1.0\;C:\Program Files (x86)\OpenSSH\bin;C:\Program Files\HDF_Group\HDF5\1.8.15\bin\;C:\Program Files\Git\cmd;C:\Program Files\Git\mingw64\bin;C:\Program Files\Git\usr\bin;C:\Program Files\nodejs\;C:\Python27\;C:\Program Files\Intel\WiFi\bin\;C:\Program Files\Common Files\Intel\WirelessCommon\;C:\Program Files (x86)\Microsoft VS Code\bin;C:\Users\Pietro\AppData\Roaming\npm;H:\eclipse_mars;
USERNAME=Pietro
LD_LIBRARY_PATH=C:/Workspaces_MyEclipse Professional 2014/AlosReader/gdalbin/bin/gdal/java
OS=Windows_NT
PROCESSOR_IDENTIFIER=Intel64 Family 6 Model 60 Stepping 3, GenuineIntel



---------------  S Y S T E M  ---------------

OS: Windows 10.0 , 64 bit Build 10586 (10.0.10586.0)

CPU:total 8 (4 cores per cpu, 2 threads per core) family 6 model 60 stepping 3, cmov, cx8, fxsr, mmx, sse, sse2, sse3, ssse3, sse4.1, sse4.2, popcnt, avx, avx2, aes, clmul, erms, lzcnt, ht, tsc, tscinvbit, bmi1, bmi2

Memory: 4k page, physical 12492752k(200668k free), swap 41617992k(440k free)

vm_info: Java HotSpot(TM) 64-Bit Server VM (25.45-b02) for windows-amd64 JRE (1.8.0_45-b15), built on Apr 30 2015 12:40:44 by "java_re" with MS VC++ 10.0 (VS2010)

time: Tue May 03 23:49:46 2016
elapsed time: 1459 seconds (0d 0h 24m 19s)

