2015-07-15 22:54:01 INFO  GeoImageReaderFactory:118 - Successfully reading {0} as {1}...
2015-07-15 23:07:41 INFO  DetectedPixels:279 - Aggregating pixel Num:100  x:16256   y:2785
2015-07-15 23:07:41 INFO  DetectedPixels:279 - Aggregating pixel Num:200  x:15047   y:16634
2015-07-15 23:07:42 INFO  DetectedPixels:279 - Aggregating pixel Num:300  x:14319   y:141
2015-07-15 23:07:43 INFO  DetectedPixels:279 - Aggregating pixel Num:400  x:14581   y:12234
2015-07-15 23:07:44 INFO  DetectedPixels:279 - Aggregating pixel Num:500  x:17738   y:15014
2015-07-15 23:07:44 INFO  DetectedPixels:279 - Aggregating pixel Num:600  x:16959   y:8754
2015-07-15 23:07:44 INFO  DetectedPixels:279 - Aggregating pixel Num:700  x:12115   y:4556
2015-07-15 23:07:45 INFO  DetectedPixels:279 - Aggregating pixel Num:800  x:14637   y:12408
2015-07-15 23:07:45 INFO  DetectedPixels:279 - Aggregating pixel Num:900  x:16972   y:8730
2015-07-15 23:07:46 INFO  DetectedPixels:279 - Aggregating pixel Num:1000  x:15646   y:13600
2015-07-15 23:07:46 INFO  DetectedPixels:279 - Aggregating pixel Num:1100  x:16353   y:14544
2015-07-15 23:07:46 INFO  DetectedPixels:279 - Aggregating pixel Num:1200  x:15436   y:8903
2015-07-15 23:07:47 INFO  DetectedPixels:279 - Aggregating pixel Num:1300  x:14164   y:14367
2015-07-15 23:07:48 INFO  DetectedPixels:279 - Aggregating pixel Num:1400  x:14321   y:126
2015-07-15 23:07:48 INFO  DetectedPixels:279 - Aggregating pixel Num:1500  x:16707   y:10394
2015-07-15 23:07:49 INFO  DetectedPixels:279 - Aggregating pixel Num:1600  x:14799   y:16576
2015-07-15 23:07:49 INFO  DetectedPixels:279 - Aggregating pixel Num:1700  x:12357   y:4447
2015-07-15 23:07:50 INFO  DetectedPixels:279 - Aggregating pixel Num:1800  x:14776   y:16605
2015-07-15 23:07:50 INFO  DetectedPixels:279 - Aggregating pixel Num:1900  x:15632   y:13580
2015-07-15 23:07:50 INFO  DetectedPixels:279 - Aggregating pixel Num:2000  x:14587   y:12214
2015-07-15 23:07:51 INFO  DetectedPixels:279 - Aggregating pixel Num:2100  x:13611   y:3991
2015-07-15 23:07:51 INFO  DetectedPixels:279 - Aggregating pixel Num:2200  x:14591   y:12120
2015-07-15 23:07:52 INFO  DetectedPixels:279 - Aggregating pixel Num:2300  x:13717   y:14894
2015-07-15 23:07:52 INFO  DetectedPixels:279 - Aggregating pixel Num:2400  x:6897   y:9002
2015-07-15 23:07:52 INFO  DetectedPixels:279 - Aggregating pixel Num:2500  x:13717   y:14878
2015-07-15 23:07:52 INFO  DetectedPixels:279 - Aggregating pixel Num:2600  x:16144   y:14784
2015-07-15 23:07:53 INFO  DetectedPixels:279 - Aggregating pixel Num:2700  x:9449   y:5334
2015-07-15 23:07:53 INFO  DetectedPixels:279 - Aggregating pixel Num:2800  x:14314   y:11548
2015-07-15 23:07:53 INFO  DetectedPixels:279 - Aggregating pixel Num:2900  x:16617   y:12791
2015-07-15 23:07:54 INFO  DetectedPixels:279 - Aggregating pixel Num:3000  x:16614   y:12734
2015-07-15 23:07:54 INFO  DetectedPixels:279 - Aggregating pixel Num:3100  x:14165   y:14372
2015-07-15 23:07:54 INFO  DetectedPixels:279 - Aggregating pixel Num:3200  x:14744   y:16646
2015-07-15 23:07:54 INFO  DetectedPixels:279 - Aggregating pixel Num:3300  x:18152   y:1055
2015-07-15 23:07:55 INFO  DetectedPixels:279 - Aggregating pixel Num:3400  x:9686   y:5206
2015-07-15 23:07:55 INFO  DetectedPixels:279 - Aggregating pixel Num:3500  x:16592   y:12869
2015-07-15 23:07:55 INFO  DetectedPixels:279 - Aggregating pixel Num:3600  x:18855   y:8646
2015-07-15 23:07:56 INFO  DetectedPixels:279 - Aggregating pixel Num:3700  x:17739   y:15012
2015-07-15 23:07:56 INFO  DetectedPixels:279 - Aggregating pixel Num:3800  x:2685   y:12205
2015-07-15 23:07:56 INFO  DetectedPixels:279 - Aggregating pixel Num:3900  x:14753   y:16629
2015-07-15 23:07:57 INFO  DetectedPixels:279 - Aggregating pixel Num:4000  x:13958   y:11255
2015-07-15 23:07:57 INFO  DetectedPixels:279 - Aggregating pixel Num:4100  x:6478   y:15409
2015-07-15 23:07:57 INFO  DetectedPixels:279 - Aggregating pixel Num:4200  x:13244   y:12096
2015-07-15 23:07:57 INFO  DetectedPixels:279 - Aggregating pixel Num:4300  x:17388   y:9177
2015-07-15 23:07:57 INFO  DetectedPixels:279 - Aggregating pixel Num:4400  x:2751   y:11702
2015-07-15 23:07:58 INFO  DetectedPixels:279 - Aggregating pixel Num:4500  x:16158   y:3568
2015-07-15 23:07:58 INFO  DetectedPixels:279 - Aggregating pixel Num:4600  x:13928   y:14733
2015-07-15 23:07:58 INFO  DetectedPixels:279 - Aggregating pixel Num:4700  x:16927   y:8859
2015-07-15 23:07:58 INFO  DetectedPixels:279 - Aggregating pixel Num:4800  x:16757   y:10395
2015-07-15 23:07:58 INFO  DetectedPixels:279 - Aggregating pixel Num:4900  x:14320   y:133
2015-07-15 23:07:58 INFO  DetectedPixels:279 - Aggregating pixel Num:5000  x:14365   y:10407
2015-07-15 23:07:59 INFO  DetectedPixels:279 - Aggregating pixel Num:5100  x:16961   y:8748
2015-07-15 23:07:59 INFO  DetectedPixels:279 - Aggregating pixel Num:5200  x:14578   y:12207
2015-07-15 23:07:59 INFO  DetectedPixels:279 - Aggregating pixel Num:5300  x:18116   y:986
2015-07-15 23:07:59 INFO  DetectedPixels:279 - Aggregating pixel Num:5400  x:16969   y:8724
2015-07-15 23:08:00 INFO  DetectedPixels:279 - Aggregating pixel Num:5500  x:14470   y:15043
2015-07-15 23:08:00 INFO  DetectedPixels:279 - Aggregating pixel Num:5600  x:16955   y:8764
2015-07-15 23:08:00 INFO  DetectedPixels:279 - Aggregating pixel Num:5700  x:7934   y:8661
2015-07-15 23:08:00 INFO  DetectedPixels:279 - Aggregating pixel Num:5800  x:14589   y:12186
2015-07-15 23:08:00 INFO  DetectedPixels:279 - Aggregating pixel Num:5900  x:14972   y:3499
2015-07-15 23:08:01 INFO  DetectedPixels:279 - Aggregating pixel Num:6000  x:14712   y:1917
2015-07-15 23:08:01 INFO  DetectedPixels:279 - Aggregating pixel Num:6100  x:17452   y:8374
2015-07-15 23:08:02 INFO  DetectedPixels:279 - Aggregating pixel Num:6200  x:14647   y:12792
2015-07-15 23:08:02 INFO  DetectedPixels:279 - Aggregating pixel Num:6300  x:16932   y:8873
2015-07-15 23:08:02 INFO  DetectedPixels:279 - Aggregating pixel Num:6400  x:12612   y:4556
2015-07-15 23:08:02 INFO  DetectedPixels:279 - Aggregating pixel Num:6500  x:14784   y:16597
2015-07-15 23:08:02 INFO  DetectedPixels:279 - Aggregating pixel Num:6600  x:6167   y:11108
2015-07-15 23:08:02 INFO  DetectedPixels:279 - Aggregating pixel Num:6700  x:17732   y:15044
2015-07-15 23:08:02 INFO  DetectedPixels:279 - Aggregating pixel Num:6800  x:16620   y:12795
2015-07-15 23:08:02 INFO  DetectedPixels:279 - Aggregating pixel Num:6900  x:2752   y:11740
2015-07-15 23:08:02 INFO  DetectedPixels:279 - Aggregating pixel Num:7000  x:13116   y:4508
2015-07-15 23:08:03 INFO  DetectedPixels:279 - Aggregating pixel Num:7100  x:13073   y:2838
2015-07-15 23:08:03 INFO  DetectedPixels:279 - Aggregating pixel Num:7200  x:2753   y:11677
2015-07-15 23:08:03 INFO  DetectedPixels:279 - Aggregating pixel Num:7300  x:9718   y:6000
2015-07-15 23:08:03 INFO  DetectedPixels:279 - Aggregating pixel Num:7400  x:7824   y:9867
2015-07-15 23:08:03 INFO  DetectedPixels:279 - Aggregating pixel Num:7500  x:16623   y:12891
2015-07-15 23:08:04 INFO  DetectedPixels:279 - Aggregating pixel Num:7600  x:14576   y:12227
2015-07-15 23:08:04 INFO  DetectedPixels:279 - Aggregating pixel Num:7700  x:18764   y:13296
2015-07-15 23:08:04 INFO  DetectedPixels:279 - Aggregating pixel Num:7800  x:14766   y:16640
2015-07-15 23:08:04 ERROR AzimuthAmbiguity:203 - Error processing Azimuth Ambiguity
java.lang.NullPointerException
	at org.geoimage.analysis.AzimuthAmbiguity.init(AzimuthAmbiguity.java:187)
	at org.geoimage.analysis.AzimuthAmbiguity.<init>(AzimuthAmbiguity.java:90)
	at org.geoimage.viewer.core.analysisproc.AnalysisProcess.run(AnalysisProcess.java:210)
	at java.lang.Thread.run(Thread.java:745)
2015-07-15 23:18:39 INFO  DetectedPixels:279 - Aggregating pixel Num:100  x:16970   y:8726
2015-07-15 23:18:39 INFO  DetectedPixels:279 - Aggregating pixel Num:200  x:14783   y:16597
2015-07-15 23:18:40 INFO  DetectedPixels:279 - Aggregating pixel Num:300  x:17739   y:15019
2015-07-15 23:18:40 INFO  DetectedPixels:279 - Aggregating pixel Num:400  x:13721   y:14897
2015-07-15 23:18:40 INFO  DetectedPixels:279 - Aggregating pixel Num:500  x:14599   y:12270
2015-07-15 23:18:40 INFO  DetectedPixels:279 - Aggregating pixel Num:600  x:14790   y:16597
2015-07-15 23:18:40 INFO  DetectedPixels:279 - Aggregating pixel Num:700  x:2685   y:12018
2015-07-15 23:18:40 INFO  DetectedPixels:279 - Aggregating pixel Num:800  x:17768   y:10617
2015-07-15 23:18:40 ERROR AzimuthAmbiguity:203 - Error processing Azimuth Ambiguity
java.lang.NullPointerException
	at org.geoimage.analysis.AzimuthAmbiguity.init(AzimuthAmbiguity.java:187)
	at org.geoimage.analysis.AzimuthAmbiguity.<init>(AzimuthAmbiguity.java:90)
	at org.geoimage.viewer.core.analysisproc.AnalysisProcess.run(AnalysisProcess.java:210)
	at java.lang.Thread.run(Thread.java:745)
2015-07-15 23:18:41 INFO  DetectedPixels:279 - Aggregating pixel Num:100  x:16609   y:12823
2015-07-15 23:18:42 INFO  DetectedPixels:279 - Aggregating pixel Num:200  x:16622   y:12891
2015-07-15 23:18:43 INFO  DetectedPixels:279 - Aggregating pixel Num:300  x:14634   y:12401
2015-07-15 23:18:44 INFO  DetectedPixels:279 - Aggregating pixel Num:400  x:17367   y:9190
2015-07-15 23:18:44 INFO  DetectedPixels:279 - Aggregating pixel Num:500  x:16850   y:13092
2015-07-15 23:18:45 INFO  DetectedPixels:279 - Aggregating pixel Num:600  x:13710   y:14885
2015-07-15 23:18:45 INFO  DetectedPixels:279 - Aggregating pixel Num:700  x:14063   y:10635
2015-07-15 23:18:45 INFO  DetectedPixels:279 - Aggregating pixel Num:800  x:14150   y:14411
2015-07-15 23:18:46 INFO  DetectedPixels:279 - Aggregating pixel Num:900  x:14042   y:14767
2015-07-15 23:18:46 INFO  DetectedPixels:279 - Aggregating pixel Num:1000  x:14635   y:12414
2015-07-15 23:18:47 INFO  DetectedPixels:279 - Aggregating pixel Num:1100  x:14225   y:11952
2015-07-15 23:18:47 INFO  DetectedPixels:279 - Aggregating pixel Num:1200  x:14313   y:95
2015-07-15 23:18:48 INFO  DetectedPixels:279 - Aggregating pixel Num:1300  x:14322   y:235
2015-07-15 23:18:48 INFO  DetectedPixels:279 - Aggregating pixel Num:1400  x:2285   y:4369
2015-07-15 23:18:49 INFO  DetectedPixels:279 - Aggregating pixel Num:1500  x:15037   y:9877
2015-07-15 23:18:50 INFO  DetectedPixels:279 - Aggregating pixel Num:1600  x:2299   y:4311
2015-07-15 23:18:51 INFO  DetectedPixels:279 - Aggregating pixel Num:1700  x:15038   y:9881
2015-07-15 23:18:51 INFO  DetectedPixels:279 - Aggregating pixel Num:1800  x:14594   y:12241
2015-07-15 23:18:51 INFO  DetectedPixels:279 - Aggregating pixel Num:1900  x:14322   y:158
2015-07-15 23:18:52 INFO  DetectedPixels:279 - Aggregating pixel Num:2000  x:14741   y:16652
2015-07-15 23:18:52 INFO  DetectedPixels:279 - Aggregating pixel Num:2100  x:16120   y:1113
2015-07-15 23:18:53 INFO  DetectedPixels:279 - Aggregating pixel Num:2200  x:17794   y:10625
2015-07-15 23:18:53 INFO  DetectedPixels:279 - Aggregating pixel Num:2300  x:14591   y:12117
2015-07-15 23:18:53 INFO  DetectedPixels:279 - Aggregating pixel Num:2400  x:16993   y:15656
2015-07-15 23:18:53 INFO  DetectedPixels:279 - Aggregating pixel Num:2500  x:15434   y:8895
2015-07-15 23:18:54 INFO  DetectedPixels:279 - Aggregating pixel Num:2600  x:17708   y:15087
2015-07-15 23:18:54 INFO  DetectedPixels:279 - Aggregating pixel Num:2700  x:15355   y:11314
2015-07-15 23:18:54 INFO  DetectedPixels:279 - Aggregating pixel Num:2800  x:15475   y:16638
2015-07-15 23:18:55 INFO  DetectedPixels:279 - Aggregating pixel Num:2900  x:14314   y:11547
2015-07-15 23:18:55 INFO  DetectedPixels:279 - Aggregating pixel Num:3000  x:14226   y:11955
2015-07-15 23:18:55 INFO  DetectedPixels:279 - Aggregating pixel Num:3100  x:10856   y:3528
2015-07-15 23:18:55 INFO  DetectedPixels:279 - Aggregating pixel Num:3200  x:14165   y:14362
2015-07-15 23:18:56 INFO  DetectedPixels:279 - Aggregating pixel Num:3300  x:14646   y:1961
2015-07-15 23:18:56 INFO  DetectedPixels:279 - Aggregating pixel Num:3400  x:4061   y:11403
2015-07-15 23:18:57 INFO  DetectedPixels:279 - Aggregating pixel Num:3500  x:14305   y:67
2015-07-15 23:18:57 INFO  DetectedPixels:279 - Aggregating pixel Num:3600  x:17783   y:10622
2015-07-15 23:18:57 INFO  DetectedPixels:279 - Aggregating pixel Num:3700  x:17389   y:9177
2015-07-15 23:18:57 INFO  DetectedPixels:279 - Aggregating pixel Num:3800  x:13929   y:14731
2015-07-15 23:18:58 INFO  DetectedPixels:279 - Aggregating pixel Num:3900  x:14763   y:16633
2015-07-15 23:18:58 INFO  DetectedPixels:279 - Aggregating pixel Num:4000  x:16579   y:11001
2015-07-15 23:18:58 INFO  DetectedPixels:279 - Aggregating pixel Num:4100  x:17869   y:9593
2015-07-15 23:18:59 INFO  DetectedPixels:279 - Aggregating pixel Num:4200  x:15295   y:2131
2015-07-15 23:18:59 INFO  DetectedPixels:279 - Aggregating pixel Num:4300  x:5527   y:12997
2015-07-15 23:18:59 INFO  DetectedPixels:279 - Aggregating pixel Num:4400  x:14050   y:14753
2015-07-15 23:18:59 INFO  DetectedPixels:279 - Aggregating pixel Num:4500  x:14746   y:16645
2015-07-15 23:19:00 INFO  DetectedPixels:279 - Aggregating pixel Num:4600  x:14758   y:16615
2015-07-15 23:19:00 INFO  DetectedPixels:279 - Aggregating pixel Num:4700  x:12419   y:4768
2015-07-15 23:19:00 INFO  DetectedPixels:279 - Aggregating pixel Num:4800  x:15645   y:13611
2015-07-15 23:19:00 INFO  DetectedPixels:279 - Aggregating pixel Num:4900  x:15162   y:11162
2015-07-15 23:19:00 INFO  DetectedPixels:279 - Aggregating pixel Num:5000  x:14775   y:16601
2015-07-15 23:19:01 INFO  DetectedPixels:279 - Aggregating pixel Num:5100  x:16962   y:8743
2015-07-15 23:19:01 INFO  DetectedPixels:279 - Aggregating pixel Num:5200  x:14365   y:10413
2015-07-15 23:19:01 INFO  DetectedPixels:279 - Aggregating pixel Num:5300  x:5512   y:14604
2015-07-15 23:19:01 INFO  DetectedPixels:279 - Aggregating pixel Num:5400  x:14578   y:12201
2015-07-15 23:19:01 INFO  DetectedPixels:279 - Aggregating pixel Num:5500  x:16929   y:8874
2015-07-15 23:19:01 INFO  DetectedPixels:279 - Aggregating pixel Num:5600  x:16969   y:8726
2015-07-15 23:19:02 INFO  DetectedPixels:279 - Aggregating pixel Num:5700  x:14151   y:14404
2015-07-15 23:19:02 INFO  DetectedPixels:279 - Aggregating pixel Num:5800  x:17806   y:9931
2015-07-15 23:19:02 INFO  DetectedPixels:279 - Aggregating pixel Num:5900  x:5513   y:12834
2015-07-15 23:19:02 INFO  DetectedPixels:279 - Aggregating pixel Num:6000  x:16706   y:8508
2015-07-15 23:19:02 INFO  DetectedPixels:279 - Aggregating pixel Num:6100  x:17366   y:9194
2015-07-15 23:19:03 INFO  DetectedPixels:279 - Aggregating pixel Num:6200  x:16924   y:8383
2015-07-15 23:19:03 INFO  DetectedPixels:279 - Aggregating pixel Num:6300  x:14714   y:16651
2015-07-15 23:19:04 INFO  DetectedPixels:279 - Aggregating pixel Num:6400  x:14773   y:16635
2015-07-15 23:19:04 INFO  DetectedPixels:279 - Aggregating pixel Num:6500  x:16410   y:11907
2015-07-15 23:19:04 INFO  DetectedPixels:279 - Aggregating pixel Num:6600  x:16932   y:8825
2015-07-15 23:19:05 INFO  DetectedPixels:279 - Aggregating pixel Num:6700  x:15164   y:11151
2015-07-15 23:19:05 INFO  DetectedPixels:279 - Aggregating pixel Num:6800  x:14597   y:12197
2015-07-15 23:19:05 INFO  DetectedPixels:279 - Aggregating pixel Num:6900  x:12830   y:4559
2015-07-15 23:19:05 INFO  DetectedPixels:279 - Aggregating pixel Num:7000  x:15631   y:13591
2015-07-15 23:19:05 INFO  DetectedPixels:279 - Aggregating pixel Num:7100  x:16621   y:12889
2015-07-15 23:19:05 INFO  DetectedPixels:279 - Aggregating pixel Num:7200  x:2752   y:11725
2015-07-15 23:19:05 INFO  DetectedPixels:279 - Aggregating pixel Num:7300  x:14167   y:14368
2015-07-15 23:19:05 INFO  DetectedPixels:279 - Aggregating pixel Num:7400  x:14147   y:14399
2015-07-15 23:19:06 INFO  DetectedPixels:279 - Aggregating pixel Num:7500  x:2753   y:11698
2015-07-15 23:19:06 INFO  DetectedPixels:279 - Aggregating pixel Num:7600  x:16605   y:12826
2015-07-15 23:19:06 INFO  DetectedPixels:279 - Aggregating pixel Num:7700  x:13721   y:14896
2015-07-15 23:19:06 INFO  DetectedPixels:279 - Aggregating pixel Num:7800  x:2752   y:11687
2015-07-15 23:19:06 INFO  DetectedPixels:279 - Aggregating pixel Num:7900  x:16931   y:8874
2015-07-15 23:19:06 INFO  DetectedPixels:279 - Aggregating pixel Num:8000  x:15458   y:16655
2015-07-15 23:19:06 INFO  DetectedPixels:279 - Aggregating pixel Num:8100  x:14770   y:16605
2015-07-15 23:59:40 INFO  GeoImageReaderFactory:118 - Successfully reading {0} as {1}...
