2015-07-21 00:27:07 INFO  DetectedPixels:369 - Aggregating pixel Num:100  x:20771   y:4238
2015-07-21 00:27:07 INFO  DetectedPixels:369 - Aggregating pixel Num:200  x:25236   y:8799
2015-07-21 00:27:07 INFO  DetectedPixels:369 - Aggregating pixel Num:300  x:25230   y:8799
2015-07-21 00:27:07 INFO  DetectedPixels:369 - Aggregating pixel Num:400  x:17056   y:3511
2015-07-21 00:27:07 INFO  DetectedPixels:369 - Aggregating pixel Num:500  x:17266   y:7546
2015-07-21 00:27:07 INFO  DetectedPixels:369 - Aggregating pixel Num:600  x:23812   y:2716
2015-07-21 00:27:07 INFO  DetectedPixels:369 - Aggregating pixel Num:700  x:24310   y:4319
2015-07-21 00:27:07 INFO  DetectedPixels:369 - Aggregating pixel Num:800  x:21002   y:1706
2015-07-21 00:27:07 INFO  DetectedPixels:369 - Aggregating pixel Num:900  x:25053   y:9209
2015-07-21 00:27:07 INFO  DetectedPixels:369 - Aggregating pixel Num:1000  x:17368   y:4254
2015-07-21 00:27:07 INFO  DetectedPixels:369 - Aggregating pixel Num:1100  x:17258   y:7551
2015-07-21 00:27:07 INFO  DetectedPixels:369 - Aggregating pixel Num:1200  x:17390   y:7500
2015-07-21 00:27:07 INFO  DetectedPixels:369 - Aggregating pixel Num:1300  x:17040   y:3509
2015-07-21 00:27:07 INFO  DetectedPixels:369 - Aggregating pixel Num:1400  x:25067   y:9223
2015-07-21 00:27:07 INFO  DetectedPixels:369 - Aggregating pixel Num:1500  x:25224   y:8801
2015-07-21 00:27:07 INFO  DetectedPixels:369 - Aggregating pixel Num:1600  x:17709   y:8200
2015-07-21 00:27:07 INFO  DetectedPixels:369 - Aggregating pixel Num:1700  x:17762   y:7842
2015-07-21 00:27:07 INFO  DetectedPixels:369 - Aggregating pixel Num:1800  x:17382   y:7625
2015-07-21 00:27:07 INFO  DetectedPixels:369 - Aggregating pixel Num:1900  x:17790   y:7884
2015-07-21 00:27:07 INFO  DetectedPixels:369 - Aggregating pixel Num:2000  x:17374   y:4256
2015-07-21 00:27:07 INFO  DetectedPixels:369 - Aggregating pixel Num:2100  x:25004   y:2475
2015-07-21 00:27:07 INFO  DetectedPixels:369 - Aggregating pixel Num:2200  x:20755   y:4231
2015-07-21 00:27:07 INFO  DetectedPixels:369 - Aggregating pixel Num:2300  x:11564   y:2173
2015-07-21 00:27:07 INFO  DetectedPixels:369 - Aggregating pixel Num:2400  x:17055   y:3518
2015-07-21 00:27:07 INFO  DetectedPixels:369 - Aggregating pixel Num:2500  x:20774   y:4237
2015-07-21 00:27:07 INFO  DetectedPixels:369 - Aggregating pixel Num:2600  x:20987   y:1708
2015-07-21 00:27:07 INFO  AzimuthAmbiguity:166 - 
Search Window start from: 6433 24  D Azimuth:533
2015-07-21 00:27:07 INFO  AzimuthAmbiguity:166 - 
Search Window start from: 6433 24  D Azimuth:1066
2015-07-21 00:27:07 INFO  AzimuthAmbiguity:166 - 
Search Window start from: 488 24  D Azimuth:512
2015-07-21 00:27:07 INFO  AzimuthAmbiguity:166 - 
Search Window start from: 488 24  D Azimuth:1024
2015-07-21 00:27:07 INFO  AzimuthAmbiguity:166 - 
Search Window start from: 487 24  D Azimuth:512
2015-07-21 00:27:07 INFO  AzimuthAmbiguity:166 - 
Search Window start from: 487 24  D Azimuth:1024
2015-07-21 00:27:07 INFO  AzimuthAmbiguity:166 - 
Search Window start from: 7232 24  D Azimuth:536
2015-07-21 00:27:07 INFO  AzimuthAmbiguity:166 - 
Search Window start from: 7232 24  D Azimuth:1072
2015-07-21 00:27:07 INFO  AzimuthAmbiguity:166 - 
Search Window start from: 20981 24  D Azimuth:579
2015-07-21 00:27:07 INFO  AzimuthAmbiguity:166 - 
Search Window start from: 20981 24  D Azimuth:1158
2015-07-21 00:27:07 INFO  AzimuthAmbiguity:166 - 
Search Window start from: 24351 24  D Azimuth:593
2015-07-21 00:27:07 INFO  AzimuthAmbiguity:166 - 
Search Window start from: 24351 24  D Azimuth:1186
2015-07-21 00:27:07 INFO  AzimuthAmbiguity:166 - 
Search Window start from: 24985 24  D Azimuth:596
2015-07-21 00:27:07 INFO  AzimuthAmbiguity:166 - 
Search Window start from: 24985 24  D Azimuth:1192
2015-07-21 00:27:07 INFO  AzimuthAmbiguity:166 - 
Search Window start from: 11548 24  D Azimuth:466
2015-07-21 00:27:07 INFO  AzimuthAmbiguity:166 - 
Search Window start from: 11548 24  D Azimuth:932
2015-07-21 00:27:07 INFO  AzimuthAmbiguity:166 - 
Search Window start from: 14740 24  D Azimuth:477
2015-07-21 00:27:07 INFO  AzimuthAmbiguity:166 - 
Search Window start from: 14740 24  D Azimuth:954
2015-07-21 00:27:07 INFO  AzimuthAmbiguity:166 - 
Search Window start from: 13160 24  D Azimuth:472
2015-07-21 00:27:07 INFO  AzimuthAmbiguity:166 - 
Search Window start from: 13160 24  D Azimuth:944
2015-07-21 00:27:07 INFO  AzimuthAmbiguity:166 - 
Search Window start from: 15543 24  D Azimuth:480
2015-07-21 00:27:07 INFO  AzimuthAmbiguity:166 - 
Search Window start from: 15543 24  D Azimuth:960
2015-07-21 00:27:08 INFO  AzimuthAmbiguity:166 - 
Search Window start from: 23793 24  D Azimuth:591
2015-07-21 00:27:08 INFO  AzimuthAmbiguity:166 - 
Search Window start from: 23793 24  D Azimuth:1182
2015-07-21 00:27:08 INFO  AzimuthAmbiguity:166 - 
Search Window start from: 11472 24  D Azimuth:466
2015-07-21 00:27:08 INFO  AzimuthAmbiguity:166 - 
Search Window start from: 11472 24  D Azimuth:932
2015-07-21 00:27:08 INFO  AzimuthAmbiguity:166 - 
Search Window start from: 18718 24  D Azimuth:570
2015-07-21 00:27:08 INFO  AzimuthAmbiguity:166 - 
Search Window start from: 18718 24  D Azimuth:1140
2015-07-21 00:27:08 INFO  AzimuthAmbiguity:166 - 
Search Window start from: 17033 24  D Azimuth:485
2015-07-21 00:27:08 INFO  AzimuthAmbiguity:166 - 
Search Window start from: 17033 24  D Azimuth:970
2015-07-21 00:27:08 INFO  AzimuthAmbiguity:166 - 
Search Window start from: 22220 24  D Azimuth:584
2015-07-21 00:27:08 INFO  AzimuthAmbiguity:166 - 
Search Window start from: 22220 24  D Azimuth:1168
2015-07-21 00:27:08 INFO  AzimuthAmbiguity:166 - 
Search Window start from: 19149 24  D Azimuth:572
2015-07-21 00:27:08 INFO  AzimuthAmbiguity:166 - 
Search Window start from: 19149 24  D Azimuth:1144
2015-07-21 00:27:08 INFO  AzimuthAmbiguity:166 - 
Search Window start from: 20750 24  D Azimuth:578
2015-07-21 00:27:08 INFO  AzimuthAmbiguity:166 - 
Search Window start from: 20750 24  D Azimuth:1156
2015-07-21 00:27:08 INFO  AzimuthAmbiguity:166 - 
Search Window start from: 24301 24  D Azimuth:593
2015-07-21 00:27:08 INFO  AzimuthAmbiguity:166 - 
Search Window start from: 24301 24  D Azimuth:1186
2015-07-21 00:27:08 INFO  AzimuthAmbiguity:166 - 
Search Window start from: 16308 24  D Azimuth:482
2015-07-21 00:27:08 INFO  AzimuthAmbiguity:166 - 
Search Window start from: 16308 24  D Azimuth:964
2015-07-21 00:27:08 INFO  AzimuthAmbiguity:166 - 
Search Window start from: 17354 24  D Azimuth:486
2015-07-21 00:27:08 INFO  AzimuthAmbiguity:166 - 
Search Window start from: 17354 24  D Azimuth:972
2015-07-21 00:27:08 INFO  AzimuthAmbiguity:166 - 
Search Window start from: 16308 24  D Azimuth:482
2015-07-21 00:27:08 INFO  AzimuthAmbiguity:166 - 
Search Window start from: 16308 24  D Azimuth:964
2015-07-21 00:27:08 INFO  AzimuthAmbiguity:166 - 
Search Window start from: 24947 24  D Azimuth:596
2015-07-21 00:27:08 INFO  AzimuthAmbiguity:166 - 
Search Window start from: 24947 24  D Azimuth:1192
2015-07-21 00:27:08 INFO  AzimuthAmbiguity:166 - 
Search Window start from: 23594 24  D Azimuth:590
2015-07-21 00:27:08 INFO  AzimuthAmbiguity:166 - 
Search Window start from: 23594 24  D Azimuth:1180
2015-07-21 00:27:08 INFO  AzimuthAmbiguity:166 - 
Search Window start from: 17251 24  D Azimuth:485
2015-07-21 00:27:08 INFO  AzimuthAmbiguity:166 - 
Search Window start from: 17251 24  D Azimuth:970
2015-07-21 00:27:08 INFO  AzimuthAmbiguity:166 - 
Search Window start from: 17377 24  D Azimuth:486
2015-07-21 00:27:08 INFO  AzimuthAmbiguity:166 - 
Search Window start from: 17377 24  D Azimuth:972
2015-07-21 00:27:08 INFO  AzimuthAmbiguity:166 - 
Search Window start from: 17118 24  D Azimuth:485
2015-07-21 00:27:08 INFO  AzimuthAmbiguity:166 - 
Search Window start from: 17118 24  D Azimuth:970
2015-07-21 00:27:08 INFO  AzimuthAmbiguity:166 - 
Search Window start from: 17370 24  D Azimuth:486
2015-07-21 00:27:08 INFO  AzimuthAmbiguity:166 - 
Search Window start from: 17370 24  D Azimuth:972
2015-07-21 00:27:08 INFO  AzimuthAmbiguity:166 - 
Search Window start from: 16988 24  D Azimuth:485
2015-07-21 00:27:08 INFO  AzimuthAmbiguity:166 - 
Search Window start from: 16988 24  D Azimuth:970
2015-07-21 00:27:08 INFO  AzimuthAmbiguity:166 - 
Search Window start from: 17172 24  D Azimuth:485
2015-07-21 00:27:08 INFO  AzimuthAmbiguity:166 - 
Search Window start from: 17172 24  D Azimuth:970
2015-07-21 00:27:08 INFO  AzimuthAmbiguity:166 - 
Search Window start from: 17451 24  D Azimuth:565
2015-07-21 00:27:08 INFO  AzimuthAmbiguity:166 - 
Search Window start from: 17451 24  D Azimuth:1130
2015-07-21 00:27:08 INFO  AzimuthAmbiguity:166 - 
Search Window start from: 25221 24  D Azimuth:597
2015-07-21 00:27:08 INFO  AzimuthAmbiguity:166 - 
Search Window start from: 25221 24  D Azimuth:1194
2015-07-21 00:27:08 INFO  AzimuthAmbiguity:166 - 
Search Window start from: 24714 24  D Azimuth:595
2015-07-21 00:27:08 INFO  AzimuthAmbiguity:166 - 
Search Window start from: 24714 24  D Azimuth:1190
2015-07-21 00:27:08 INFO  AzimuthAmbiguity:166 - 
Search Window start from: 25150 24  D Azimuth:597
2015-07-21 00:27:08 INFO  AzimuthAmbiguity:166 - 
Search Window start from: 25150 24  D Azimuth:1194
2015-07-21 01:00:18 INFO  GeoImageReaderFactory:118 - Successfully reading {0} as {1}...
2015-07-21 01:32:27 INFO  DetectedPixels:369 - Aggregating pixel Num:100  x:20771   y:4238
2015-07-21 01:32:27 INFO  DetectedPixels:369 - Aggregating pixel Num:200  x:25236   y:8799
2015-07-21 01:32:27 INFO  DetectedPixels:369 - Aggregating pixel Num:300  x:25230   y:8799
2015-07-21 01:32:27 INFO  DetectedPixels:369 - Aggregating pixel Num:400  x:17056   y:3511
2015-07-21 01:32:27 INFO  DetectedPixels:369 - Aggregating pixel Num:500  x:17266   y:7546
2015-07-21 01:32:27 INFO  DetectedPixels:369 - Aggregating pixel Num:600  x:23812   y:2716
2015-07-21 01:32:27 INFO  DetectedPixels:369 - Aggregating pixel Num:700  x:24310   y:4319
2015-07-21 01:32:27 INFO  DetectedPixels:369 - Aggregating pixel Num:800  x:21002   y:1706
2015-07-21 01:32:27 INFO  DetectedPixels:369 - Aggregating pixel Num:900  x:25053   y:9209
2015-07-21 01:32:27 INFO  DetectedPixels:369 - Aggregating pixel Num:1000  x:17368   y:4254
2015-07-21 01:32:27 INFO  DetectedPixels:369 - Aggregating pixel Num:1100  x:17258   y:7551
2015-07-21 01:32:27 INFO  DetectedPixels:369 - Aggregating pixel Num:1200  x:17390   y:7500
2015-07-21 01:32:27 INFO  DetectedPixels:369 - Aggregating pixel Num:1300  x:17040   y:3509
2015-07-21 01:32:27 INFO  DetectedPixels:369 - Aggregating pixel Num:1400  x:25067   y:9223
2015-07-21 01:32:27 INFO  DetectedPixels:369 - Aggregating pixel Num:1500  x:25224   y:8801
2015-07-21 01:32:27 INFO  DetectedPixels:369 - Aggregating pixel Num:1600  x:17709   y:8200
2015-07-21 01:32:27 INFO  DetectedPixels:369 - Aggregating pixel Num:1700  x:17762   y:7842
2015-07-21 01:32:27 INFO  DetectedPixels:369 - Aggregating pixel Num:1800  x:17382   y:7625
2015-07-21 01:32:27 INFO  DetectedPixels:369 - Aggregating pixel Num:1900  x:17790   y:7884
2015-07-21 01:32:27 INFO  DetectedPixels:369 - Aggregating pixel Num:2000  x:17374   y:4256
2015-07-21 01:32:27 INFO  DetectedPixels:369 - Aggregating pixel Num:2100  x:25004   y:2475
2015-07-21 01:32:27 INFO  DetectedPixels:369 - Aggregating pixel Num:2200  x:20755   y:4231
2015-07-21 01:32:27 INFO  DetectedPixels:369 - Aggregating pixel Num:2300  x:11564   y:2173
2015-07-21 01:32:27 INFO  DetectedPixels:369 - Aggregating pixel Num:2400  x:17055   y:3518
2015-07-21 01:32:27 INFO  DetectedPixels:369 - Aggregating pixel Num:2500  x:20774   y:4237
2015-07-21 01:32:27 INFO  DetectedPixels:369 - Aggregating pixel Num:2600  x:20987   y:1708
2015-07-21 01:32:27 INFO  AzimuthAmbiguity:166 - 
Search Window start from: 6433 24  D Azimuth:533
2015-07-21 01:32:27 INFO  AzimuthAmbiguity:166 - 
Search Window start from: 6433 24  D Azimuth:1066
2015-07-21 01:32:27 INFO  AzimuthAmbiguity:166 - 
Search Window start from: 488 24  D Azimuth:512
2015-07-21 01:32:27 INFO  AzimuthAmbiguity:166 - 
Search Window start from: 488 24  D Azimuth:1024
2015-07-21 01:32:27 INFO  AzimuthAmbiguity:166 - 
Search Window start from: 487 24  D Azimuth:512
2015-07-21 01:32:27 INFO  AzimuthAmbiguity:166 - 
Search Window start from: 487 24  D Azimuth:1024
2015-07-21 01:32:27 INFO  AzimuthAmbiguity:166 - 
Search Window start from: 7232 24  D Azimuth:536
2015-07-21 01:32:28 INFO  AzimuthAmbiguity:166 - 
Search Window start from: 7232 24  D Azimuth:1072
2015-07-21 01:32:28 INFO  AzimuthAmbiguity:166 - 
Search Window start from: 20981 24  D Azimuth:579
2015-07-21 01:32:28 INFO  AzimuthAmbiguity:166 - 
Search Window start from: 20981 24  D Azimuth:1158
2015-07-21 01:32:28 INFO  AzimuthAmbiguity:166 - 
Search Window start from: 24351 24  D Azimuth:593
2015-07-21 01:32:28 INFO  AzimuthAmbiguity:166 - 
Search Window start from: 24351 24  D Azimuth:1186
2015-07-21 01:32:28 INFO  AzimuthAmbiguity:166 - 
Search Window start from: 24985 24  D Azimuth:596
2015-07-21 01:32:28 INFO  AzimuthAmbiguity:166 - 
Search Window start from: 24985 24  D Azimuth:1192
2015-07-21 01:32:28 INFO  AzimuthAmbiguity:166 - 
Search Window start from: 11548 24  D Azimuth:466
2015-07-21 01:32:28 INFO  AzimuthAmbiguity:166 - 
Search Window start from: 11548 24  D Azimuth:932
2015-07-21 01:32:28 INFO  AzimuthAmbiguity:166 - 
Search Window start from: 14740 24  D Azimuth:477
2015-07-21 01:32:28 INFO  AzimuthAmbiguity:166 - 
Search Window start from: 14740 24  D Azimuth:954
2015-07-21 01:32:28 INFO  AzimuthAmbiguity:166 - 
Search Window start from: 13160 24  D Azimuth:472
2015-07-21 01:32:28 INFO  AzimuthAmbiguity:166 - 
Search Window start from: 13160 24  D Azimuth:944
2015-07-21 01:32:28 INFO  AzimuthAmbiguity:166 - 
Search Window start from: 15543 24  D Azimuth:480
2015-07-21 01:32:28 INFO  AzimuthAmbiguity:166 - 
Search Window start from: 15543 24  D Azimuth:960
2015-07-21 01:32:28 INFO  AzimuthAmbiguity:166 - 
Search Window start from: 23793 24  D Azimuth:591
2015-07-21 01:32:28 INFO  AzimuthAmbiguity:166 - 
Search Window start from: 23793 24  D Azimuth:1182
2015-07-21 01:32:28 INFO  AzimuthAmbiguity:166 - 
Search Window start from: 11472 24  D Azimuth:466
2015-07-21 01:32:28 INFO  AzimuthAmbiguity:166 - 
Search Window start from: 11472 24  D Azimuth:932
2015-07-21 01:32:28 INFO  AzimuthAmbiguity:166 - 
Search Window start from: 18718 24  D Azimuth:570
2015-07-21 01:32:28 INFO  AzimuthAmbiguity:166 - 
Search Window start from: 18718 24  D Azimuth:1140
2015-07-21 01:32:28 INFO  AzimuthAmbiguity:166 - 
Search Window start from: 17033 24  D Azimuth:485
2015-07-21 01:32:28 INFO  AzimuthAmbiguity:166 - 
Search Window start from: 17033 24  D Azimuth:970
2015-07-21 01:32:28 INFO  AzimuthAmbiguity:166 - 
Search Window start from: 22220 24  D Azimuth:584
2015-07-21 01:32:28 INFO  AzimuthAmbiguity:166 - 
Search Window start from: 22220 24  D Azimuth:1168
2015-07-21 01:32:28 INFO  AzimuthAmbiguity:166 - 
Search Window start from: 19149 24  D Azimuth:572
2015-07-21 01:32:28 INFO  AzimuthAmbiguity:166 - 
Search Window start from: 19149 24  D Azimuth:1144
2015-07-21 01:32:28 INFO  AzimuthAmbiguity:166 - 
Search Window start from: 20750 24  D Azimuth:578
2015-07-21 01:32:28 INFO  AzimuthAmbiguity:166 - 
Search Window start from: 20750 24  D Azimuth:1156
2015-07-21 01:32:28 INFO  AzimuthAmbiguity:166 - 
Search Window start from: 24301 24  D Azimuth:593
2015-07-21 01:32:28 INFO  AzimuthAmbiguity:166 - 
Search Window start from: 24301 24  D Azimuth:1186
2015-07-21 01:32:28 INFO  AzimuthAmbiguity:166 - 
Search Window start from: 16308 24  D Azimuth:482
2015-07-21 01:32:28 INFO  AzimuthAmbiguity:166 - 
Search Window start from: 16308 24  D Azimuth:964
2015-07-21 01:32:28 INFO  AzimuthAmbiguity:166 - 
Search Window start from: 17354 24  D Azimuth:486
2015-07-21 01:32:28 INFO  AzimuthAmbiguity:166 - 
Search Window start from: 17354 24  D Azimuth:972
2015-07-21 01:32:28 INFO  AzimuthAmbiguity:166 - 
Search Window start from: 16308 24  D Azimuth:482
2015-07-21 01:32:28 INFO  AzimuthAmbiguity:166 - 
Search Window start from: 16308 24  D Azimuth:964
2015-07-21 01:32:28 INFO  AzimuthAmbiguity:166 - 
Search Window start from: 24947 24  D Azimuth:596
2015-07-21 01:32:28 INFO  AzimuthAmbiguity:166 - 
Search Window start from: 24947 24  D Azimuth:1192
2015-07-21 01:32:28 INFO  AzimuthAmbiguity:166 - 
Search Window start from: 23594 24  D Azimuth:590
2015-07-21 01:32:28 INFO  AzimuthAmbiguity:166 - 
Search Window start from: 23594 24  D Azimuth:1180
2015-07-21 01:32:28 INFO  AzimuthAmbiguity:166 - 
Search Window start from: 17251 24  D Azimuth:485
2015-07-21 01:32:28 INFO  AzimuthAmbiguity:166 - 
Search Window start from: 17251 24  D Azimuth:970
2015-07-21 01:32:28 INFO  AzimuthAmbiguity:166 - 
Search Window start from: 17377 24  D Azimuth:486
2015-07-21 01:32:28 INFO  AzimuthAmbiguity:166 - 
Search Window start from: 17377 24  D Azimuth:972
2015-07-21 01:32:28 INFO  AzimuthAmbiguity:166 - 
Search Window start from: 17118 24  D Azimuth:485
2015-07-21 01:32:28 INFO  AzimuthAmbiguity:166 - 
Search Window start from: 17118 24  D Azimuth:970
2015-07-21 01:32:28 INFO  AzimuthAmbiguity:166 - 
Search Window start from: 17370 24  D Azimuth:486
2015-07-21 01:32:28 INFO  AzimuthAmbiguity:166 - 
Search Window start from: 17370 24  D Azimuth:972
2015-07-21 01:32:28 INFO  AzimuthAmbiguity:166 - 
Search Window start from: 16988 24  D Azimuth:485
2015-07-21 01:32:28 INFO  AzimuthAmbiguity:166 - 
Search Window start from: 16988 24  D Azimuth:970
2015-07-21 01:32:28 INFO  AzimuthAmbiguity:166 - 
Search Window start from: 17172 24  D Azimuth:485
2015-07-21 01:32:28 INFO  AzimuthAmbiguity:166 - 
Search Window start from: 17172 24  D Azimuth:970
2015-07-21 01:32:28 INFO  AzimuthAmbiguity:166 - 
Search Window start from: 17451 24  D Azimuth:565
2015-07-21 01:32:28 INFO  AzimuthAmbiguity:166 - 
Search Window start from: 17451 24  D Azimuth:1130
2015-07-21 01:32:28 INFO  AzimuthAmbiguity:166 - 
Search Window start from: 25221 24  D Azimuth:597
2015-07-21 01:32:28 INFO  AzimuthAmbiguity:166 - 
Search Window start from: 25221 24  D Azimuth:1194
2015-07-21 01:32:28 INFO  AzimuthAmbiguity:166 - 
Search Window start from: 24714 24  D Azimuth:595
2015-07-21 01:32:28 INFO  AzimuthAmbiguity:166 - 
Search Window start from: 24714 24  D Azimuth:1190
2015-07-21 01:32:28 INFO  AzimuthAmbiguity:166 - 
Search Window start from: 25150 24  D Azimuth:597
2015-07-21 01:32:28 INFO  AzimuthAmbiguity:166 - 
Search Window start from: 25150 24  D Azimuth:1194
2015-07-21 01:59:02 INFO  GeoImageReaderFactory:118 - Successfully reading {0} as {1}...
2015-07-21 02:04:01 INFO  DetectedPixels:369 - Aggregating pixel Num:100  x:20751   y:4231
2015-07-21 02:04:01 INFO  DetectedPixels:369 - Aggregating pixel Num:200  x:20991   y:1705
2015-07-21 02:04:01 INFO  DetectedPixels:369 - Aggregating pixel Num:300  x:17056   y:3516
2015-07-21 02:04:02 INFO  DetectedPixels:369 - Aggregating pixel Num:400  x:25239   y:8793
2015-07-21 02:04:02 INFO  DetectedPixels:369 - Aggregating pixel Num:500  x:24960   y:5506
2015-07-21 02:04:02 INFO  DetectedPixels:369 - Aggregating pixel Num:600  x:24370   y:2359
2015-07-21 02:04:02 INFO  DetectedPixels:369 - Aggregating pixel Num:700  x:17134   y:7644
2015-07-21 02:04:02 INFO  DetectedPixels:369 - Aggregating pixel Num:800  x:11484   y:2596
2015-07-21 02:04:02 INFO  DetectedPixels:369 - Aggregating pixel Num:900  x:25229   y:8798
2015-07-21 02:04:02 INFO  DetectedPixels:369 - Aggregating pixel Num:1000  x:17040   y:3511
2015-07-21 02:04:02 INFO  DetectedPixels:369 - Aggregating pixel Num:1100  x:18735   y:3454
2015-07-21 02:04:02 INFO  DetectedPixels:369 - Aggregating pixel Num:1200  x:25075   y:9236
2015-07-21 02:04:02 INFO  DetectedPixels:369 - Aggregating pixel Num:1300  x:19172   y:3824
2015-07-21 02:04:02 INFO  DetectedPixels:369 - Aggregating pixel Num:1400  x:17133   y:7644
2015-07-21 02:04:02 INFO  DetectedPixels:369 - Aggregating pixel Num:1500  x:11481   y:2597
2015-07-21 02:04:02 INFO  DetectedPixels:369 - Aggregating pixel Num:1600  x:25238   y:8791
2015-07-21 02:04:02 INFO  DetectedPixels:369 - Aggregating pixel Num:1700  x:24959   y:5511
2015-07-21 02:04:02 INFO  DetectedPixels:369 - Aggregating pixel Num:1800  x:17055   y:3516
2015-07-21 02:04:02 INFO  DetectedPixels:369 - Aggregating pixel Num:1900  x:13170   y:2572
2015-07-21 02:04:02 INFO  AzimuthAmbiguity:166 - 
Search Window start from: 7232 24  D Azimuth:536
2015-07-21 02:04:02 INFO  AzimuthAmbiguity:166 - 
Search Window start from: 7232 24  D Azimuth:1072
2015-07-21 02:04:02 INFO  AzimuthAmbiguity:166 - 
Search Window start from: 20981 24  D Azimuth:579
2015-07-21 02:04:02 INFO  AzimuthAmbiguity:166 - 
Search Window start from: 20981 24  D Azimuth:1158
2015-07-21 02:04:02 INFO  AzimuthAmbiguity:166 - 
Search Window start from: 24351 24  D Azimuth:593
2015-07-21 02:04:02 INFO  AzimuthAmbiguity:166 - 
Search Window start from: 24351 24  D Azimuth:1186
2015-07-21 02:04:02 INFO  AzimuthAmbiguity:166 - 
Search Window start from: 24985 24  D Azimuth:596
2015-07-21 02:04:02 INFO  AzimuthAmbiguity:166 - 
Search Window start from: 24985 24  D Azimuth:1192
2015-07-21 02:04:02 INFO  AzimuthAmbiguity:166 - 
Search Window start from: 11548 24  D Azimuth:466
2015-07-21 02:04:02 INFO  AzimuthAmbiguity:166 - 
Search Window start from: 11548 24  D Azimuth:932
2015-07-21 02:04:02 INFO  AzimuthAmbiguity:166 - 
Search Window start from: 14740 24  D Azimuth:477
2015-07-21 02:04:02 INFO  AzimuthAmbiguity:166 - 
Search Window start from: 14740 24  D Azimuth:954
2015-07-21 02:04:02 INFO  AzimuthAmbiguity:166 - 
Search Window start from: 13160 24  D Azimuth:472
2015-07-21 02:04:02 INFO  AzimuthAmbiguity:166 - 
Search Window start from: 13160 24  D Azimuth:944
2015-07-21 02:04:02 INFO  AzimuthAmbiguity:166 - 
Search Window start from: 15543 24  D Azimuth:480
2015-07-21 02:04:02 INFO  AzimuthAmbiguity:166 - 
Search Window start from: 15543 24  D Azimuth:960
2015-07-21 02:04:02 INFO  AzimuthAmbiguity:166 - 
Search Window start from: 23793 24  D Azimuth:591
2015-07-21 02:04:02 INFO  AzimuthAmbiguity:166 - 
Search Window start from: 23793 24  D Azimuth:1182
2015-07-21 02:04:02 INFO  AzimuthAmbiguity:166 - 
Search Window start from: 11472 24  D Azimuth:466
2015-07-21 02:04:02 INFO  AzimuthAmbiguity:166 - 
Search Window start from: 11472 24  D Azimuth:932
2015-07-21 02:04:02 INFO  AzimuthAmbiguity:166 - 
Search Window start from: 18718 24  D Azimuth:570
2015-07-21 02:04:02 INFO  AzimuthAmbiguity:166 - 
Search Window start from: 18718 24  D Azimuth:1140
2015-07-21 02:04:02 INFO  AzimuthAmbiguity:166 - 
Search Window start from: 17033 24  D Azimuth:485
2015-07-21 02:04:02 INFO  AzimuthAmbiguity:166 - 
Search Window start from: 17033 24  D Azimuth:970
2015-07-21 02:04:02 INFO  AzimuthAmbiguity:166 - 
Search Window start from: 22220 24  D Azimuth:584
2015-07-21 02:04:02 INFO  AzimuthAmbiguity:166 - 
Search Window start from: 22220 24  D Azimuth:1168
2015-07-21 02:04:02 INFO  AzimuthAmbiguity:166 - 
Search Window start from: 19149 24  D Azimuth:572
2015-07-21 02:04:02 INFO  AzimuthAmbiguity:166 - 
Search Window start from: 19149 24  D Azimuth:1144
2015-07-21 02:04:02 INFO  AzimuthAmbiguity:166 - 
Search Window start from: 20750 24  D Azimuth:578
2015-07-21 02:04:02 INFO  AzimuthAmbiguity:166 - 
Search Window start from: 20750 24  D Azimuth:1156
2015-07-21 02:04:02 INFO  AzimuthAmbiguity:166 - 
Search Window start from: 24301 24  D Azimuth:593
2015-07-21 02:04:02 INFO  AzimuthAmbiguity:166 - 
Search Window start from: 24301 24  D Azimuth:1186
2015-07-21 02:04:02 INFO  AzimuthAmbiguity:166 - 
Search Window start from: 17354 24  D Azimuth:486
2015-07-21 02:04:02 INFO  AzimuthAmbiguity:166 - 
Search Window start from: 17354 24  D Azimuth:972
2015-07-21 02:04:02 INFO  AzimuthAmbiguity:166 - 
Search Window start from: 24947 24  D Azimuth:596
2015-07-21 02:04:02 INFO  AzimuthAmbiguity:166 - 
Search Window start from: 24947 24  D Azimuth:1192
2015-07-21 02:04:02 INFO  AzimuthAmbiguity:166 - 
Search Window start from: 23594 24  D Azimuth:590
2015-07-21 02:04:02 INFO  AzimuthAmbiguity:166 - 
Search Window start from: 23594 24  D Azimuth:1180
2015-07-21 02:04:02 INFO  AzimuthAmbiguity:166 - 
Search Window start from: 17251 24  D Azimuth:485
2015-07-21 02:04:02 INFO  AzimuthAmbiguity:166 - 
Search Window start from: 17251 24  D Azimuth:970
2015-07-21 02:04:02 INFO  AzimuthAmbiguity:166 - 
Search Window start from: 17377 24  D Azimuth:486
2015-07-21 02:04:02 INFO  AzimuthAmbiguity:166 - 
Search Window start from: 17377 24  D Azimuth:972
2015-07-21 02:04:02 INFO  AzimuthAmbiguity:166 - 
Search Window start from: 17118 24  D Azimuth:485
2015-07-21 02:04:02 INFO  AzimuthAmbiguity:166 - 
Search Window start from: 17118 24  D Azimuth:970
2015-07-21 02:04:02 INFO  AzimuthAmbiguity:166 - 
Search Window start from: 17370 24  D Azimuth:486
2015-07-21 02:04:02 INFO  AzimuthAmbiguity:166 - 
Search Window start from: 17370 24  D Azimuth:972
2015-07-21 02:04:02 INFO  AzimuthAmbiguity:166 - 
Search Window start from: 16988 24  D Azimuth:485
2015-07-21 02:04:02 INFO  AzimuthAmbiguity:166 - 
Search Window start from: 16988 24  D Azimuth:970
2015-07-21 02:04:02 INFO  AzimuthAmbiguity:166 - 
Search Window start from: 17172 24  D Azimuth:485
2015-07-21 02:04:02 INFO  AzimuthAmbiguity:166 - 
Search Window start from: 17172 24  D Azimuth:970
2015-07-21 02:04:02 INFO  AzimuthAmbiguity:166 - 
Search Window start from: 17451 24  D Azimuth:565
2015-07-21 02:04:02 INFO  AzimuthAmbiguity:166 - 
Search Window start from: 17451 24  D Azimuth:1130
2015-07-21 02:04:02 INFO  AzimuthAmbiguity:166 - 
Search Window start from: 25221 24  D Azimuth:597
2015-07-21 02:04:02 INFO  AzimuthAmbiguity:166 - 
Search Window start from: 25221 24  D Azimuth:1194
2015-07-21 02:04:02 INFO  AzimuthAmbiguity:166 - 
Search Window start from: 24714 24  D Azimuth:595
2015-07-21 02:04:02 INFO  AzimuthAmbiguity:166 - 
Search Window start from: 24714 24  D Azimuth:1190
2015-07-21 02:04:02 INFO  AzimuthAmbiguity:166 - 
Search Window start from: 25150 24  D Azimuth:597
2015-07-21 02:04:02 INFO  AzimuthAmbiguity:166 - 
Search Window start from: 25150 24  D Azimuth:1194
2015-07-21 02:24:42 INFO  DetectedPixels:369 - Aggregating pixel Num:100  x:20751   y:4231
2015-07-21 02:24:42 INFO  DetectedPixels:369 - Aggregating pixel Num:200  x:20991   y:1705
2015-07-21 02:24:42 INFO  DetectedPixels:369 - Aggregating pixel Num:300  x:17056   y:3516
2015-07-21 02:24:42 INFO  DetectedPixels:369 - Aggregating pixel Num:400  x:25239   y:8793
2015-07-21 02:24:42 INFO  DetectedPixels:369 - Aggregating pixel Num:500  x:24960   y:5506
2015-07-21 02:24:42 INFO  DetectedPixels:369 - Aggregating pixel Num:600  x:24370   y:2359
2015-07-21 02:24:42 INFO  DetectedPixels:369 - Aggregating pixel Num:700  x:17134   y:7644
2015-07-21 02:24:42 INFO  DetectedPixels:369 - Aggregating pixel Num:800  x:11484   y:2596
2015-07-21 02:24:42 INFO  DetectedPixels:369 - Aggregating pixel Num:900  x:25229   y:8798
2015-07-21 02:24:42 INFO  DetectedPixels:369 - Aggregating pixel Num:1000  x:17040   y:3511
2015-07-21 02:24:42 INFO  DetectedPixels:369 - Aggregating pixel Num:1100  x:18735   y:3454
2015-07-21 02:24:42 INFO  DetectedPixels:369 - Aggregating pixel Num:1200  x:25075   y:9236
2015-07-21 02:24:42 INFO  DetectedPixels:369 - Aggregating pixel Num:1300  x:19172   y:3824
2015-07-21 02:24:42 INFO  DetectedPixels:369 - Aggregating pixel Num:1400  x:17133   y:7644
2015-07-21 02:24:42 INFO  DetectedPixels:369 - Aggregating pixel Num:1500  x:11481   y:2597
2015-07-21 02:24:42 INFO  DetectedPixels:369 - Aggregating pixel Num:1600  x:25238   y:8791
2015-07-21 02:24:42 INFO  DetectedPixels:369 - Aggregating pixel Num:1700  x:24959   y:5511
2015-07-21 02:24:42 INFO  DetectedPixels:369 - Aggregating pixel Num:1800  x:17055   y:3516
2015-07-21 02:24:42 INFO  DetectedPixels:369 - Aggregating pixel Num:1900  x:13170   y:2572
2015-07-21 02:24:42 INFO  AzimuthAmbiguity:166 - 
Search Window start from: 7232 24  D Azimuth:536
2015-07-21 02:24:42 INFO  AzimuthAmbiguity:166 - 
Search Window start from: 7232 24  D Azimuth:1072
2015-07-21 02:24:42 INFO  AzimuthAmbiguity:166 - 
Search Window start from: 20981 24  D Azimuth:579
2015-07-21 02:24:42 INFO  AzimuthAmbiguity:166 - 
Search Window start from: 20981 24  D Azimuth:1158
2015-07-21 02:24:42 INFO  AzimuthAmbiguity:166 - 
Search Window start from: 24351 24  D Azimuth:593
2015-07-21 02:24:42 INFO  AzimuthAmbiguity:166 - 
Search Window start from: 24351 24  D Azimuth:1186
2015-07-21 02:24:42 INFO  AzimuthAmbiguity:166 - 
Search Window start from: 24985 24  D Azimuth:596
2015-07-21 02:24:42 INFO  AzimuthAmbiguity:166 - 
Search Window start from: 24985 24  D Azimuth:1192
2015-07-21 02:24:42 INFO  AzimuthAmbiguity:166 - 
Search Window start from: 11548 24  D Azimuth:466
2015-07-21 02:24:42 INFO  AzimuthAmbiguity:166 - 
Search Window start from: 11548 24  D Azimuth:932
2015-07-21 02:24:42 INFO  AzimuthAmbiguity:166 - 
Search Window start from: 14740 24  D Azimuth:477
2015-07-21 02:24:42 INFO  AzimuthAmbiguity:166 - 
Search Window start from: 14740 24  D Azimuth:954
2015-07-21 02:24:42 INFO  AzimuthAmbiguity:166 - 
Search Window start from: 13160 24  D Azimuth:472
2015-07-21 02:24:42 INFO  AzimuthAmbiguity:166 - 
Search Window start from: 13160 24  D Azimuth:944
2015-07-21 02:24:42 INFO  AzimuthAmbiguity:166 - 
Search Window start from: 15543 24  D Azimuth:480
2015-07-21 02:24:42 INFO  AzimuthAmbiguity:166 - 
Search Window start from: 15543 24  D Azimuth:960
2015-07-21 02:24:42 INFO  AzimuthAmbiguity:166 - 
Search Window start from: 23793 24  D Azimuth:591
2015-07-21 02:24:42 INFO  AzimuthAmbiguity:166 - 
Search Window start from: 23793 24  D Azimuth:1182
2015-07-21 02:24:42 INFO  AzimuthAmbiguity:166 - 
Search Window start from: 11472 24  D Azimuth:466
2015-07-21 02:24:42 INFO  AzimuthAmbiguity:166 - 
Search Window start from: 11472 24  D Azimuth:932
2015-07-21 02:24:42 INFO  AzimuthAmbiguity:166 - 
Search Window start from: 18718 24  D Azimuth:570
2015-07-21 02:24:42 INFO  AzimuthAmbiguity:166 - 
Search Window start from: 18718 24  D Azimuth:1140
2015-07-21 02:24:42 INFO  AzimuthAmbiguity:166 - 
Search Window start from: 17033 24  D Azimuth:485
2015-07-21 02:24:42 INFO  AzimuthAmbiguity:166 - 
Search Window start from: 17033 24  D Azimuth:970
2015-07-21 02:24:42 INFO  AzimuthAmbiguity:166 - 
Search Window start from: 22220 24  D Azimuth:584
2015-07-21 02:24:42 INFO  AzimuthAmbiguity:166 - 
Search Window start from: 22220 24  D Azimuth:1168
2015-07-21 02:24:42 INFO  AzimuthAmbiguity:166 - 
Search Window start from: 19149 24  D Azimuth:572
2015-07-21 02:24:42 INFO  AzimuthAmbiguity:166 - 
Search Window start from: 19149 24  D Azimuth:1144
2015-07-21 02:24:42 INFO  AzimuthAmbiguity:166 - 
Search Window start from: 20750 24  D Azimuth:578
2015-07-21 02:24:42 INFO  AzimuthAmbiguity:166 - 
Search Window start from: 20750 24  D Azimuth:1156
2015-07-21 02:24:42 INFO  AzimuthAmbiguity:166 - 
Search Window start from: 24301 24  D Azimuth:593
2015-07-21 02:24:42 INFO  AzimuthAmbiguity:166 - 
Search Window start from: 24301 24  D Azimuth:1186
2015-07-21 02:24:42 INFO  AzimuthAmbiguity:166 - 
Search Window start from: 17354 24  D Azimuth:486
2015-07-21 02:24:42 INFO  AzimuthAmbiguity:166 - 
Search Window start from: 17354 24  D Azimuth:972
2015-07-21 02:24:42 INFO  AzimuthAmbiguity:166 - 
Search Window start from: 24947 24  D Azimuth:596
2015-07-21 02:24:42 INFO  AzimuthAmbiguity:166 - 
Search Window start from: 24947 24  D Azimuth:1192
2015-07-21 02:24:42 INFO  AzimuthAmbiguity:166 - 
Search Window start from: 23594 24  D Azimuth:590
2015-07-21 02:24:42 INFO  AzimuthAmbiguity:166 - 
Search Window start from: 23594 24  D Azimuth:1180
2015-07-21 02:24:43 INFO  AzimuthAmbiguity:166 - 
Search Window start from: 17251 24  D Azimuth:485
2015-07-21 02:24:43 INFO  AzimuthAmbiguity:166 - 
Search Window start from: 17251 24  D Azimuth:970
2015-07-21 02:24:43 INFO  AzimuthAmbiguity:166 - 
Search Window start from: 17377 24  D Azimuth:486
2015-07-21 02:24:43 INFO  AzimuthAmbiguity:166 - 
Search Window start from: 17377 24  D Azimuth:972
2015-07-21 02:24:43 INFO  AzimuthAmbiguity:166 - 
Search Window start from: 17118 24  D Azimuth:485
2015-07-21 02:24:43 INFO  AzimuthAmbiguity:166 - 
Search Window start from: 17118 24  D Azimuth:970
2015-07-21 02:24:43 INFO  AzimuthAmbiguity:166 - 
Search Window start from: 17370 24  D Azimuth:486
2015-07-21 02:24:43 INFO  AzimuthAmbiguity:166 - 
Search Window start from: 17370 24  D Azimuth:972
2015-07-21 02:24:43 INFO  AzimuthAmbiguity:166 - 
Search Window start from: 16988 24  D Azimuth:485
2015-07-21 02:24:43 INFO  AzimuthAmbiguity:166 - 
Search Window start from: 16988 24  D Azimuth:970
2015-07-21 02:24:43 INFO  AzimuthAmbiguity:166 - 
Search Window start from: 17172 24  D Azimuth:485
2015-07-21 02:24:43 INFO  AzimuthAmbiguity:166 - 
Search Window start from: 17172 24  D Azimuth:970
2015-07-21 02:24:43 INFO  AzimuthAmbiguity:166 - 
Search Window start from: 17451 24  D Azimuth:565
2015-07-21 02:24:43 INFO  AzimuthAmbiguity:166 - 
Search Window start from: 17451 24  D Azimuth:1130
2015-07-21 02:24:43 INFO  AzimuthAmbiguity:166 - 
Search Window start from: 25221 24  D Azimuth:597
2015-07-21 02:24:43 INFO  AzimuthAmbiguity:166 - 
Search Window start from: 25221 24  D Azimuth:1194
2015-07-21 02:24:43 INFO  AzimuthAmbiguity:166 - 
Search Window start from: 24714 24  D Azimuth:595
2015-07-21 02:24:43 INFO  AzimuthAmbiguity:166 - 
Search Window start from: 24714 24  D Azimuth:1190
2015-07-21 02:24:43 INFO  AzimuthAmbiguity:166 - 
Search Window start from: 25150 24  D Azimuth:597
2015-07-21 02:24:43 INFO  AzimuthAmbiguity:166 - 
Search Window start from: 25150 24  D Azimuth:1194
2015-07-21 02:30:09 INFO  DetectedPixels:369 - Aggregating pixel Num:100  x:20771   y:4238
2015-07-21 02:30:09 INFO  DetectedPixels:369 - Aggregating pixel Num:200  x:25236   y:8799
2015-07-21 02:30:09 INFO  DetectedPixels:369 - Aggregating pixel Num:300  x:25230   y:8799
2015-07-21 02:30:09 INFO  DetectedPixels:369 - Aggregating pixel Num:400  x:17056   y:3511
2015-07-21 02:30:09 INFO  DetectedPixels:369 - Aggregating pixel Num:500  x:17266   y:7546
2015-07-21 02:30:09 INFO  DetectedPixels:369 - Aggregating pixel Num:600  x:23812   y:2716
2015-07-21 02:30:09 INFO  DetectedPixels:369 - Aggregating pixel Num:700  x:24310   y:4319
2015-07-21 02:30:10 INFO  DetectedPixels:369 - Aggregating pixel Num:800  x:21002   y:1706
2015-07-21 02:30:10 INFO  DetectedPixels:369 - Aggregating pixel Num:900  x:25053   y:9209
2015-07-21 02:30:10 INFO  DetectedPixels:369 - Aggregating pixel Num:1000  x:17368   y:4254
2015-07-21 02:30:10 INFO  DetectedPixels:369 - Aggregating pixel Num:1100  x:17258   y:7551
2015-07-21 02:30:10 INFO  DetectedPixels:369 - Aggregating pixel Num:1200  x:17390   y:7500
2015-07-21 02:30:10 INFO  DetectedPixels:369 - Aggregating pixel Num:1300  x:17040   y:3509
2015-07-21 02:30:10 INFO  DetectedPixels:369 - Aggregating pixel Num:1400  x:25067   y:9223
2015-07-21 02:30:10 INFO  DetectedPixels:369 - Aggregating pixel Num:1500  x:25224   y:8801
2015-07-21 02:30:10 INFO  DetectedPixels:369 - Aggregating pixel Num:1600  x:17709   y:8200
2015-07-21 02:30:10 INFO  DetectedPixels:369 - Aggregating pixel Num:1700  x:17762   y:7842
2015-07-21 02:30:10 INFO  DetectedPixels:369 - Aggregating pixel Num:1800  x:17382   y:7625
2015-07-21 02:30:10 INFO  DetectedPixels:369 - Aggregating pixel Num:1900  x:17790   y:7884
2015-07-21 02:30:10 INFO  DetectedPixels:369 - Aggregating pixel Num:2000  x:17374   y:4256
2015-07-21 02:30:10 INFO  DetectedPixels:369 - Aggregating pixel Num:2100  x:25004   y:2475
2015-07-21 02:30:10 INFO  DetectedPixels:369 - Aggregating pixel Num:2200  x:20755   y:4231
2015-07-21 02:30:10 INFO  DetectedPixels:369 - Aggregating pixel Num:2300  x:11564   y:2173
2015-07-21 02:30:10 INFO  DetectedPixels:369 - Aggregating pixel Num:2400  x:17055   y:3518
2015-07-21 02:30:10 INFO  DetectedPixels:369 - Aggregating pixel Num:2500  x:20774   y:4237
2015-07-21 02:30:10 INFO  DetectedPixels:369 - Aggregating pixel Num:2600  x:20987   y:1708
2015-07-21 02:30:10 INFO  AzimuthAmbiguity:166 - 
Search Window start from: 6433 24  D Azimuth:533
2015-07-21 02:30:10 INFO  AzimuthAmbiguity:166 - 
Search Window start from: 6433 24  D Azimuth:1066
2015-07-21 02:30:10 INFO  AzimuthAmbiguity:166 - 
Search Window start from: 488 24  D Azimuth:512
2015-07-21 02:30:10 INFO  AzimuthAmbiguity:166 - 
Search Window start from: 488 24  D Azimuth:1024
2015-07-21 02:30:10 INFO  AzimuthAmbiguity:166 - 
Search Window start from: 487 24  D Azimuth:512
2015-07-21 02:30:10 INFO  AzimuthAmbiguity:166 - 
Search Window start from: 487 24  D Azimuth:1024
2015-07-21 02:30:10 INFO  AzimuthAmbiguity:166 - 
Search Window start from: 7232 24  D Azimuth:536
2015-07-21 02:30:10 INFO  AzimuthAmbiguity:166 - 
Search Window start from: 7232 24  D Azimuth:1072
2015-07-21 02:30:10 INFO  AzimuthAmbiguity:166 - 
Search Window start from: 20981 24  D Azimuth:579
2015-07-21 02:30:10 INFO  AzimuthAmbiguity:166 - 
Search Window start from: 20981 24  D Azimuth:1158
2015-07-21 02:30:10 INFO  AzimuthAmbiguity:166 - 
Search Window start from: 24351 24  D Azimuth:593
2015-07-21 02:30:10 INFO  AzimuthAmbiguity:166 - 
Search Window start from: 24351 24  D Azimuth:1186
2015-07-21 02:30:10 INFO  AzimuthAmbiguity:166 - 
Search Window start from: 24985 24  D Azimuth:596
2015-07-21 02:30:10 INFO  AzimuthAmbiguity:166 - 
Search Window start from: 24985 24  D Azimuth:1192
2015-07-21 02:30:10 INFO  AzimuthAmbiguity:166 - 
Search Window start from: 11548 24  D Azimuth:466
2015-07-21 02:30:10 INFO  AzimuthAmbiguity:166 - 
Search Window start from: 11548 24  D Azimuth:932
2015-07-21 02:30:10 INFO  AzimuthAmbiguity:166 - 
Search Window start from: 14740 24  D Azimuth:477
2015-07-21 02:30:10 INFO  AzimuthAmbiguity:166 - 
Search Window start from: 14740 24  D Azimuth:954
2015-07-21 02:30:10 INFO  AzimuthAmbiguity:166 - 
Search Window start from: 13160 24  D Azimuth:472
2015-07-21 02:30:10 INFO  AzimuthAmbiguity:166 - 
Search Window start from: 13160 24  D Azimuth:944
2015-07-21 02:30:10 INFO  AzimuthAmbiguity:166 - 
Search Window start from: 15543 24  D Azimuth:480
2015-07-21 02:30:10 INFO  AzimuthAmbiguity:166 - 
Search Window start from: 15543 24  D Azimuth:960
2015-07-21 02:30:10 INFO  AzimuthAmbiguity:166 - 
Search Window start from: 23793 24  D Azimuth:591
2015-07-21 02:30:10 INFO  AzimuthAmbiguity:166 - 
Search Window start from: 23793 24  D Azimuth:1182
2015-07-21 02:30:10 INFO  AzimuthAmbiguity:166 - 
Search Window start from: 11472 24  D Azimuth:466
2015-07-21 02:30:10 INFO  AzimuthAmbiguity:166 - 
Search Window start from: 11472 24  D Azimuth:932
2015-07-21 02:30:10 INFO  AzimuthAmbiguity:166 - 
Search Window start from: 18718 24  D Azimuth:570
2015-07-21 02:30:10 INFO  AzimuthAmbiguity:166 - 
Search Window start from: 18718 24  D Azimuth:1140
2015-07-21 02:30:10 INFO  AzimuthAmbiguity:166 - 
Search Window start from: 17033 24  D Azimuth:485
2015-07-21 02:30:10 INFO  AzimuthAmbiguity:166 - 
Search Window start from: 17033 24  D Azimuth:970
2015-07-21 02:30:10 INFO  AzimuthAmbiguity:166 - 
Search Window start from: 22220 24  D Azimuth:584
2015-07-21 02:30:10 INFO  AzimuthAmbiguity:166 - 
Search Window start from: 22220 24  D Azimuth:1168
2015-07-21 02:30:10 INFO  AzimuthAmbiguity:166 - 
Search Window start from: 19149 24  D Azimuth:572
2015-07-21 02:30:10 INFO  AzimuthAmbiguity:166 - 
Search Window start from: 19149 24  D Azimuth:1144
2015-07-21 02:30:10 INFO  AzimuthAmbiguity:166 - 
Search Window start from: 20750 24  D Azimuth:578
2015-07-21 02:30:10 INFO  AzimuthAmbiguity:166 - 
Search Window start from: 20750 24  D Azimuth:1156
2015-07-21 02:30:10 INFO  AzimuthAmbiguity:166 - 
Search Window start from: 24301 24  D Azimuth:593
2015-07-21 02:30:10 INFO  AzimuthAmbiguity:166 - 
Search Window start from: 24301 24  D Azimuth:1186
2015-07-21 02:30:10 INFO  AzimuthAmbiguity:166 - 
Search Window start from: 16308 24  D Azimuth:482
2015-07-21 02:30:10 INFO  AzimuthAmbiguity:166 - 
Search Window start from: 16308 24  D Azimuth:964
2015-07-21 02:30:10 INFO  AzimuthAmbiguity:166 - 
Search Window start from: 17354 24  D Azimuth:486
2015-07-21 02:30:10 INFO  AzimuthAmbiguity:166 - 
Search Window start from: 17354 24  D Azimuth:972
2015-07-21 02:30:10 INFO  AzimuthAmbiguity:166 - 
Search Window start from: 16308 24  D Azimuth:482
2015-07-21 02:30:10 INFO  AzimuthAmbiguity:166 - 
Search Window start from: 16308 24  D Azimuth:964
2015-07-21 02:30:10 INFO  AzimuthAmbiguity:166 - 
Search Window start from: 24947 24  D Azimuth:596
2015-07-21 02:30:10 INFO  AzimuthAmbiguity:166 - 
Search Window start from: 24947 24  D Azimuth:1192
2015-07-21 02:30:10 INFO  AzimuthAmbiguity:166 - 
Search Window start from: 23594 24  D Azimuth:590
2015-07-21 02:30:10 INFO  AzimuthAmbiguity:166 - 
Search Window start from: 23594 24  D Azimuth:1180
2015-07-21 02:30:10 INFO  AzimuthAmbiguity:166 - 
Search Window start from: 17251 24  D Azimuth:485
2015-07-21 02:30:10 INFO  AzimuthAmbiguity:166 - 
Search Window start from: 17251 24  D Azimuth:970
2015-07-21 02:30:10 INFO  AzimuthAmbiguity:166 - 
Search Window start from: 17377 24  D Azimuth:486
2015-07-21 02:30:10 INFO  AzimuthAmbiguity:166 - 
Search Window start from: 17377 24  D Azimuth:972
2015-07-21 02:30:10 INFO  AzimuthAmbiguity:166 - 
Search Window start from: 17118 24  D Azimuth:485
2015-07-21 02:30:10 INFO  AzimuthAmbiguity:166 - 
Search Window start from: 17118 24  D Azimuth:970
2015-07-21 02:30:10 INFO  AzimuthAmbiguity:166 - 
Search Window start from: 17370 24  D Azimuth:486
2015-07-21 02:30:10 INFO  AzimuthAmbiguity:166 - 
Search Window start from: 17370 24  D Azimuth:972
2015-07-21 02:30:10 INFO  AzimuthAmbiguity:166 - 
Search Window start from: 16988 24  D Azimuth:485
2015-07-21 02:30:10 INFO  AzimuthAmbiguity:166 - 
Search Window start from: 16988 24  D Azimuth:970
2015-07-21 02:30:10 INFO  AzimuthAmbiguity:166 - 
Search Window start from: 17172 24  D Azimuth:485
2015-07-21 02:30:10 INFO  AzimuthAmbiguity:166 - 
Search Window start from: 17172 24  D Azimuth:970
2015-07-21 02:30:10 INFO  AzimuthAmbiguity:166 - 
Search Window start from: 17451 24  D Azimuth:565
2015-07-21 02:30:10 INFO  AzimuthAmbiguity:166 - 
Search Window start from: 17451 24  D Azimuth:1130
2015-07-21 02:30:10 INFO  AzimuthAmbiguity:166 - 
Search Window start from: 25221 24  D Azimuth:597
2015-07-21 02:30:10 INFO  AzimuthAmbiguity:166 - 
Search Window start from: 25221 24  D Azimuth:1194
2015-07-21 02:30:10 INFO  AzimuthAmbiguity:166 - 
Search Window start from: 24714 24  D Azimuth:595
2015-07-21 02:30:10 INFO  AzimuthAmbiguity:166 - 
Search Window start from: 24714 24  D Azimuth:1190
2015-07-21 02:30:10 INFO  AzimuthAmbiguity:166 - 
Search Window start from: 25150 24  D Azimuth:597
2015-07-21 02:30:10 INFO  AzimuthAmbiguity:166 - 
Search Window start from: 25150 24  D Azimuth:1194
2015-07-21 02:43:48 INFO  GeoImageReaderFactory:118 - Successfully reading {0} as {1}...
2015-07-21 02:47:15 INFO  DetectedPixels:369 - Aggregating pixel Num:100  x:20751   y:4231
2015-07-21 02:47:15 INFO  DetectedPixels:369 - Aggregating pixel Num:200  x:20991   y:1705
2015-07-21 02:47:15 INFO  DetectedPixels:369 - Aggregating pixel Num:300  x:17056   y:3516
2015-07-21 02:47:15 INFO  DetectedPixels:369 - Aggregating pixel Num:400  x:25239   y:8793
2015-07-21 02:47:15 INFO  DetectedPixels:369 - Aggregating pixel Num:500  x:24960   y:5506
2015-07-21 02:47:16 INFO  DetectedPixels:369 - Aggregating pixel Num:600  x:24370   y:2359
2015-07-21 02:47:16 INFO  DetectedPixels:369 - Aggregating pixel Num:700  x:17134   y:7644
2015-07-21 02:47:16 INFO  DetectedPixels:369 - Aggregating pixel Num:800  x:11484   y:2596
2015-07-21 02:47:16 INFO  DetectedPixels:369 - Aggregating pixel Num:900  x:25229   y:8798
2015-07-21 02:47:16 INFO  DetectedPixels:369 - Aggregating pixel Num:1000  x:17040   y:3511
2015-07-21 02:47:16 INFO  DetectedPixels:369 - Aggregating pixel Num:1100  x:18735   y:3454
2015-07-21 02:47:16 INFO  DetectedPixels:369 - Aggregating pixel Num:1200  x:25075   y:9236
2015-07-21 02:47:16 INFO  DetectedPixels:369 - Aggregating pixel Num:1300  x:19172   y:3824
2015-07-21 02:47:16 INFO  DetectedPixels:369 - Aggregating pixel Num:1400  x:17133   y:7644
2015-07-21 02:47:16 INFO  DetectedPixels:369 - Aggregating pixel Num:1500  x:11481   y:2597
2015-07-21 02:47:16 INFO  DetectedPixels:369 - Aggregating pixel Num:1600  x:25238   y:8791
2015-07-21 02:47:16 INFO  DetectedPixels:369 - Aggregating pixel Num:1700  x:24959   y:5511
2015-07-21 02:47:16 INFO  DetectedPixels:369 - Aggregating pixel Num:1800  x:17055   y:3516
2015-07-21 02:47:16 INFO  DetectedPixels:369 - Aggregating pixel Num:1900  x:13170   y:2572
2015-07-21 02:47:16 INFO  AzimuthAmbiguity:166 - 
Search Window start from: 7232 24  D Azimuth:536
2015-07-21 02:47:16 INFO  AzimuthAmbiguity:166 - 
Search Window start from: 7232 24  D Azimuth:1072
2015-07-21 02:47:16 INFO  AzimuthAmbiguity:166 - 
Search Window start from: 20981 24  D Azimuth:579
2015-07-21 02:47:16 INFO  AzimuthAmbiguity:166 - 
Search Window start from: 20981 24  D Azimuth:1158
2015-07-21 02:47:16 INFO  AzimuthAmbiguity:166 - 
Search Window start from: 24351 24  D Azimuth:593
2015-07-21 02:47:16 INFO  AzimuthAmbiguity:166 - 
Search Window start from: 24351 24  D Azimuth:1186
2015-07-21 02:47:16 INFO  AzimuthAmbiguity:166 - 
Search Window start from: 24985 24  D Azimuth:596
2015-07-21 02:47:16 INFO  AzimuthAmbiguity:166 - 
Search Window start from: 24985 24  D Azimuth:1192
2015-07-21 02:47:16 INFO  AzimuthAmbiguity:166 - 
Search Window start from: 11548 24  D Azimuth:466
2015-07-21 02:47:16 INFO  AzimuthAmbiguity:166 - 
Search Window start from: 11548 24  D Azimuth:932
2015-07-21 02:47:16 INFO  AzimuthAmbiguity:166 - 
Search Window start from: 14740 24  D Azimuth:477
2015-07-21 02:47:16 INFO  AzimuthAmbiguity:166 - 
Search Window start from: 14740 24  D Azimuth:954
2015-07-21 02:47:16 INFO  AzimuthAmbiguity:166 - 
Search Window start from: 13160 24  D Azimuth:472
2015-07-21 02:47:16 INFO  AzimuthAmbiguity:166 - 
Search Window start from: 13160 24  D Azimuth:944
2015-07-21 02:47:16 INFO  AzimuthAmbiguity:166 - 
Search Window start from: 15543 24  D Azimuth:480
2015-07-21 02:47:16 INFO  AzimuthAmbiguity:166 - 
Search Window start from: 15543 24  D Azimuth:960
2015-07-21 02:47:16 INFO  AzimuthAmbiguity:166 - 
Search Window start from: 23793 24  D Azimuth:591
2015-07-21 02:47:16 INFO  AzimuthAmbiguity:166 - 
Search Window start from: 23793 24  D Azimuth:1182
2015-07-21 02:47:16 INFO  AzimuthAmbiguity:166 - 
Search Window start from: 11472 24  D Azimuth:466
2015-07-21 02:47:16 INFO  AzimuthAmbiguity:166 - 
Search Window start from: 11472 24  D Azimuth:932
2015-07-21 02:47:16 INFO  AzimuthAmbiguity:166 - 
Search Window start from: 18718 24  D Azimuth:570
2015-07-21 02:47:16 INFO  AzimuthAmbiguity:166 - 
Search Window start from: 18718 24  D Azimuth:1140
2015-07-21 02:47:16 INFO  AzimuthAmbiguity:166 - 
Search Window start from: 17033 24  D Azimuth:485
2015-07-21 02:47:16 INFO  AzimuthAmbiguity:166 - 
Search Window start from: 17033 24  D Azimuth:970
2015-07-21 02:47:16 INFO  AzimuthAmbiguity:166 - 
Search Window start from: 22220 24  D Azimuth:584
2015-07-21 02:47:16 INFO  AzimuthAmbiguity:166 - 
Search Window start from: 22220 24  D Azimuth:1168
2015-07-21 02:47:16 INFO  AzimuthAmbiguity:166 - 
Search Window start from: 19149 24  D Azimuth:572
2015-07-21 02:47:16 INFO  AzimuthAmbiguity:166 - 
Search Window start from: 19149 24  D Azimuth:1144
2015-07-21 02:47:16 INFO  AzimuthAmbiguity:166 - 
Search Window start from: 20750 24  D Azimuth:578
2015-07-21 02:47:16 INFO  AzimuthAmbiguity:166 - 
Search Window start from: 20750 24  D Azimuth:1156
2015-07-21 02:47:16 INFO  AzimuthAmbiguity:166 - 
Search Window start from: 24301 24  D Azimuth:593
2015-07-21 02:47:16 INFO  AzimuthAmbiguity:166 - 
Search Window start from: 24301 24  D Azimuth:1186
2015-07-21 02:47:16 INFO  AzimuthAmbiguity:166 - 
Search Window start from: 17354 24  D Azimuth:486
2015-07-21 02:47:16 INFO  AzimuthAmbiguity:166 - 
Search Window start from: 17354 24  D Azimuth:972
2015-07-21 02:47:16 INFO  AzimuthAmbiguity:166 - 
Search Window start from: 24947 24  D Azimuth:596
2015-07-21 02:47:16 INFO  AzimuthAmbiguity:166 - 
Search Window start from: 24947 24  D Azimuth:1192
2015-07-21 02:47:16 INFO  AzimuthAmbiguity:166 - 
Search Window start from: 23594 24  D Azimuth:590
2015-07-21 02:47:16 INFO  AzimuthAmbiguity:166 - 
Search Window start from: 23594 24  D Azimuth:1180
2015-07-21 02:47:16 INFO  AzimuthAmbiguity:166 - 
Search Window start from: 17251 24  D Azimuth:485
2015-07-21 02:47:16 INFO  AzimuthAmbiguity:166 - 
Search Window start from: 17251 24  D Azimuth:970
2015-07-21 02:47:16 INFO  AzimuthAmbiguity:166 - 
Search Window start from: 17377 24  D Azimuth:486
2015-07-21 02:47:16 INFO  AzimuthAmbiguity:166 - 
Search Window start from: 17377 24  D Azimuth:972
2015-07-21 02:47:16 INFO  AzimuthAmbiguity:166 - 
Search Window start from: 17118 24  D Azimuth:485
2015-07-21 02:47:16 INFO  AzimuthAmbiguity:166 - 
Search Window start from: 17118 24  D Azimuth:970
2015-07-21 02:47:16 INFO  AzimuthAmbiguity:166 - 
Search Window start from: 17370 24  D Azimuth:486
2015-07-21 02:47:16 INFO  AzimuthAmbiguity:166 - 
Search Window start from: 17370 24  D Azimuth:972
2015-07-21 02:47:16 INFO  AzimuthAmbiguity:166 - 
Search Window start from: 16988 24  D Azimuth:485
2015-07-21 02:47:16 INFO  AzimuthAmbiguity:166 - 
Search Window start from: 16988 24  D Azimuth:970
2015-07-21 02:47:16 INFO  AzimuthAmbiguity:166 - 
Search Window start from: 17172 24  D Azimuth:485
2015-07-21 02:47:16 INFO  AzimuthAmbiguity:166 - 
Search Window start from: 17172 24  D Azimuth:970
2015-07-21 02:47:16 INFO  AzimuthAmbiguity:166 - 
Search Window start from: 17451 24  D Azimuth:565
2015-07-21 02:47:16 INFO  AzimuthAmbiguity:166 - 
Search Window start from: 17451 24  D Azimuth:1130
2015-07-21 02:47:16 INFO  AzimuthAmbiguity:166 - 
Search Window start from: 25221 24  D Azimuth:597
2015-07-21 02:47:16 INFO  AzimuthAmbiguity:166 - 
Search Window start from: 25221 24  D Azimuth:1194
2015-07-21 02:47:16 INFO  AzimuthAmbiguity:166 - 
Search Window start from: 24714 24  D Azimuth:595
2015-07-21 02:47:16 INFO  AzimuthAmbiguity:166 - 
Search Window start from: 24714 24  D Azimuth:1190
2015-07-21 02:47:16 INFO  AzimuthAmbiguity:166 - 
Search Window start from: 25150 24  D Azimuth:597
2015-07-21 02:47:16 INFO  AzimuthAmbiguity:166 - 
Search Window start from: 25150 24  D Azimuth:1194
2015-07-21 02:50:12 INFO  DetectedPixels:369 - Aggregating pixel Num:100  x:17390   y:7498
2015-07-21 02:50:12 INFO  DetectedPixels:369 - Aggregating pixel Num:200  x:11485   y:2596
2015-07-21 02:50:12 INFO  DetectedPixels:369 - Aggregating pixel Num:300  x:21001   y:1710
2015-07-21 02:50:12 INFO  DetectedPixels:369 - Aggregating pixel Num:400  x:24960   y:5507
2015-07-21 02:50:12 INFO  DetectedPixels:369 - Aggregating pixel Num:500  x:21002   y:1709
2015-07-21 02:50:12 INFO  DetectedPixels:369 - Aggregating pixel Num:600  x:24995   y:2475
2015-07-21 02:50:12 INFO  DetectedPixels:369 - Aggregating pixel Num:700  x:24372   y:2362
2015-07-21 02:50:12 INFO  DetectedPixels:369 - Aggregating pixel Num:800  x:23801   y:2713
2015-07-21 02:50:12 INFO  DetectedPixels:369 - Aggregating pixel Num:900  x:25235   y:8794
2015-07-21 02:50:12 INFO  DetectedPixels:369 - Aggregating pixel Num:1000  x:23815   y:2717
2015-07-21 02:50:12 INFO  DetectedPixels:369 - Aggregating pixel Num:1100  x:22220   y:3907
2015-07-21 02:50:12 INFO  DetectedPixels:369 - Aggregating pixel Num:1200  x:17374   y:4255
2015-07-21 02:50:12 INFO  DetectedPixels:369 - Aggregating pixel Num:1300  x:19165   y:3821
2015-07-21 02:50:12 INFO  DetectedPixels:369 - Aggregating pixel Num:1400  x:17270   y:7540
2015-07-21 02:50:12 INFO  DetectedPixels:369 - Aggregating pixel Num:1500  x:24362   y:2361
2015-07-21 02:50:12 INFO  AzimuthAmbiguity:166 - 
Search Window start from: 7232 24  D Azimuth:536
2015-07-21 02:50:12 INFO  AzimuthAmbiguity:166 - 
Search Window start from: 7232 24  D Azimuth:1072
2015-07-21 02:50:12 INFO  AzimuthAmbiguity:166 - 
Search Window start from: 20981 24  D Azimuth:579
2015-07-21 02:50:12 INFO  AzimuthAmbiguity:166 - 
Search Window start from: 20981 24  D Azimuth:1158
2015-07-21 02:50:12 INFO  AzimuthAmbiguity:166 - 
Search Window start from: 24351 24  D Azimuth:593
2015-07-21 02:50:12 INFO  AzimuthAmbiguity:166 - 
Search Window start from: 24351 24  D Azimuth:1186
2015-07-21 02:50:12 INFO  AzimuthAmbiguity:166 - 
Search Window start from: 24985 24  D Azimuth:596
2015-07-21 02:50:12 INFO  AzimuthAmbiguity:166 - 
Search Window start from: 24985 24  D Azimuth:1192
2015-07-21 02:50:12 INFO  AzimuthAmbiguity:166 - 
Search Window start from: 11548 24  D Azimuth:466
2015-07-21 02:50:12 INFO  AzimuthAmbiguity:166 - 
Search Window start from: 11548 24  D Azimuth:932
2015-07-21 02:50:12 INFO  AzimuthAmbiguity:166 - 
Search Window start from: 14740 24  D Azimuth:477
2015-07-21 02:50:12 INFO  AzimuthAmbiguity:166 - 
Search Window start from: 14740 24  D Azimuth:954
2015-07-21 02:50:12 INFO  AzimuthAmbiguity:166 - 
Search Window start from: 13160 24  D Azimuth:472
2015-07-21 02:50:12 INFO  AzimuthAmbiguity:166 - 
Search Window start from: 13160 24  D Azimuth:944
2015-07-21 02:50:12 INFO  AzimuthAmbiguity:166 - 
Search Window start from: 15543 24  D Azimuth:480
2015-07-21 02:50:12 INFO  AzimuthAmbiguity:166 - 
Search Window start from: 15543 24  D Azimuth:960
2015-07-21 02:50:12 INFO  AzimuthAmbiguity:166 - 
Search Window start from: 23793 24  D Azimuth:591
2015-07-21 02:50:12 INFO  AzimuthAmbiguity:166 - 
Search Window start from: 23793 24  D Azimuth:1182
2015-07-21 02:50:12 INFO  AzimuthAmbiguity:166 - 
Search Window start from: 11472 24  D Azimuth:466
2015-07-21 02:50:12 INFO  AzimuthAmbiguity:166 - 
Search Window start from: 11472 24  D Azimuth:932
2015-07-21 02:50:12 INFO  AzimuthAmbiguity:166 - 
Search Window start from: 18718 24  D Azimuth:570
2015-07-21 02:50:12 INFO  AzimuthAmbiguity:166 - 
Search Window start from: 18718 24  D Azimuth:1140
2015-07-21 02:50:12 INFO  AzimuthAmbiguity:166 - 
Search Window start from: 17033 24  D Azimuth:485
2015-07-21 02:50:12 INFO  AzimuthAmbiguity:166 - 
Search Window start from: 17033 24  D Azimuth:970
2015-07-21 02:50:12 INFO  AzimuthAmbiguity:166 - 
Search Window start from: 22220 24  D Azimuth:584
2015-07-21 02:50:12 INFO  AzimuthAmbiguity:166 - 
Search Window start from: 22220 24  D Azimuth:1168
2015-07-21 02:50:12 INFO  AzimuthAmbiguity:166 - 
Search Window start from: 19149 24  D Azimuth:572
2015-07-21 02:50:12 INFO  AzimuthAmbiguity:166 - 
Search Window start from: 19149 24  D Azimuth:1144
2015-07-21 02:50:12 INFO  AzimuthAmbiguity:166 - 
Search Window start from: 20750 24  D Azimuth:578
2015-07-21 02:50:12 INFO  AzimuthAmbiguity:166 - 
Search Window start from: 20750 24  D Azimuth:1156
2015-07-21 02:50:12 INFO  AzimuthAmbiguity:166 - 
Search Window start from: 24301 24  D Azimuth:593
2015-07-21 02:50:12 INFO  AzimuthAmbiguity:166 - 
Search Window start from: 24301 24  D Azimuth:1186
2015-07-21 02:50:12 INFO  AzimuthAmbiguity:166 - 
Search Window start from: 17354 24  D Azimuth:486
2015-07-21 02:50:12 INFO  AzimuthAmbiguity:166 - 
Search Window start from: 17354 24  D Azimuth:972
2015-07-21 02:50:12 INFO  AzimuthAmbiguity:166 - 
Search Window start from: 24947 24  D Azimuth:596
2015-07-21 02:50:12 INFO  AzimuthAmbiguity:166 - 
Search Window start from: 24947 24  D Azimuth:1192
2015-07-21 02:50:12 INFO  AzimuthAmbiguity:166 - 
Search Window start from: 23594 24  D Azimuth:590
2015-07-21 02:50:12 INFO  AzimuthAmbiguity:166 - 
Search Window start from: 23594 24  D Azimuth:1180
2015-07-21 02:50:12 INFO  AzimuthAmbiguity:166 - 
Search Window start from: 17251 24  D Azimuth:485
2015-07-21 02:50:12 INFO  AzimuthAmbiguity:166 - 
Search Window start from: 17251 24  D Azimuth:970
2015-07-21 02:50:12 INFO  AzimuthAmbiguity:166 - 
Search Window start from: 17377 24  D Azimuth:486
2015-07-21 02:50:12 INFO  AzimuthAmbiguity:166 - 
Search Window start from: 17377 24  D Azimuth:972
2015-07-21 02:50:12 INFO  AzimuthAmbiguity:166 - 
Search Window start from: 17118 24  D Azimuth:485
2015-07-21 02:50:12 INFO  AzimuthAmbiguity:166 - 
Search Window start from: 17118 24  D Azimuth:970
2015-07-21 02:50:12 INFO  AzimuthAmbiguity:166 - 
Search Window start from: 17370 24  D Azimuth:486
2015-07-21 02:50:12 INFO  AzimuthAmbiguity:166 - 
Search Window start from: 17370 24  D Azimuth:972
2015-07-21 02:50:12 INFO  AzimuthAmbiguity:166 - 
Search Window start from: 25221 24  D Azimuth:597
2015-07-21 02:50:12 INFO  AzimuthAmbiguity:166 - 
Search Window start from: 25221 24  D Azimuth:1194
2015-07-21 02:50:12 INFO  AzimuthAmbiguity:166 - 
Search Window start from: 24714 24  D Azimuth:595
2015-07-21 02:50:12 INFO  AzimuthAmbiguity:166 - 
Search Window start from: 24714 24  D Azimuth:1190
2015-07-21 02:50:12 INFO  AzimuthAmbiguity:166 - 
Search Window start from: 25150 24  D Azimuth:597
2015-07-21 02:50:12 INFO  AzimuthAmbiguity:166 - 
Search Window start from: 25150 24  D Azimuth:1194
2015-07-21 02:53:46 INFO  DetectedPixels:369 - Aggregating pixel Num:100  x:17390   y:7498
2015-07-21 02:53:46 INFO  DetectedPixels:369 - Aggregating pixel Num:200  x:11485   y:2596
2015-07-21 02:53:46 INFO  DetectedPixels:369 - Aggregating pixel Num:300  x:21001   y:1710
2015-07-21 02:53:46 INFO  DetectedPixels:369 - Aggregating pixel Num:400  x:24960   y:5507
2015-07-21 02:53:46 INFO  DetectedPixels:369 - Aggregating pixel Num:500  x:21002   y:1709
2015-07-21 02:53:46 INFO  DetectedPixels:369 - Aggregating pixel Num:600  x:18723   y:3452
2015-07-21 02:53:46 INFO  DetectedPixels:369 - Aggregating pixel Num:700  x:23800   y:2713
2015-07-21 02:53:46 INFO  DetectedPixels:369 - Aggregating pixel Num:800  x:23801   y:2711
2015-07-21 02:53:46 INFO  DetectedPixels:369 - Aggregating pixel Num:900  x:25235   y:8796
2015-07-21 02:53:46 INFO  DetectedPixels:369 - Aggregating pixel Num:1000  x:22231   y:3912
2015-07-21 02:53:46 INFO  DetectedPixels:369 - Aggregating pixel Num:1100  x:24317   y:4321
2015-07-21 02:53:46 INFO  DetectedPixels:369 - Aggregating pixel Num:1200  x:11481   y:2594
2015-07-21 02:53:46 INFO  DetectedPixels:369 - Aggregating pixel Num:1300  x:24368   y:2363
2015-07-21 02:53:46 INFO  DetectedPixels:369 - Aggregating pixel Num:1400  x:17393   y:7495
2015-07-21 02:53:46 INFO  DetectedPixels:369 - Aggregating pixel Num:1500  x:20996   y:1707
2015-07-21 02:53:46 INFO  AzimuthAmbiguity:166 - 
Search Window start from: 7232 24  D Azimuth:536
2015-07-21 02:53:46 INFO  AzimuthAmbiguity:166 - 
Search Window start from: 7232 24  D Azimuth:1072
2015-07-21 02:53:46 INFO  AzimuthAmbiguity:166 - 
Search Window start from: 20981 24  D Azimuth:579
2015-07-21 02:53:46 INFO  AzimuthAmbiguity:166 - 
Search Window start from: 20981 24  D Azimuth:1158
2015-07-21 02:53:46 INFO  AzimuthAmbiguity:166 - 
Search Window start from: 24351 24  D Azimuth:593
2015-07-21 02:53:46 INFO  AzimuthAmbiguity:166 - 
Search Window start from: 24351 24  D Azimuth:1186
2015-07-21 02:53:46 INFO  AzimuthAmbiguity:166 - 
Search Window start from: 24985 24  D Azimuth:596
2015-07-21 02:53:46 INFO  AzimuthAmbiguity:166 - 
Search Window start from: 24985 24  D Azimuth:1192
2015-07-21 02:53:46 INFO  AzimuthAmbiguity:166 - 
Search Window start from: 11548 24  D Azimuth:466
2015-07-21 02:53:46 INFO  AzimuthAmbiguity:166 - 
Search Window start from: 11548 24  D Azimuth:932
2015-07-21 02:53:46 INFO  AzimuthAmbiguity:166 - 
Search Window start from: 14740 24  D Azimuth:477
2015-07-21 02:53:46 INFO  AzimuthAmbiguity:166 - 
Search Window start from: 14740 24  D Azimuth:954
2015-07-21 02:53:46 INFO  AzimuthAmbiguity:166 - 
Search Window start from: 13160 24  D Azimuth:472
2015-07-21 02:53:46 INFO  AzimuthAmbiguity:166 - 
Search Window start from: 13160 24  D Azimuth:944
2015-07-21 02:53:46 INFO  AzimuthAmbiguity:166 - 
Search Window start from: 15543 24  D Azimuth:480
2015-07-21 02:53:46 INFO  AzimuthAmbiguity:166 - 
Search Window start from: 15543 24  D Azimuth:960
2015-07-21 02:53:46 INFO  AzimuthAmbiguity:166 - 
Search Window start from: 23793 24  D Azimuth:591
2015-07-21 02:53:46 INFO  AzimuthAmbiguity:166 - 
Search Window start from: 23793 24  D Azimuth:1182
2015-07-21 02:53:46 INFO  AzimuthAmbiguity:166 - 
Search Window start from: 11472 24  D Azimuth:466
2015-07-21 02:53:46 INFO  AzimuthAmbiguity:166 - 
Search Window start from: 11472 24  D Azimuth:932
2015-07-21 02:53:46 INFO  AzimuthAmbiguity:166 - 
Search Window start from: 18718 24  D Azimuth:570
2015-07-21 02:53:46 INFO  AzimuthAmbiguity:166 - 
Search Window start from: 18718 24  D Azimuth:1140
2015-07-21 02:53:46 INFO  AzimuthAmbiguity:166 - 
Search Window start from: 17033 24  D Azimuth:485
2015-07-21 02:53:46 INFO  AzimuthAmbiguity:166 - 
Search Window start from: 17033 24  D Azimuth:970
2015-07-21 02:53:46 INFO  AzimuthAmbiguity:166 - 
Search Window start from: 22220 24  D Azimuth:584
2015-07-21 02:53:46 INFO  AzimuthAmbiguity:166 - 
Search Window start from: 22220 24  D Azimuth:1168
2015-07-21 02:53:46 INFO  AzimuthAmbiguity:166 - 
Search Window start from: 19149 24  D Azimuth:572
2015-07-21 02:53:46 INFO  AzimuthAmbiguity:166 - 
Search Window start from: 19149 24  D Azimuth:1144
2015-07-21 02:53:46 INFO  AzimuthAmbiguity:166 - 
Search Window start from: 20750 24  D Azimuth:578
2015-07-21 02:53:46 INFO  AzimuthAmbiguity:166 - 
Search Window start from: 20750 24  D Azimuth:1156
2015-07-21 02:53:46 INFO  AzimuthAmbiguity:166 - 
Search Window start from: 24301 24  D Azimuth:593
2015-07-21 02:53:46 INFO  AzimuthAmbiguity:166 - 
Search Window start from: 24301 24  D Azimuth:1186
2015-07-21 02:53:46 INFO  AzimuthAmbiguity:166 - 
Search Window start from: 17354 24  D Azimuth:486
2015-07-21 02:53:46 INFO  AzimuthAmbiguity:166 - 
Search Window start from: 17354 24  D Azimuth:972
2015-07-21 02:53:46 INFO  AzimuthAmbiguity:166 - 
Search Window start from: 24947 24  D Azimuth:596
2015-07-21 02:53:46 INFO  AzimuthAmbiguity:166 - 
Search Window start from: 24947 24  D Azimuth:1192
2015-07-21 02:53:46 INFO  AzimuthAmbiguity:166 - 
Search Window start from: 23594 24  D Azimuth:590
2015-07-21 02:53:46 INFO  AzimuthAmbiguity:166 - 
Search Window start from: 23594 24  D Azimuth:1180
2015-07-21 02:53:46 INFO  AzimuthAmbiguity:166 - 
Search Window start from: 17251 24  D Azimuth:485
2015-07-21 02:53:46 INFO  AzimuthAmbiguity:166 - 
Search Window start from: 17251 24  D Azimuth:970
2015-07-21 02:53:46 INFO  AzimuthAmbiguity:166 - 
Search Window start from: 17377 24  D Azimuth:486
2015-07-21 02:53:46 INFO  AzimuthAmbiguity:166 - 
Search Window start from: 17377 24  D Azimuth:972
2015-07-21 02:53:46 INFO  AzimuthAmbiguity:166 - 
Search Window start from: 17118 24  D Azimuth:485
2015-07-21 02:53:46 INFO  AzimuthAmbiguity:166 - 
Search Window start from: 17118 24  D Azimuth:970
2015-07-21 02:53:46 INFO  AzimuthAmbiguity:166 - 
Search Window start from: 17370 24  D Azimuth:486
2015-07-21 02:53:46 INFO  AzimuthAmbiguity:166 - 
Search Window start from: 17370 24  D Azimuth:972
2015-07-21 02:53:46 INFO  AzimuthAmbiguity:166 - 
Search Window start from: 25221 24  D Azimuth:597
2015-07-21 02:53:46 INFO  AzimuthAmbiguity:166 - 
Search Window start from: 25221 24  D Azimuth:1194
2015-07-21 02:53:46 INFO  AzimuthAmbiguity:166 - 
Search Window start from: 24714 24  D Azimuth:595
2015-07-21 02:53:46 INFO  AzimuthAmbiguity:166 - 
Search Window start from: 24714 24  D Azimuth:1190
2015-07-21 02:53:46 INFO  AzimuthAmbiguity:166 - 
Search Window start from: 25150 24  D Azimuth:597
2015-07-21 02:53:46 INFO  AzimuthAmbiguity:166 - 
Search Window start from: 25150 24  D Azimuth:1194
2015-07-21 02:55:37 INFO  DetectedPixels:369 - Aggregating pixel Num:100  x:17051   y:3515
2015-07-21 02:55:37 INFO  DetectedPixels:369 - Aggregating pixel Num:200  x:17395   y:7495
2015-07-21 02:55:37 INFO  DetectedPixels:369 - Aggregating pixel Num:300  x:18722   y:3453
2015-07-21 02:55:37 INFO  DetectedPixels:369 - Aggregating pixel Num:400  x:24364   y:2361
2015-07-21 02:55:37 INFO  DetectedPixels:369 - Aggregating pixel Num:500  x:13179   y:2574
2015-07-21 02:55:37 INFO  DetectedPixels:369 - Aggregating pixel Num:600  x:13177   y:2571
2015-07-21 02:55:37 INFO  DetectedPixels:369 - Aggregating pixel Num:700  x:22228   y:3912
2015-07-21 02:55:37 INFO  DetectedPixels:369 - Aggregating pixel Num:800  x:17048   y:3511
2015-07-21 02:55:37 INFO  DetectedPixels:369 - Aggregating pixel Num:900  x:20985   y:1707
2015-07-21 02:55:37 INFO  DetectedPixels:369 - Aggregating pixel Num:1000  x:24959   y:5517
2015-07-21 02:55:37 INFO  DetectedPixels:369 - Aggregating pixel Num:1100  x:17368   y:4253
2015-07-21 02:55:37 INFO  DetectedPixels:369 - Aggregating pixel Num:1200  x:24367   y:2362
2015-07-21 02:55:37 INFO  DetectedPixels:369 - Aggregating pixel Num:1300  x:17054   y:3514
2015-07-21 02:55:37 INFO  DetectedPixels:369 - Aggregating pixel Num:1400  x:25242   y:8792
2015-07-21 02:55:38 INFO  AzimuthAmbiguity:166 - 
Search Window start from: 7232 24  D Azimuth:536
2015-07-21 02:55:38 INFO  AzimuthAmbiguity:166 - 
Search Window start from: 7232 24  D Azimuth:1072
2015-07-21 02:55:38 INFO  AzimuthAmbiguity:166 - 
Search Window start from: 20981 24  D Azimuth:579
2015-07-21 02:55:38 INFO  AzimuthAmbiguity:166 - 
Search Window start from: 20981 24  D Azimuth:1158
2015-07-21 02:55:38 INFO  AzimuthAmbiguity:166 - 
Search Window start from: 24351 24  D Azimuth:593
2015-07-21 02:55:38 INFO  AzimuthAmbiguity:166 - 
Search Window start from: 24351 24  D Azimuth:1186
2015-07-21 02:55:38 INFO  AzimuthAmbiguity:166 - 
Search Window start from: 24985 24  D Azimuth:596
2015-07-21 02:55:38 INFO  AzimuthAmbiguity:166 - 
Search Window start from: 24985 24  D Azimuth:1192
2015-07-21 02:55:38 INFO  AzimuthAmbiguity:166 - 
Search Window start from: 14740 24  D Azimuth:477
2015-07-21 02:55:38 INFO  AzimuthAmbiguity:166 - 
Search Window start from: 14740 24  D Azimuth:954
2015-07-21 02:55:38 INFO  AzimuthAmbiguity:166 - 
Search Window start from: 11548 24  D Azimuth:466
2015-07-21 02:55:38 INFO  AzimuthAmbiguity:166 - 
Search Window start from: 11548 24  D Azimuth:932
2015-07-21 02:55:38 INFO  AzimuthAmbiguity:166 - 
Search Window start from: 13160 24  D Azimuth:472
2015-07-21 02:55:38 INFO  AzimuthAmbiguity:166 - 
Search Window start from: 13160 24  D Azimuth:944
2015-07-21 02:55:38 INFO  AzimuthAmbiguity:166 - 
Search Window start from: 23793 24  D Azimuth:591
2015-07-21 02:55:38 INFO  AzimuthAmbiguity:166 - 
Search Window start from: 23793 24  D Azimuth:1182
2015-07-21 02:55:38 INFO  AzimuthAmbiguity:166 - 
Search Window start from: 11471 24  D Azimuth:466
2015-07-21 02:55:38 INFO  AzimuthAmbiguity:166 - 
Search Window start from: 11471 24  D Azimuth:932
2015-07-21 02:55:38 INFO  AzimuthAmbiguity:166 - 
Search Window start from: 15543 24  D Azimuth:480
2015-07-21 02:55:38 INFO  AzimuthAmbiguity:166 - 
Search Window start from: 15543 24  D Azimuth:960
2015-07-21 02:55:38 INFO  AzimuthAmbiguity:166 - 
Search Window start from: 17033 24  D Azimuth:485
2015-07-21 02:55:38 INFO  AzimuthAmbiguity:166 - 
Search Window start from: 17033 24  D Azimuth:970
2015-07-21 02:55:38 INFO  AzimuthAmbiguity:166 - 
Search Window start from: 18718 24  D Azimuth:570
2015-07-21 02:55:38 INFO  AzimuthAmbiguity:166 - 
Search Window start from: 18718 24  D Azimuth:1140
2015-07-21 02:55:38 INFO  AzimuthAmbiguity:166 - 
Search Window start from: 22220 24  D Azimuth:584
2015-07-21 02:55:38 INFO  AzimuthAmbiguity:166 - 
Search Window start from: 22220 24  D Azimuth:1168
2015-07-21 02:55:38 INFO  AzimuthAmbiguity:166 - 
Search Window start from: 19149 24  D Azimuth:572
2015-07-21 02:55:38 INFO  AzimuthAmbiguity:166 - 
Search Window start from: 19149 24  D Azimuth:1144
2015-07-21 02:55:38 INFO  AzimuthAmbiguity:166 - 
Search Window start from: 20750 24  D Azimuth:578
2015-07-21 02:55:38 INFO  AzimuthAmbiguity:166 - 
Search Window start from: 20750 24  D Azimuth:1156
2015-07-21 02:55:38 INFO  AzimuthAmbiguity:166 - 
Search Window start from: 24301 24  D Azimuth:593
2015-07-21 02:55:38 INFO  AzimuthAmbiguity:166 - 
Search Window start from: 24301 24  D Azimuth:1186
2015-07-21 02:55:38 INFO  AzimuthAmbiguity:166 - 
Search Window start from: 17354 24  D Azimuth:486
2015-07-21 02:55:38 INFO  AzimuthAmbiguity:166 - 
Search Window start from: 17354 24  D Azimuth:972
2015-07-21 02:55:38 INFO  AzimuthAmbiguity:166 - 
Search Window start from: 24947 24  D Azimuth:596
2015-07-21 02:55:38 INFO  AzimuthAmbiguity:166 - 
Search Window start from: 24947 24  D Azimuth:1192
2015-07-21 02:55:38 INFO  AzimuthAmbiguity:166 - 
Search Window start from: 23594 24  D Azimuth:590
2015-07-21 02:55:38 INFO  AzimuthAmbiguity:166 - 
Search Window start from: 23594 24  D Azimuth:1180
2015-07-21 02:55:38 INFO  AzimuthAmbiguity:166 - 
Search Window start from: 17251 24  D Azimuth:485
2015-07-21 02:55:38 INFO  AzimuthAmbiguity:166 - 
Search Window start from: 17251 24  D Azimuth:970
2015-07-21 02:55:38 INFO  AzimuthAmbiguity:166 - 
Search Window start from: 17377 24  D Azimuth:486
2015-07-21 02:55:38 INFO  AzimuthAmbiguity:166 - 
Search Window start from: 17377 24  D Azimuth:972
2015-07-21 02:55:38 INFO  AzimuthAmbiguity:166 - 
Search Window start from: 17118 24  D Azimuth:485
2015-07-21 02:55:38 INFO  AzimuthAmbiguity:166 - 
Search Window start from: 17118 24  D Azimuth:970
2015-07-21 02:55:38 INFO  AzimuthAmbiguity:166 - 
Search Window start from: 17370 24  D Azimuth:486
2015-07-21 02:55:38 INFO  AzimuthAmbiguity:166 - 
Search Window start from: 17370 24  D Azimuth:972
2015-07-21 02:55:38 INFO  AzimuthAmbiguity:166 - 
Search Window start from: 25150 24  D Azimuth:597
2015-07-21 02:55:38 INFO  AzimuthAmbiguity:166 - 
Search Window start from: 25150 24  D Azimuth:1194
2015-07-21 02:55:38 INFO  AzimuthAmbiguity:166 - 
Search Window start from: 25221 24  D Azimuth:597
2015-07-21 02:55:38 INFO  AzimuthAmbiguity:166 - 
Search Window start from: 25221 24  D Azimuth:1194
2015-07-21 02:55:38 INFO  AzimuthAmbiguity:166 - 
Search Window start from: 24714 24  D Azimuth:595
2015-07-21 02:55:38 INFO  AzimuthAmbiguity:166 - 
Search Window start from: 24714 24  D Azimuth:1190
2015-07-21 03:02:28 INFO  GeoImageReaderFactory:118 - Successfully reading {0} as {1}...
2015-07-21 03:03:48 INFO  DetectedPixels:369 - Aggregating pixel Num:100  x:17390   y:7498
2015-07-21 03:03:48 INFO  DetectedPixels:369 - Aggregating pixel Num:200  x:11485   y:2596
2015-07-21 03:03:48 INFO  DetectedPixels:369 - Aggregating pixel Num:300  x:21001   y:1710
2015-07-21 03:03:48 INFO  DetectedPixels:369 - Aggregating pixel Num:400  x:24960   y:5507
2015-07-21 03:03:48 INFO  DetectedPixels:369 - Aggregating pixel Num:500  x:21002   y:1709
2015-07-21 03:03:48 INFO  DetectedPixels:369 - Aggregating pixel Num:600  x:18723   y:3452
2015-07-21 03:03:48 INFO  DetectedPixels:369 - Aggregating pixel Num:700  x:23800   y:2713
2015-07-21 03:03:48 INFO  DetectedPixels:369 - Aggregating pixel Num:800  x:23801   y:2711
2015-07-21 03:03:48 INFO  DetectedPixels:369 - Aggregating pixel Num:900  x:25235   y:8796
2015-07-21 03:03:48 INFO  DetectedPixels:369 - Aggregating pixel Num:1000  x:22231   y:3912
2015-07-21 03:03:48 INFO  DetectedPixels:369 - Aggregating pixel Num:1100  x:24317   y:4321
2015-07-21 03:03:48 INFO  DetectedPixels:369 - Aggregating pixel Num:1200  x:11481   y:2594
2015-07-21 03:03:48 INFO  DetectedPixels:369 - Aggregating pixel Num:1300  x:24368   y:2362
2015-07-21 03:03:48 INFO  DetectedPixels:369 - Aggregating pixel Num:1400  x:17393   y:7496
2015-07-21 03:03:48 INFO  DetectedPixels:369 - Aggregating pixel Num:1500  x:20996   y:1708
2015-07-21 03:03:48 INFO  AzimuthAmbiguity:166 - 
Search Window start from: 7232 24  D Azimuth:536
2015-07-21 03:03:48 INFO  AzimuthAmbiguity:166 - 
Search Window start from: 7232 24  D Azimuth:1072
2015-07-21 03:03:48 INFO  AzimuthAmbiguity:166 - 
Search Window start from: 20981 24  D Azimuth:579
2015-07-21 03:03:48 INFO  AzimuthAmbiguity:166 - 
Search Window start from: 20981 24  D Azimuth:1158
2015-07-21 03:03:48 INFO  AzimuthAmbiguity:166 - 
Search Window start from: 24351 24  D Azimuth:593
2015-07-21 03:03:48 INFO  AzimuthAmbiguity:166 - 
Search Window start from: 24351 24  D Azimuth:1186
2015-07-21 03:03:48 INFO  AzimuthAmbiguity:166 - 
Search Window start from: 24985 24  D Azimuth:596
2015-07-21 03:03:48 INFO  AzimuthAmbiguity:166 - 
Search Window start from: 24985 24  D Azimuth:1192
2015-07-21 03:03:48 INFO  AzimuthAmbiguity:166 - 
Search Window start from: 11548 24  D Azimuth:466
2015-07-21 03:03:48 INFO  AzimuthAmbiguity:166 - 
Search Window start from: 11548 24  D Azimuth:932
2015-07-21 03:03:48 INFO  AzimuthAmbiguity:166 - 
Search Window start from: 14740 24  D Azimuth:477
2015-07-21 03:03:48 INFO  AzimuthAmbiguity:166 - 
Search Window start from: 14740 24  D Azimuth:954
2015-07-21 03:03:48 INFO  AzimuthAmbiguity:166 - 
Search Window start from: 13160 24  D Azimuth:472
2015-07-21 03:03:48 INFO  AzimuthAmbiguity:166 - 
Search Window start from: 13160 24  D Azimuth:944
2015-07-21 03:03:48 INFO  AzimuthAmbiguity:166 - 
Search Window start from: 15543 24  D Azimuth:480
2015-07-21 03:03:48 INFO  AzimuthAmbiguity:166 - 
Search Window start from: 15543 24  D Azimuth:960
2015-07-21 03:03:49 INFO  AzimuthAmbiguity:166 - 
Search Window start from: 23793 24  D Azimuth:591
2015-07-21 03:03:49 INFO  AzimuthAmbiguity:166 - 
Search Window start from: 23793 24  D Azimuth:1182
2015-07-21 03:03:49 INFO  AzimuthAmbiguity:166 - 
Search Window start from: 11472 24  D Azimuth:466
2015-07-21 03:03:49 INFO  AzimuthAmbiguity:166 - 
Search Window start from: 11472 24  D Azimuth:932
2015-07-21 03:03:49 INFO  AzimuthAmbiguity:166 - 
Search Window start from: 18718 24  D Azimuth:570
2015-07-21 03:03:49 INFO  AzimuthAmbiguity:166 - 
Search Window start from: 18718 24  D Azimuth:1140
2015-07-21 03:03:49 INFO  AzimuthAmbiguity:166 - 
Search Window start from: 17033 24  D Azimuth:485
2015-07-21 03:03:49 INFO  AzimuthAmbiguity:166 - 
Search Window start from: 17033 24  D Azimuth:970
2015-07-21 03:03:49 INFO  AzimuthAmbiguity:166 - 
Search Window start from: 22220 24  D Azimuth:584
2015-07-21 03:03:49 INFO  AzimuthAmbiguity:166 - 
Search Window start from: 22220 24  D Azimuth:1168
2015-07-21 03:03:49 INFO  AzimuthAmbiguity:166 - 
Search Window start from: 19149 24  D Azimuth:572
2015-07-21 03:03:49 INFO  AzimuthAmbiguity:166 - 
Search Window start from: 19149 24  D Azimuth:1144
2015-07-21 03:03:49 INFO  AzimuthAmbiguity:166 - 
Search Window start from: 20750 24  D Azimuth:578
2015-07-21 03:03:49 INFO  AzimuthAmbiguity:166 - 
Search Window start from: 20750 24  D Azimuth:1156
2015-07-21 03:03:49 INFO  AzimuthAmbiguity:166 - 
Search Window start from: 24301 24  D Azimuth:593
2015-07-21 03:03:49 INFO  AzimuthAmbiguity:166 - 
Search Window start from: 24301 24  D Azimuth:1186
2015-07-21 03:03:49 INFO  AzimuthAmbiguity:166 - 
Search Window start from: 17354 24  D Azimuth:486
2015-07-21 03:03:49 INFO  AzimuthAmbiguity:166 - 
Search Window start from: 17354 24  D Azimuth:972
2015-07-21 03:03:49 INFO  AzimuthAmbiguity:166 - 
Search Window start from: 24947 24  D Azimuth:596
2015-07-21 03:03:49 INFO  AzimuthAmbiguity:166 - 
Search Window start from: 24947 24  D Azimuth:1192
2015-07-21 03:03:49 INFO  AzimuthAmbiguity:166 - 
Search Window start from: 23594 24  D Azimuth:590
2015-07-21 03:03:49 INFO  AzimuthAmbiguity:166 - 
Search Window start from: 23594 24  D Azimuth:1180
2015-07-21 03:03:49 INFO  AzimuthAmbiguity:166 - 
Search Window start from: 17251 24  D Azimuth:485
2015-07-21 03:03:49 INFO  AzimuthAmbiguity:166 - 
Search Window start from: 17251 24  D Azimuth:970
2015-07-21 03:03:49 INFO  AzimuthAmbiguity:166 - 
Search Window start from: 17377 24  D Azimuth:486
2015-07-21 03:03:49 INFO  AzimuthAmbiguity:166 - 
Search Window start from: 17377 24  D Azimuth:972
2015-07-21 03:03:49 INFO  AzimuthAmbiguity:166 - 
Search Window start from: 17118 24  D Azimuth:485
2015-07-21 03:03:49 INFO  AzimuthAmbiguity:166 - 
Search Window start from: 17118 24  D Azimuth:970
2015-07-21 03:03:49 INFO  AzimuthAmbiguity:166 - 
Search Window start from: 17370 24  D Azimuth:486
2015-07-21 03:03:49 INFO  AzimuthAmbiguity:166 - 
Search Window start from: 17370 24  D Azimuth:972
2015-07-21 03:03:49 INFO  AzimuthAmbiguity:166 - 
Search Window start from: 25221 24  D Azimuth:597
2015-07-21 03:03:49 INFO  AzimuthAmbiguity:166 - 
Search Window start from: 25221 24  D Azimuth:1194
2015-07-21 03:03:49 INFO  AzimuthAmbiguity:166 - 
Search Window start from: 24714 24  D Azimuth:595
2015-07-21 03:03:49 INFO  AzimuthAmbiguity:166 - 
Search Window start from: 24714 24  D Azimuth:1190
2015-07-21 03:03:49 INFO  AzimuthAmbiguity:166 - 
Search Window start from: 25150 24  D Azimuth:597
2015-07-21 03:03:49 INFO  AzimuthAmbiguity:166 - 
Search Window start from: 25150 24  D Azimuth:1194
2015-07-21 03:11:38 INFO  GeoImageReaderFactory:118 - Successfully reading {0} as {1}...
2015-07-21 03:31:51 INFO  GeoImageReaderFactory:118 - Successfully reading {0} as {1}...
