2016-02-23 14:59:40,871 ERROR o.g.f.GeoImageReaderFactory [Thread-21] Error reading:
java.lang.NullPointerException
	at org.geoimage.factory.GeoImageReaderFactory.createReaderForName(GeoImageReaderFactory.java:110) ~[classes/:?]
	at org.geoimage.viewer.actions.AddImageConsoleAction.addImage(AddImageConsoleAction.java:142) ~[classes/:?]
	at org.geoimage.viewer.actions.AddImageConsoleAction.execute(AddImageConsoleAction.java:76) ~[classes/:?]
	at org.geoimage.viewer.core.GeoImageViewerView.lambda$0(GeoImageViewerView.java:682) ~[classes/:?]
	at java.lang.Thread.run(Thread.java:745) [?:1.8.0_65]
2016-02-23 14:59:47,531 ERROR o.g.f.GeoImageReaderFactory [Thread-22] Error reading:
java.lang.NullPointerException
	at org.geoimage.factory.GeoImageReaderFactory.createReaderForName(GeoImageReaderFactory.java:110) ~[classes/:?]
	at org.geoimage.viewer.actions.AddImageConsoleAction.addImage(AddImageConsoleAction.java:142) ~[classes/:?]
	at org.geoimage.viewer.actions.AddImageConsoleAction.execute(AddImageConsoleAction.java:76) ~[classes/:?]
	at org.geoimage.viewer.core.GeoImageViewerView.lambda$0(GeoImageViewerView.java:682) ~[classes/:?]
	at java.lang.Thread.run(Thread.java:745) [?:1.8.0_65]
2016-02-23 15:02:16,652 ERROR o.g.f.GeoImageReaderFactory [Thread-21] Error reading:
java.lang.NullPointerException
	at org.geoimage.factory.GeoImageReaderFactory.createReaderForName(GeoImageReaderFactory.java:110) ~[classes/:?]
	at org.geoimage.viewer.actions.AddImageConsoleAction.addImage(AddImageConsoleAction.java:142) ~[classes/:?]
	at org.geoimage.viewer.actions.AddImageConsoleAction.execute(AddImageConsoleAction.java:76) ~[classes/:?]
	at org.geoimage.viewer.core.GeoImageViewerView.lambda$0(GeoImageViewerView.java:682) ~[classes/:?]
	at java.lang.Thread.run(Thread.java:745) [?:1.8.0_65]
2016-02-23 15:02:31,968 ERROR o.g.f.GeoImageReaderFactory [Thread-22] Error reading:
java.lang.NullPointerException
	at org.geoimage.factory.GeoImageReaderFactory.createReaderForName(GeoImageReaderFactory.java:110) ~[classes/:?]
	at org.geoimage.viewer.actions.AddImageConsoleAction.addImage(AddImageConsoleAction.java:142) ~[classes/:?]
	at org.geoimage.viewer.actions.AddImageConsoleAction.execute(AddImageConsoleAction.java:76) ~[classes/:?]
	at org.geoimage.viewer.core.GeoImageViewerView.lambda$0(GeoImageViewerView.java:682) ~[classes/:?]
	at java.lang.Thread.run(Thread.java:745) [?:1.8.0_65]
