2015-08-28 23:38:53 DEBUG H4File:162 - show all is off
2015-08-28 23:38:53 INFO  H5:340 - HDF5 library: jhdf5
2015-08-28 23:38:53 DEBUG H5:341 -  resolved to: jhdf5.dll; 
2015-08-28 23:38:53 INFO  H5:342 -  NOT successfully loaded from java.library.path
2015-08-28 23:38:53 DEBUG FileFormat:237 - FILE_TYPE_HDF5 instance failure: 
java.lang.UnsatisfiedLinkError: ncsa.hdf.hdf5lib.H5.H5dont_atexit()I
	at ncsa.hdf.hdf5lib.H5.H5dont_atexit(Native Method)
	at ncsa.hdf.hdf5lib.H5.loadH5Lib(H5.java:349)
	at ncsa.hdf.hdf5lib.H5.<clinit>(H5.java:270)
	at ncsa.hdf.hdf5lib.HDF5Constants.<clinit>(HDF5Constants.java:28)
	at ncsa.hdf.object.h5.H5File.<init>(H5File.java:98)
	at ncsa.hdf.object.h5.H5File.<init>(H5File.java:129)
	at sun.reflect.NativeConstructorAccessorImpl.newInstance0(Native Method)
	at sun.reflect.NativeConstructorAccessorImpl.newInstance(NativeConstructorAccessorImpl.java:57)
	at sun.reflect.DelegatingConstructorAccessorImpl.newInstance(DelegatingConstructorAccessorImpl.java:45)
	at java.lang.reflect.Constructor.newInstance(Constructor.java:526)
	at java.lang.Class.newInstance(Class.java:379)
	at ncsa.hdf.object.FileFormat.<clinit>(FileFormat.java:231)
	at org.geoimage.factory.GeoImageReaderFactory.createReaderForName(GeoImageReaderFactory.java:78)
	at org.geoimage.impl.cosmo.CosmoSkymedImageTest.setUp(CosmoSkymedImageTest.java:48)
	at junit.framework.TestCase.runBare(TestCase.java:139)
	at junit.framework.TestResult$1.protect(TestResult.java:122)
	at junit.framework.TestResult.runProtected(TestResult.java:142)
	at junit.framework.TestResult.run(TestResult.java:125)
	at junit.framework.TestCase.run(TestCase.java:129)
	at junit.framework.TestSuite.runTest(TestSuite.java:252)
	at junit.framework.TestSuite.run(TestSuite.java:247)
	at org.junit.internal.runners.JUnit38ClassRunner.run(JUnit38ClassRunner.java:86)
	at org.eclipse.jdt.internal.junit4.runner.JUnit4TestReference.run(JUnit4TestReference.java:86)
	at org.eclipse.jdt.internal.junit.runner.TestExecution.run(TestExecution.java:38)
	at org.eclipse.jdt.internal.junit.runner.RemoteTestRunner.runTests(RemoteTestRunner.java:459)
	at org.eclipse.jdt.internal.junit.runner.RemoteTestRunner.runTests(RemoteTestRunner.java:675)
	at org.eclipse.jdt.internal.junit.runner.RemoteTestRunner.run(RemoteTestRunner.java:382)
	at org.eclipse.jdt.internal.junit.runner.RemoteTestRunner.main(RemoteTestRunner.java:192)
