2015-08-30 02:10:30 ERROR GeoImageReaderFactory:151 - Error reading:"H:\sat\geocoding img with problems\S1A_EW_GRDM_1SDH_20150105T060017_20150105T060121_004032_004DC8_BE6F.SAFE\"
javax.xml.bind.UnmarshalException
 - with linked exception:
[Exception [EclipseLink-25004] (Eclipse Persistence Services - 2.3.2.v20111125-r10461): org.eclipse.persistence.exceptions.XMLMarshalException
Exception Description: An error occurred unmarshalling the document
Internal Exception: java.net.MalformedURLException: unknown protocol: h]
	at org.eclipse.persistence.jaxb.JAXBUnmarshaller.handleXMLMarshalException(JAXBUnmarshaller.java:827)
	at org.eclipse.persistence.jaxb.JAXBUnmarshaller.unmarshal(JAXBUnmarshaller.java:296)
	at jrc.it.xml.wrapper.SumoJaxbSafeReader.init(SumoJaxbSafeReader.java:72)
	at jrc.it.xml.wrapper.SumoJaxbSafeReader.<init>(SumoJaxbSafeReader.java:62)
	at org.geoimage.factory.GeoImageReaderFactory.createReaderForName(GeoImageReaderFactory.java:100)
	at org.geoimage.impl.s1.Sentinel1GRDTest.setUpBeforeClass(Sentinel1GRDTest.java:18)
	at sun.reflect.NativeMethodAccessorImpl.invoke0(Native Method)
	at sun.reflect.NativeMethodAccessorImpl.invoke(NativeMethodAccessorImpl.java:57)
	at sun.reflect.DelegatingMethodAccessorImpl.invoke(DelegatingMethodAccessorImpl.java:43)
	at java.lang.reflect.Method.invoke(Method.java:606)
	at org.junit.runners.model.FrameworkMethod$1.runReflectiveCall(FrameworkMethod.java:50)
	at org.junit.internal.runners.model.ReflectiveCallable.run(ReflectiveCallable.java:12)
	at org.junit.runners.model.FrameworkMethod.invokeExplosively(FrameworkMethod.java:47)
	at org.junit.internal.runners.statements.RunBefores.evaluate(RunBefores.java:24)
	at org.junit.internal.runners.statements.RunAfters.evaluate(RunAfters.java:27)
	at org.junit.runners.ParentRunner.run(ParentRunner.java:363)
	at org.eclipse.jdt.internal.junit4.runner.JUnit4TestReference.run(JUnit4TestReference.java:86)
	at org.eclipse.jdt.internal.junit.runner.TestExecution.run(TestExecution.java:38)
	at org.eclipse.jdt.internal.junit.runner.RemoteTestRunner.runTests(RemoteTestRunner.java:459)
	at org.eclipse.jdt.internal.junit.runner.RemoteTestRunner.runTests(RemoteTestRunner.java:675)
	at org.eclipse.jdt.internal.junit.runner.RemoteTestRunner.run(RemoteTestRunner.java:382)
	at org.eclipse.jdt.internal.junit.runner.RemoteTestRunner.main(RemoteTestRunner.java:192)
Caused by: Exception [EclipseLink-25004] (Eclipse Persistence Services - 2.3.2.v20111125-r10461): org.eclipse.persistence.exceptions.XMLMarshalException
Exception Description: An error occurred unmarshalling the document
Internal Exception: java.net.MalformedURLException: unknown protocol: h
	at org.eclipse.persistence.exceptions.XMLMarshalException.unmarshalException(XMLMarshalException.java:95)
	at org.eclipse.persistence.internal.oxm.record.SAXUnmarshaller.unmarshal(SAXUnmarshaller.java:718)
	at org.eclipse.persistence.internal.oxm.record.SAXUnmarshaller.unmarshal(SAXUnmarshaller.java:598)
	at org.eclipse.persistence.oxm.XMLUnmarshaller.unmarshal(XMLUnmarshaller.java:594)
	at org.eclipse.persistence.jaxb.JAXBUnmarshaller.unmarshal(JAXBUnmarshaller.java:294)
	... 20 more
Caused by: java.net.MalformedURLException: unknown protocol: h
	at java.net.URL.<init>(URL.java:592)
	at java.net.URL.<init>(URL.java:482)
	at java.net.URL.<init>(URL.java:431)
	at com.sun.org.apache.xerces.internal.impl.XMLEntityManager.setupCurrentEntity(XMLEntityManager.java:616)
	at com.sun.org.apache.xerces.internal.impl.XMLVersionDetector.determineDocVersion(XMLVersionDetector.java:189)
	at com.sun.org.apache.xerces.internal.parsers.XML11Configuration.parse(XML11Configuration.java:812)
	at com.sun.org.apache.xerces.internal.parsers.XML11Configuration.parse(XML11Configuration.java:777)
	at com.sun.org.apache.xerces.internal.parsers.XMLParser.parse(XMLParser.java:141)
	at com.sun.org.apache.xerces.internal.parsers.AbstractSAXParser.parse(AbstractSAXParser.java:1140)
	at com.sun.org.apache.xerces.internal.jaxp.SAXParserImpl$JAXPSAXParser.parse(SAXParserImpl.java:660)
	at org.eclipse.persistence.internal.oxm.record.XMLReader.parse(XMLReader.java:171)
	at org.eclipse.persistence.internal.oxm.record.SAXUnmarshaller.unmarshal(SAXUnmarshaller.java:716)
	... 23 more
