2016-03-04 01:46:49,381 ERROR o.g.f.GeoImageReaderFactory [AWT-EventQueue-0] Error reading:H:\sat\new s1 problem with geoloc\S1A_IW_GRDH_1SSV_20151129T081958_20151129T082027_008817_00C94D_93C4.SAFE\S1A_IW_GRDH_1SSV_20151129T081958_20151129T082027_008817_00C94D_93C4.SAFE-report-20151129T143717.pdf
javax.xml.bind.UnmarshalException
	at org.eclipse.persistence.jaxb.JAXBUnmarshaller.handleXMLMarshalException(JAXBUnmarshaller.java:980) ~[eclipselink-2.5.2.jar:2.5.2.v20140319-9ad6abd]
	at org.eclipse.persistence.jaxb.JAXBUnmarshaller.unmarshal(JAXBUnmarshaller.java:303) ~[eclipselink-2.5.2.jar:2.5.2.v20140319-9ad6abd]
	at jrc.it.xml.wrapper.SumoJaxbSafeReader.init(SumoJaxbSafeReader.java:72) ~[classes/:?]
	at jrc.it.xml.wrapper.SumoJaxbSafeReader.<init>(SumoJaxbSafeReader.java:62) ~[classes/:?]
	at org.geoimage.impl.s1.Sentinel1Factory.instanceS1Reader(Sentinel1Factory.java:26) ~[classes/:?]
	at org.geoimage.factory.GeoImageReaderFactory.createReaderForName(GeoImageReaderFactory.java:111) [classes/:?]
	at org.geoimage.viewer.actions.AddImageConsoleAction.addImage(AddImageConsoleAction.java:139) [classes/:?]
	at org.geoimage.viewer.actions.AddImageConsoleAction.execute(AddImageConsoleAction.java:73) [classes/:?]
	at org.geoimage.viewer.actions.SumoAbstractAction.actionPerformed(SumoAbstractAction.java:81) [classes/:?]
	at javax.swing.AbstractButton.fireActionPerformed(AbstractButton.java:2022) [?:1.8.0_45]
	at javax.swing.AbstractButton$Handler.actionPerformed(AbstractButton.java:2346) [?:1.8.0_45]
	at javax.swing.DefaultButtonModel.fireActionPerformed(DefaultButtonModel.java:402) [?:1.8.0_45]
	at javax.swing.DefaultButtonModel.setPressed(DefaultButtonModel.java:259) [?:1.8.0_45]
	at javax.swing.AbstractButton.doClick(AbstractButton.java:376) [?:1.8.0_45]
	at javax.swing.plaf.basic.BasicMenuItemUI.doClick(BasicMenuItemUI.java:833) [?:1.8.0_45]
	at javax.swing.plaf.basic.BasicMenuItemUI$Handler.mouseReleased(BasicMenuItemUI.java:877) [?:1.8.0_45]
	at java.awt.Component.processMouseEvent(Component.java:6525) [?:1.8.0_45]
	at javax.swing.JComponent.processMouseEvent(JComponent.java:3324) [?:1.8.0_45]
	at java.awt.Component.processEvent(Component.java:6290) [?:1.8.0_45]
	at java.awt.Container.processEvent(Container.java:2234) [?:1.8.0_45]
	at java.awt.Component.dispatchEventImpl(Component.java:4881) [?:1.8.0_45]
	at java.awt.Container.dispatchEventImpl(Container.java:2292) [?:1.8.0_45]
	at java.awt.Component.dispatchEvent(Component.java:4703) [?:1.8.0_45]
	at java.awt.LightweightDispatcher.retargetMouseEvent(Container.java:4898) [?:1.8.0_45]
	at java.awt.LightweightDispatcher.processMouseEvent(Container.java:4533) [?:1.8.0_45]
	at java.awt.LightweightDispatcher.dispatchEvent(Container.java:4462) [?:1.8.0_45]
	at java.awt.Container.dispatchEventImpl(Container.java:2278) [?:1.8.0_45]
	at java.awt.Window.dispatchEventImpl(Window.java:2750) [?:1.8.0_45]
	at java.awt.Component.dispatchEvent(Component.java:4703) [?:1.8.0_45]
	at java.awt.EventQueue.dispatchEventImpl(EventQueue.java:758) [?:1.8.0_45]
	at java.awt.EventQueue.access$500(EventQueue.java:97) [?:1.8.0_45]
	at java.awt.EventQueue$3.run(EventQueue.java:709) [?:1.8.0_45]
	at java.awt.EventQueue$3.run(EventQueue.java:703) [?:1.8.0_45]
	at java.security.AccessController.doPrivileged(Native Method) ~[?:1.8.0_45]
	at java.security.ProtectionDomain$1.doIntersectionPrivilege(ProtectionDomain.java:75) [?:1.8.0_45]
	at java.security.ProtectionDomain$1.doIntersectionPrivilege(ProtectionDomain.java:86) [?:1.8.0_45]
	at java.awt.EventQueue$4.run(EventQueue.java:731) [?:1.8.0_45]
	at java.awt.EventQueue$4.run(EventQueue.java:729) [?:1.8.0_45]
	at java.security.AccessController.doPrivileged(Native Method) ~[?:1.8.0_45]
	at java.security.ProtectionDomain$1.doIntersectionPrivilege(ProtectionDomain.java:75) [?:1.8.0_45]
	at java.awt.EventQueue.dispatchEvent(EventQueue.java:728) [?:1.8.0_45]
	at java.awt.EventDispatchThread.pumpOneEventForFilters(EventDispatchThread.java:201) [?:1.8.0_45]
	at java.awt.EventDispatchThread.pumpEventsForFilter(EventDispatchThread.java:116) [?:1.8.0_45]
	at java.awt.EventDispatchThread.pumpEventsForHierarchy(EventDispatchThread.java:105) [?:1.8.0_45]
	at java.awt.EventDispatchThread.pumpEvents(EventDispatchThread.java:101) [?:1.8.0_45]
	at java.awt.EventDispatchThread.pumpEvents(EventDispatchThread.java:93) [?:1.8.0_45]
	at java.awt.EventDispatchThread.run(EventDispatchThread.java:82) [?:1.8.0_45]
Caused by: org.eclipse.persistence.exceptions.XMLMarshalException: 
Exception Description: An error occurred unmarshalling the document
Internal Exception: org.xml.sax.SAXParseException; systemId: file:///H:/sat/new%20s1%20problem%20with%20geoloc/S1A_IW_GRDH_1SSV_20151129T081958_20151129T082027_008817_00C94D_93C4.SAFE/S1A_IW_GRDH_1SSV_20151129T081958_20151129T082027_008817_00C94D_93C4.SAFE-report-20151129T143717.pdf; lineNumber: 1; columnNumber: 1; Il contenuto non è consentito nel prologo.
	at org.eclipse.persistence.exceptions.XMLMarshalException.unmarshalException(XMLMarshalException.java:114) ~[eclipselink-2.5.2.jar:2.5.2.v20140319-9ad6abd]
	at org.eclipse.persistence.internal.oxm.record.SAXUnmarshaller.convertSAXException(SAXUnmarshaller.java:999) ~[eclipselink-2.5.2.jar:2.5.2.v20140319-9ad6abd]
	at org.eclipse.persistence.internal.oxm.record.SAXUnmarshaller.unmarshal(SAXUnmarshaller.java:861) ~[eclipselink-2.5.2.jar:2.5.2.v20140319-9ad6abd]
	at org.eclipse.persistence.internal.oxm.record.SAXUnmarshaller.unmarshal(SAXUnmarshaller.java:707) ~[eclipselink-2.5.2.jar:2.5.2.v20140319-9ad6abd]
	at org.eclipse.persistence.oxm.XMLUnmarshaller.unmarshal(XMLUnmarshaller.java:655) ~[eclipselink-2.5.2.jar:2.5.2.v20140319-9ad6abd]
	at org.eclipse.persistence.jaxb.JAXBUnmarshaller.unmarshal(JAXBUnmarshaller.java:301) ~[eclipselink-2.5.2.jar:2.5.2.v20140319-9ad6abd]
	... 45 more
Caused by: org.xml.sax.SAXParseException: Il contenuto non è consentito nel prologo.
	at com.sun.org.apache.xerces.internal.util.ErrorHandlerWrapper.createSAXParseException(ErrorHandlerWrapper.java:203) ~[?:1.8.0_45]
	at com.sun.org.apache.xerces.internal.util.ErrorHandlerWrapper.fatalError(ErrorHandlerWrapper.java:177) ~[?:1.8.0_45]
	at com.sun.org.apache.xerces.internal.impl.XMLErrorReporter.reportError(XMLErrorReporter.java:441) ~[?:1.8.0_45]
	at com.sun.org.apache.xerces.internal.impl.XMLErrorReporter.reportError(XMLErrorReporter.java:368) ~[?:1.8.0_45]
	at com.sun.org.apache.xerces.internal.impl.XMLScanner.reportFatalError(XMLScanner.java:1436) ~[?:1.8.0_45]
	at com.sun.org.apache.xerces.internal.impl.XMLDocumentScannerImpl$PrologDriver.next(XMLDocumentScannerImpl.java:999) ~[?:1.8.0_45]
	at com.sun.org.apache.xerces.internal.impl.XMLDocumentScannerImpl.next(XMLDocumentScannerImpl.java:606) ~[?:1.8.0_45]
	at com.sun.org.apache.xerces.internal.impl.XMLNSDocumentScannerImpl.next(XMLNSDocumentScannerImpl.java:117) ~[?:1.8.0_45]
	at com.sun.org.apache.xerces.internal.impl.XMLDocumentFragmentScannerImpl.scanDocument(XMLDocumentFragmentScannerImpl.java:510) ~[?:1.8.0_45]
	at com.sun.org.apache.xerces.internal.parsers.XML11Configuration.parse(XML11Configuration.java:848) ~[?:1.8.0_45]
	at com.sun.org.apache.xerces.internal.parsers.XML11Configuration.parse(XML11Configuration.java:777) ~[?:1.8.0_45]
	at com.sun.org.apache.xerces.internal.parsers.XMLParser.parse(XMLParser.java:141) ~[?:1.8.0_45]
	at com.sun.org.apache.xerces.internal.parsers.AbstractSAXParser.parse(AbstractSAXParser.java:1140) ~[?:1.8.0_45]
	at com.sun.org.apache.xerces.internal.jaxp.SAXParserImpl$JAXPSAXParser.parse(SAXParserImpl.java:661) ~[?:1.8.0_45]
	at org.eclipse.persistence.internal.oxm.record.XMLReader.parse(XMLReader.java:237) ~[eclipselink-2.5.2.jar:2.5.2.v20140319-9ad6abd]
	at org.eclipse.persistence.internal.oxm.record.SAXUnmarshaller.unmarshal(SAXUnmarshaller.java:857) ~[eclipselink-2.5.2.jar:2.5.2.v20140319-9ad6abd]
	at org.eclipse.persistence.internal.oxm.record.SAXUnmarshaller.unmarshal(SAXUnmarshaller.java:707) ~[eclipselink-2.5.2.jar:2.5.2.v20140319-9ad6abd]
	at org.eclipse.persistence.oxm.XMLUnmarshaller.unmarshal(XMLUnmarshaller.java:655) ~[eclipselink-2.5.2.jar:2.5.2.v20140319-9ad6abd]
	at org.eclipse.persistence.jaxb.JAXBUnmarshaller.unmarshal(JAXBUnmarshaller.java:301) ~[eclipselink-2.5.2.jar:2.5.2.v20140319-9ad6abd]
	... 45 more
